=~=~=~=~=~=~=~=~=~=~=~= PuTTY log 2024.06.05 13:50:21 =~=~=~=~=~=~=~=~=~=~=~=
Follower Boot Complete
Waiting for start command...
1, 5744, 330.00
2, 5948, 336.00
3, 6152, 335.00
4, 6356, 329.00
5, 6560, 335.00
6, 6764, 335.00
7, 6969, 329.00
8, 7173, 335.00
9, 7377, 329.00
10, 7581, 335.00
11, 7786, 329.00
12, 7990, 335.00
13, 8195, 335.00
14, 8398, 335.00
15, 8602, 335.00
16, 8807, 335.00
17, 9011, 362.00
18, 9216, 329.00
19, 9419, 335.00
20, 9624, 329.00
21, 9828, 335.00
22, 10033, 329.00
23, 10236, 335.00
24, 10441, 380.00
25, 10645, 335.00
26, 10850, 329.00
27, 11054, 335.00
28, 11258, 335.00
29, 11462, 335.00
30, 11667, 359.00
31, 11871, 335.00
32, 12076, 335.00
33, 12279, 335.00
34, 12483, 335.00
35, 12688, 329.00
36, 12892, 335.00
37, 13096, 329.00
38, 13300, 335.00
39, 13505, 353.00
40, 13709, 335.00
41, 13914, 329.00
42, 14117, 335.00
43, 14322, 380.00
44, 14526, 335.00
45, 14731, 380.00
46, 14935, 335.00
47, 15139, 329.00
48, 15343, 335.00
49, 15548, 380.00
50, 15752, 335.00
51, 15956, 356.00
52, 16160, 335.00
53, 16365, 329.00
54, 16569, 335.00
55, 16774, 329.00
56, 16977, 335.00
57, 17182, 329.00
58, 17386, 335.00
59, 17591, 329.00
60, 17795, 386.00
61, 17999, 329.00
62, 18203, 335.00
63, 18408, 329.00
64, 18612, 335.00
65, 18817, 329.00
66, 19020, 335.00
67, 19225, 329.00
68, 19429, 335.00
69, 19634, 329.00
70, 19837, 335.00
71, 20042, 329.00
72, 20246, 335.00
73, 20451, 329.00
74, 20655, 335.00
75, 20859, 329.00
76, 21063, 335.00
77, 21268, 329.00
78, 21472, 335.00
79, 21677, 329.00
80, 21880, 335.00
81, 22085, 329.00
82, 22289, 359.00
83, 22494, 335.00
84, 22699, 362.00
85, 22902, 335.00
86, 23107, 362.00
87, 23311, 362.00
88, 23516, 356.00
89, 23719, 335.00
90, 23924, 329.00
91, 24128, 335.00
92, 24333, 353.00
93, 24537, 335.00
94, 24741, 329.00
95, 24945, 335.00
96, 25150, 356.00
97, 25354, 335.00
98, 25559, 329.00
99, 25762, 359.00
100, 25967, 329.00
101, 26172, 359.00
102, 26376, 359.00
103, 26580, 356.00
104, 26784, 335.00
105, 26989, 329.00
106, 27193, 335.00
107, 27398, 329.00
108, 27601, 335.00
109, 27806, 335.00
110, 28011, 335.00
111, 28215, 335.00
112, 28420, 335.00
113, 28623, 335.00
114, 28828, 329.00
115, 29032, 335.00
116, 29237, 329.00
117, 29441, 335.00
118, 29645, 329.00
119, 29849, 335.00
120, 30054, 335.00
121, 30259, 335.00
122, 30462, 335.00
123, 30667, 356.00
124, 30871, 238.00
125, 31076, 307.00
126, 31280, 238.00
127, 31483, 233.00
128, 31688, 202.00
129, 31892, 233.00
130, 32097, 272.00
131, 32301, 263.00
132, 32504, 284.00
133, 32709, 308.00
134, 32913, 308.00
135, 33118, 260.00
136, 33321, 283.00
137, 33526, 389.00
138, 33731, 305.00
139, 33935, 308.00
140, 34140, 387.00
141, 34343, 422.00
142, 34548, 398.00
143, 34753, 462.00
144, 34958, 404.00
145, 35162, 404.00
146, 35366, 398.00
147, 35571, 467.00
148, 35776, 468.00
149, 35980, 467.00
150, 36185, 461.00
151, 36389, 461.00
152, 36594, 468.00
153, 36799, 468.00
154, 37003, 468.00
155, 37208, 462.00
156, 37412, 398.00
157, 37617, 467.00
158, 37821, 467.00
159, 38026, 467.00
160, 38231, 461.00
161, 38435, 461.00
162, 38640, 467.00
163, 38845, 468.00
164, 39049, 468.00
165, 39254, 462.00
166, 39458, 462.00
167, 39663, 468.00
168, 39868, 467.00
169, 40072, 468.00
170, 40276, 459.00
171, 40481, 459.00
172, 40686, 465.00
173, 40891, 464.00
174, 41095, 464.00
175, 41299, 459.00
176, 41504, 459.00
177, 41709, 459.00
178, 41914, 465.00
179, 42118, 465.00
180, 42322, 459.00
181, 42527, 368.00
182, 42731, 308.00
183, 42936, 362.00
184, 43140, 326.00
185, 43344, 350.00
186, 43549, 420.00
187, 43753, 377.00
188, 43958, 443.00
189, 44163, 443.00
190, 44367, 450.00
191, 44571, 311.00
192, 44776, 254.00
193, 44980, 377.00
194, 45185, 211.00
195, 45388, 311.00
196, 45593, 329.00
197, 45797, 335.00
198, 46002, 329.00
199, 46205, 335.00
200, 46410, 329.00
201, 46614, 311.00
202, 46819, 329.00
203, 47819, 329.00
204, 48023, 311.00
205, 48228, 335.00
206, 48433, 335.00
207, 48636, 335.00
208, 48841, 329.00
209, 49045, 335.00
210, 49250, 329.00
211, 49454, 335.00
212, 49658, 329.00
213, 49862, 335.00
214, 50067, 305.00
215, 50271, 335.00
216, 50476, 311.00
217, 50680, 335.00
218, 50884, 311.00
219, 51089, 335.00
220, 51293, 335.00
221, 51497, 329.00
222, 51701, 335.00
223, 51906, 329.00
224, 52110, 335.00
225, 52315, 329.00
226, 52518, 335.00
227, 52723, 305.00
228, 52927, 335.00
229, 53132, 335.00
230, 53337, 335.00
231, 53540, 335.00
232, 53745, 329.00
233, 53949, 335.00
234, 54154, 305.00
235, 54358, 335.00
236, 54562, 329.00
237, 54766, 335.00
238, 54971, 329.00
239, 55175, 335.00
240, 55379, 335.00
241, 55584, 335.00
242, 55788, 335.00
243, 55993, 329.00
244, 56197, 335.00
245, 56401, 329.00
246, 56605, 335.00
247, 56810, 305.00
248, 57014, 312.00
249, 57219, 329.00
250, 57422, 311.00
251, 57627, 329.00
252, 57831, 335.00
253, 58036, 311.00
254, 58240, 311.00
255, 58444, 335.00
256, 58649, 335.00
257, 58853, 335.00
258, 59058, 329.00
259, 59261, 335.00
260, 59466, 329.00
261, 59670, 335.00
262, 59875, 329.00
263, 60079, 335.00
264, 60283, 329.00
265, 60487, 335.00
266, 60692, 335.00
267, 60897, 335.00
268, 61101, 335.00
269, 61305, 305.00
270, 61509, 335.00
271, 61714, 329.00
272, 61918, 335.00
273, 62123, 329.00
274, 62326, 335.00
275, 62531, 305.00
276, 62735, 335.00
277, 62940, 335.00
278, 63144, 335.00
279, 63348, 335.00
280, 63553, 332.00
281, 63757, 335.00
282, 63962, 329.00
283, 64165, 335.00
284, 64370, 329.00
285, 64574, 335.00
286, 64779, 333.00
287, 64984, 335.00
288, 65187, 335.00
289, 65392, 329.00
290, 65596, 335.00
291, 65801, 329.00
292, 66004, 335.00
293, 66209, 329.00
294, 66413, 335.00
295, 66618, 328.00
296, 66823, 362.00
297, 67026, 335.00
298, 67231, 334.00
299, 67435, 335.00
300, 67640, 329.00
301, 67844, 311.00
302, 68048, 305.00
303, 68252, 335.00
304, 68457, 329.00
305, 68661, 335.00
306, 68866, 335.00
307, 69070, 335.00
308, 69274, 311.00
309, 69479, 335.00
310, 69683, 335.00
311, 69888, 329.00
312, 70091, 335.00
313, 70296, 329.00
314, 70500, 335.00
315, 70705, 329.00
316, 70908, 335.00
317, 71113, 335.00
318, 71318, 335.00
319, 71522, 335.00
320, 71727, 329.00
321, 71930, 335.00
322, 72135, 305.00
323, 72339, 335.00
324, 72544, 305.00
325, 72748, 335.00
326, 72952, 305.00
327, 73156, 335.00
328, 73361, 311.00
329, 73566, 335.00
330, 73769, 335.00
331, 73974, 335.00
332, 74178, 335.00
333, 74383, 305.00
334, 74587, 335.00
335, 74791, 329.00
336, 74995, 335.00
337, 75200, 329.00
338, 75404, 311.00
339, 75609, 329.00
340, 75813, 335.00
341, 76017, 335.00
342, 76222, 335.00
343, 76426, 335.00
344, 76631, 329.00
345, 76834, 335.00
346, 77039, 329.00
347, 77243, 359.00
348, 77448, 335.00
349, 77652, 362.00
350, 77856, 335.00
351, 78061, 329.00
352, 78265, 335.00
353, 78470, 329.00
354, 78673, 335.00
355, 78878, 329.00
356, 79083, 335.00
357, 79287, 335.00
358, 79492, 335.00
359, 79695, 335.00
360, 79900, 329.00
361, 80104, 362.00
362, 80309, 329.00
363, 80513, 335.00
364, 80717, 329.00
365, 80922, 335.00
366, 81126, 335.00
367, 81331, 335.00
368, 81534, 335.00
369, 81739, 329.00
370, 81943, 335.00
371, 82148, 329.00
372, 82352, 335.00
373, 82556, 329.00
374, 82761, 335.00
375, 82965, 335.00
376, 83170, 335.00
377, 83374, 335.00
378, 83578, 329.00
379, 83782, 335.00
380, 83987, 329.00
381, 84191, 335.00
382, 84396, 329.00
383, 84599, 335.00
384, 84804, 335.00
385, 85009, 335.00
386, 85213, 335.00
387, 85417, 329.00
388, 85621, 335.00
389, 85826, 329.00
390, 86030, 335.00
391, 86235, 329.00
392, 86438, 335.00
393, 86643, 359.00
394, 86848, 335.00
395, 87052, 335.00
396, 87257, 329.00
397, 87460, 335.00
398, 87665, 329.00
399, 87869, 335.00
400, 88074, 329.00
401, 88279, 335.00
402, 88482, 335.00
403, 88687, 335.00
404, 88891, 335.00
405, 89096, 329.00
406, 89299, 334.00
407, 89504, 329.00
408, 89708, 335.00
409, 89913, 329.00
410, 90117, 335.00
411, 90321, 335.00
412, 90526, 335.00
413, 90730, 335.00
414, 90935, 329.00
415, 91139, 335.00
416, 91343, 329.00
417, 91547, 335.00
418, 91752, 329.00
419, 91956, 362.00
420, 92161, 335.00
421, 92365, 335.00
422, 92569, 335.00
423, 92774, 329.00
424, 92978, 335.00
425, 93182, 328.00
426, 93386, 335.00
427, 93591, 329.00
428, 93795, 335.00
429, 94000, 335.00
430, 94204, 335.00
431, 94408, 335.00
432, 94613, 329.00
433, 94817, 335.00
434, 95022, 329.00
435, 95225, 361.00
436, 95430, 329.00
437, 95635, 335.00
438, 95839, 335.00
439, 96044, 362.00
440, 96247, 362.00
441, 96452, 353.00
442, 96656, 335.00
443, 96861, 329.00
444, 97065, 361.00
445, 97269, 362.00
446, 97474, 356.00
447, 97678, 334.00
448, 97883, 356.00
449, 98086, 335.00
450, 98291, 362.00
451, 98496, 335.00
452, 98700, 335.00
453, 98905, 329.00
454, 99108, 362.00
455, 99313, 329.00
456, 99517, 335.00
457, 99722, 329.00
458, 99927, 335.00
459, 100130, 335.00
460, 100335, 335.00
461, 100539, 335.00
462, 100744, 329.00
463, 100947, 335.00
464, 101152, 329.00
465, 101356, 335.00
466, 101561, 329.00
467, 101766, 335.00
468, 101969, 335.00
469, 102174, 335.00
470, 102378, 335.00
471, 102583, 329.00
472, 102787, 335.00
473, 102991, 328.00
474, 103195, 359.00
475, 103400, 335.00
476, 103605, 335.00
477, 103809, 335.00
478, 104013, 356.00
479, 104217, 335.00
480, 104422, 355.00
481, 104626, 362.00
482, 104830, 359.00
483, 105035, 335.00
484, 105239, 335.00
485, 105444, 329.00
486, 105648, 335.00
487, 105852, 328.00
488, 106056, 335.00
489, 106261, 335.00
490, 106466, 335.00
491, 106670, 335.00
492, 106874, 329.00
493, 107078, 335.00
494, 107283, 329.00
495, 107488, 335.00
496, 107692, 335.00
497, 107896, 329.00
498, 108100, 335.00
499, 108305, 329.00
500, 108510, 362.00
501, 108713, 362.00
502, 108918, 329.00
503, 109122, 362.00
504, 109327, 362.00
505, 109532, 329.00
506, 109735, 335.00
507, 109940, 329.00
508, 110144, 335.00
509, 110349, 335.00
510, 110554, 329.00
511, 110757, 335.00
512, 110962, 329.00
513, 111166, 335.00
514, 111371, 335.00
515, 111576, 329.00
516, 111779, 311.00
517, 111984, 329.00
518, 112188, 335.00
519, 112393, 311.00
520, 112598, 335.00
521, 112801, 335.00
522, 113006, 329.00
523, 113210, 335.00
524, 113415, 329.00
525, 113619, 335.00
526, 113823, 335.00
527, 114028, 329.00
528, 114232, 362.00
529, 114437, 362.00
530, 114641, 335.00
531, 114845, 335.00
532, 115050, 329.00
533, 115254, 335.00
534, 115459, 335.00
535, 115663, 362.00
536, 115867, 335.00
537, 116072, 356.00
538, 116277, 335.00
539, 116481, 335.00
540, 116685, 356.00
541, 116889, 335.00
542, 117094, 329.00
543, 117299, 335.00
544, 117502, 362.00
545, 117707, 328.00
546, 117911, 335.00
547, 118116, 335.00
548, 118321, 335.00
549, 118524, 335.00
550, 118729, 329.00
551, 118933, 335.00
552, 119138, 333.00
553, 119343, 335.00
554, 119546, 362.00
555, 119751, 329.00
556, 119955, 335.00
557, 120160, 362.00
558, 120365, 329.00
559, 120568, 335.00
560, 120773, 329.00
561, 120978, 335.00
562, 121182, 335.00
563, 121387, 329.00
564, 121590, 335.00
565, 121795, 329.00
566, 122000, 362.00
567, 122204, 362.00
568, 122408, 329.00
569, 122612, 335.00
570, 122817, 329.00
571, 123022, 335.00
572, 123226, 362.00
573, 123430, 329.00
574, 123634, 335.00
575, 123839, 335.00
576, 124044, 335.00
577, 124248, 335.00
578, 124452, 356.00
579, 124657, 362.00
580, 124861, 335.00
581, 125066, 329.00
582, 125270, 359.00
583, 125474, 356.00
584, 125679, 335.00
585, 125883, 335.00
586, 126088, 356.00
587, 126292, 362.00
588, 126496, 311.00
589, 126701, 331.00
590, 126905, 335.00
591, 127110, 356.00
592, 127314, 335.00
593, 127518, 335.00
594, 127723, 355.00
595, 127927, 335.00
596, 128132, 329.00
597, 128336, 335.00
598, 128540, 362.00
599, 128745, 329.00
600, 128949, 335.00
601, 129154, 362.00
602, 129358, 329.00
603, 129562, 335.00
604, 129767, 329.00
605, 130767, 335.00
606, 130972, 335.00
607, 131176, 335.00
608, 131381, 353.00
609, 131585, 335.00
610, 131789, 334.00
611, 131994, 335.00
612, 132198, 335.00
613, 132403, 356.00
614, 133403, 335.00
615, 133608, 362.00
616, 133812, 335.00
617, 134017, 356.00
618, 134220, 335.00
619, 134425, 335.00
620, 134630, 356.00
621, 134834, 335.00
622, 135038, 356.00
623, 135243, 335.00
624, 135447, 335.00
625, 135652, 328.00
626, 135856, 362.00
627, 136060, 362.00
628, 136265, 355.00
629, 136469, 362.00
630, 136674, 329.00
631, 136879, 335.00
632, 137082, 335.00
633, 137287, 356.00
634, 137491, 335.00
635, 137696, 329.00
636, 137901, 362.00
637, 138104, 359.00
638, 138309, 356.00
639, 138513, 362.00
640, 138718, 357.00
641, 138923, 362.00
642, 139126, 362.00
643, 139331, 356.00
644, 139536, 362.00
645, 139740, 362.00
646, 139944, 356.00
647, 140148, 362.00
648, 140353, 361.00
649, 140558, 335.00
650, 140762, 362.00
651, 140966, 356.00
652, 141170, 335.00
653, 141375, 335.00
654, 141580, 362.00
655, 141784, 362.00
656, 141988, 329.00
657, 142192, 335.00
658, 142397, 356.00
659, 142602, 335.00
660, 142806, 362.00
661, 143010, 356.00
662, 143214, 362.00
663, 143419, 362.00
664, 143624, 356.00
665, 143827, 335.00
666, 144032, 356.00
667, 144237, 362.00
668, 144441, 335.00
669, 1446