=~=~=~=~=~=~=~=~=~=~=~= PuTTY log 2024.06.05 13:55:35 =~=~=~=~=~=~=~=~=~=~=~=
Leader Boot Complete
Waiting for start command... Starting...
1, 101, 547, 395, 70.3491821289
2, 305, 552, 395, 72.0051422119
3, 508, 552, 362, 95.0836791992
4, 711, 548, 344, 108.2159194946
5, 914, 551, 366, 91.7358551025
6, 1117, 555, 344, 110.5174942016
7, 1321, 548, 362, 93.7613296508
8, 1524, 557, 368, 92.2059249877
9, 1727, 578, 362, 103.2327041625
10, 1930, 585, 344, 119.7575073242
11, 2134, 578, 338, 122.8475952148
12, 2337, 582, 344, 118.8763809204
13, 2540, 587, 356, 110.5411300659
14, 2744, 581, 395, 81.0475082397
15, 2947, 570, 344, 115.2590866088
16, 3151, 582, 395, 81.3432540893
17, 3353, 588, 395, 83.0965194702
18, 3557, 582, 389, 85.2481079101
19, 3761, 582, 395, 81.3432540893
20, 3964, 588, 407, 75.6322174072
21, 4168, 581, 413, 70.0137252807
22, 4370, 561, 395, 74.9114379882
23, 4574, 552, 362, 95.0836791992
24, 4777, 558, 395, 73.9530792236
25, 4981, 555, 414, 61.3657112121
26, 5184, 576, 419, 65.0523910522
27, 5387, 557, 419, 59.1302871704
28, 5591, 555, 386, 78.8871688842
29, 5795, 579, 419, 65.9519271850
30, 5997, 558, 413, 62.9192886352
31, 6201, 582, 414, 69.7246017456
32, 6404, 585, 347, 117.2442779541
33, 6608, 581, 395, 81.0475082397
34, 6811, 552, 99, 828.9417114257
35, 7013, 552, 120, 652.1740112304
36, 7217, 552, 369, 89.8432998657
37, 7420, 558, 415, 61.7523918151
38, 7624, 549, 362, 94.0937271118
39, 7826, 582, 368, 99.9178390502
40, 8030, 552, 362, 95.0836791992
41, 8233, 559, 368, 92.8482666015
42, 8437, 579, 338, 123.1464157104
43, 8639, 579, 249, 228.8948516845
44, 8843, 552, 243, 230.3631896972
45, 9046, 564, 120, 656.0284423828
46, 9249, 555, 242, 233.0429687500
47, 9451, 549, 105, 770.2316284179
48, 9655, 582, 368, 99.9178390502
49, 9858, 585, 368, 100.7989654541
50, 10062, 582, 386, 87.2460556030
51, 10264, 585, 368, 100.7989654541
52, 10468, 588, 362, 106.1750640869
53, 10672, 555, 386, 78.8871688842
54, 10875, 588, 368, 101.6711044311
55, 11079, 548, 362, 93.7613296508
56, 11281, 527, 368, 81.9858169555
57, 11485, 558, 362, 97.0316162109
58, 11689, 576, 368, 98.1280288696
59, 11892, 560, 368, 93.1677169799
60, 12095, 555, 386, 78.8871688842
61, 12299, 561, 419, 60.4103889465
62, 12502, 561, 356, 102.6457672119
63, 12706, 555, 388, 77.5517730712
64, 12908, 584, 368, 100.5062637329
65, 13112, 579, 362, 103.5315170288
66, 13316, 581, 396, 80.4082260131
67, 13519, 558, 368, 92.5276641845
68, 13723, 552, 362, 95.0836791992
69, 13925, 588, 392, 85.0340194702
70, 14129, 551, 362, 94.7548980712
71, 14333, 579, 368, 99.0275650024
72, 14536, 558, 368, 92.5276641845
73, 14739, 579, 386, 86.3557891845
74, 14942, 561, 369, 92.7495956420
75, 15146, 581, 386, 86.9503173828
76, 15350, 551, 368, 90.2509384155
77, 15552, 561, 419, 60.4103889465
78, 15756, 582, 362, 104.4217910766
79, 15959, 585, 392, 84.1618804931
80, 16163, 588, 386, 88.9993286132
81, 16366, 579, 362, 103.5315170288
82, 16569, 561, 368, 93.4860229492
83, 16773, 551, 362, 94.7548980712
84, 16976, 527, 345, 100.1017608642
85, 17180, 555, 362, 96.0629043579
86, 17383, 549, 368, 89.5897750854
87, 17586, 558, 344, 111.4862060546
88, 17790, 552, 344, 109.5382690429
89, 17993, 585, 344, 119.7575073242
90, 18196, 585, 338, 124.9178085327
91, 18399, 549, 345, 107.7057113647
92, 18603, 557, 338, 116.3247680664
93, 18807, 582, 344, 118.8763809204
94, 19009, 560, 368, 93.1677169799
95, 19213, 581, 344, 118.5806427001
96, 19416, 561, 344, 112.4445724487
97, 19620, 581, 362, 104.1260528564
98, 19824, 581, 344, 118.5806427001
99, 20026, 588, 338, 125.7899551391
100, 20230, 581, 368, 99.6220932006
101, 20433, 588, 368, 101.6711044311
102, 20637, 582, 338, 124.0366821289
103, 20840, 555, 345, 109.6748886108
104, 21043, 582, 395, 81.3432540893
105, 21247, 581, 362, 104.1260528564
106, 21451, 579, 363, 102.7705307006
107, 21653, 588, 368, 101.6711044311
108, 21857, 555, 362, 96.0629043579
109, 22060, 582, 344, 118.8763809204
110, 22264, 585, 363, 104.5419311523
111, 22467, 557, 344, 111.1644668579
112, 22670, 558, 344, 111.4862060546
113, 22874, 561, 362, 97.9899826049
114, 23078, 581, 344, 118.5806427001
115, 23281, 564, 368, 94.4341659545
116, 23484, 579, 362, 103.5315170288
117, 23688, 555, 347, 108.0042648315
118, 23891, 587, 333, 129.9425506591
119, 24095, 582, 268, 201.3130340576
120, 24297, 588, 207, 313.0237731933
121, 24500, 609, 272, 203.4434356689
122, 24704, 663, 272, 216.8174896240
123, 24907, 632, 275, 205.4085235595
124, 25110, 636, 246, 249.2713470458
125, 25313, 654, 246, 253.5988616943
126, 25517, 576, 247, 231.2472229003
127, 25720, 639, 261, 226.6472167968
128, 25923, 618, 323, 147.7852325439
129, 26126, 600, 249, 234.9397430419
130, 26330, 594, 278, 191.3620605468
131, 26533, 636, 311, 164.3107147216
132, 26737, 588, 272, 197.5790252685
133, 26939, 615, 270, 207.7687530517
134, 27143, 603, 242, 247.3856658935
135, 27346, 572, 266, 201.1146850585
136, 27549, 564, 243, 234.2176361083
137, 27752, 570, 263, 204.7895507812
138, 27955, 564, 266, 198.6349029541
139, 28159, 570, 278, 184.2736358642
140, 28362, 548, 278, 177.2304687500
141, 28565, 548, 314, 135.9895782470
142, 28768, 548, 314, 135.9895782470
143, 28972, 594, 359, 110.2013702392
144, 29176, 567, 299, 158.0812988281
145, 29378, 573, 239, 243.8899993896
146, 29582, 567, 272, 191.2801971435
147, 29785, 573, 266, 201.4197998046
148, 29989, 567, 278, 183.3453826904
149, 30192, 548, 266, 193.4581146240
150, 30394, 543, 269, 187.5851287841
151, 30598, 548, 266, 193.4581146240
152, 30802, 542, 323, 125.0956954956
153, 31005, 573, 324, 134.1219329833
154, 31208, 543, 323, 125.4354782104
155, 31411, 549, 317, 133.3080596923
156, 31615, 543, 317, 131.2953643798
157, 31818, 542, 323, 125.0956954956
158, 32021, 549, 317, 133.3080596923
159, 32225, 543, 323, 125.4354782104
160, 32428, 549, 323, 127.4481735229
161, 32632, 543, 323, 125.4354782104
162, 32834, 548, 324, 126.1602325439
163, 33038, 543, 317, 131.2953643798
164, 33241, 543, 323, 125.4354782104
165, 33445, 549, 317, 133.3080596923
166, 33649, 542, 323, 125.0956954956
167, 33851, 548, 329, 121.4696044921
168, 34055, 543, 323, 125.4354782104
169, 34258, 548, 323, 127.1157760620
170, 34462, 542, 317, 130.9555816650
171, 34664, 542, 323, 125.0956954956
172, 34868, 549, 317, 133.3080596923
173, 35072, 543, 323, 125.4354782104
174, 35275, 548, 323, 127.1157760620
175, 35478, 543, 323, 125.4354782104
176, 35681, 549, 323, 127.4481735229
177, 35885, 542, 317, 130.9555816650
178, 36089, 566, 323, 132.9190979003
179, 36291, 549, 318, 132.3160400390
180, 36495, 543, 323, 125.4354782104
181, 36698, 548, 323, 127.1157760620
182, 36902, 543, 323, 125.4354782104
183, 37105, 549, 323, 127.4481735229
184, 37308, 546, 317, 132.3072509765
185, 37512, 567, 323, 133.2306976318
186, 37715, 549, 317, 133.3080596923
187, 37919, 542, 323, 125.0956954956
188, 38121, 549, 323, 127.4481735229
189, 38325, 543, 318, 130.3033447265
190, 38528, 548, 323, 127.1157760620
191, 38732, 549, 317, 133.3080596923
191, 39526, 543, 0, inf
192, 39729, 542, 323, 125.0956954956
193, 39932, 549, 317, 133.3080596923
194, 40136, 542, 323, 125.0956954956
195, 40338, 549, 323, 127.4481735229
196, 40542, 543, 323, 125.4354782104
197, 40745, 548, 323, 127.1157760620
198, 40949, 549, 317, 133.3080596923
199, 41152, 543, 323, 125.4354782104
200, 41355, 549, 320, 130.3506317138
201, 41559, 542, 323, 125.0956954956
202, 41762, 548, 323, 127.1157760620
203, 41965, 542, 323, 125.0956954956
204, 42168, 549, 323, 127.4481735229
205, 42372, 548, 317, 132.9756622314
206, 42576, 543, 323, 125.4354782104
207, 42779, 573, 323, 135.0774688720
208, 42982, 542, 323, 125.0956954956
209, 43185, 549, 323, 127.4481735229
210, 43389, 543, 318, 130.3033447265
211, 43592, 542, 323, 125.0956954956
212, 43795, 549, 317, 133.3080596923
213, 43999, 542, 323, 125.0956954956
213, 44794, 573, 0, inf
214, 44995, 548, 323, 127.1157760620
215, 45199, 564, 323, 132.2925720214
216, 45402, 549, 323, 127.4481735229
217, 45606, 543, 317, 131.2953643798
218, 45809, 566, 323, 132.9190979003
219, 46012, 549, 317, 133.3080596923
220, 46216, 542, 323, 125.0956954956
221, 46419, 548, 323, 127.1157760620
222, 46623, 543, 323, 125.4354782104
223, 46825, 548, 323, 127.1157760620
224, 47029, 543, 317, 131.2953643798
225, 47232, 543, 323, 125.4354782104
226, 47436, 549, 317, 133.3080596923
227, 47639, 542, 323, 125.0956954956
228, 47842, 549, 323, 127.4481735229
228, 48638, 542, 0, inf
229, 48840, 542, 323, 125.0956954956
230, 49042, 549, 323, 127.4481735229
231, 49246, 543, 317, 131.2953643798
232, 49449, 542, 323, 125.0956954956
233, 49653, 548, 323, 127.1157760620
234, 49856, 542, 323, 125.0956954956
235, 50059, 549, 323, 127.4481735229
236, 50263, 542, 323, 125.0956954956
237, 50466, 548, 323, 127.1157760620
238, 50669, 543, 317, 131.2953643798
239, 50873, 542, 323, 125.0956954956
240, 51076, 548, 317, 132.9756622314
241, 51280, 542, 323, 125.0956954956
242, 51483, 549, 323, 127.4481735229
243, 51686, 542, 317, 130.9555816650
244, 51889, 566, 323, 132.9190979003
245, 52093, 549, 317, 133.3080596923
246, 52297, 543, 323, 125.4354782104
247, 52499, 549, 323, 127.4481735229
248, 52703, 543, 323, 125.4354782104
249, 52906, 548, 323, 127.1157760620
250, 53110, 542, 317, 130.9555816650
251, 53312, 543, 323, 125.4354782104
252, 53516, 548, 317, 132.9756622314
253, 53720, 543, 323, 125.4354782104
254, 53923, 548, 323, 127.1157760620
255, 54126, 543, 323, 125.4354782104
256, 54329, 549, 323, 127.4481735229
257, 54533, 542, 317, 130.9555816650
258, 54736, 542, 323, 125.0956954956
259, 54940, 549, 317, 133.3080596923
260, 55143, 542, 323, 125.0956954956
261, 55346, 549, 323, 127.4481735229
262, 55550, 543, 323, 125.4354782104
263, 55753, 549, 323, 127.4481735229
264, 55956, 543, 317, 131.2953643798
265, 56160, 543, 323, 125.4354782104
266, 56363, 549, 317, 133.3080596923
267, 56567, 543, 323, 125.4354782104
268, 56769, 549, 323, 127.4481735229
269, 56973, 543, 317, 131.2953643798
270, 57176, 548, 323, 127.1157760620
271, 57380, 549, 317, 133.3080596923
272, 57584, 543, 323, 125.4354782104
273, 57786, 549, 323, 127.4481735229
274, 57990, 543, 323, 125.4354782104
275, 58193, 548, 323, 127.1157760620
276, 58397, 542, 317, 130.9555816650
277, 58599, 543, 323, 125.4354782104
278, 58803, 549, 317, 133.3080596923
279, 59007, 543, 323, 125.4354782104
280, 59210, 549, 323, 127.4481735229
281, 59413, 543, 323, 125.4354782104
282, 59616, 549, 323, 127.4481735229
283, 59820, 542, 317, 130.9555816650
284, 60023, 543, 323, 125.4354782104
285, 60226, 549, 317, 133.3080596923
286, 60430, 542, 323, 125.0956954956
287, 60633, 549, 323, 127.4481735229
288, 60837, 543, 317, 131.2953643798
289, 61040, 549, 323, 127.4481735229
290, 61243, 548, 317, 132.9756622314
291, 61447, 542, 329, 119.4495239257
292, 61650, 548, 323, 127.1157760620
293, 61854, 542, 323, 125.0956954956
294, 62056, 549, 323, 127.4481735229
295, 62260, 567, 317, 139.0905761718
296, 62463, 543, 323, 125.4354782104
297, 62667, 549, 317, 133.3080596923
298, 62870, 542, 323, 125.0956954956
299, 63073, 549, 323, 127.4481735229
300, 63277, 543, 323, 125.4354782104
301, 63480, 549, 323, 127.4481735229
302, 63683, 549, 317, 133.3080596923
303, 63887, 542, 323, 125.0956954956
304, 64090, 549, 323, 127.4481735229
305, 64294, 542, 323, 125.0956954956
306, 64497, 548, 323, 127.1157760620
307, 64700, 542, 317, 130.9555816650
308, 64903, 543, 323, 125.4354782104
309, 65107, 549, 317, 133.3080596923
310, 65311, 543, 323, 125.4354782104
311, 65513, 549, 323, 127.4481735229
312, 65717, 543, 323, 125.4354782104
313, 65920, 549, 323, 127.4481735229
314, 66124, 543, 317, 131.2953643798
315, 66327, 543, 323, 125.4354782104
316, 66530, 549, 317, 133.3080596923
317, 66734, 542, 323, 125.0956954956
318, 66937, 549, 323, 127.4481735229
319, 67140, 543, 317, 131.2953643798
320, 67343, 549, 323, 127.4481735229
321, 67547, 549, 317, 133.3080596923
322, 67751, 543, 323, 125.4354782104
323, 67954, 549, 322, 128.4096527099
324, 68157, 543, 323, 125.4354782104
325, 68360, 549, 323, 127.4481735229
326, 68564, 542, 317, 130.9555816650
327, 68767, 543, 323, 125.4354782104
328, 68970, 548, 323, 127.1157760620
329, 69174, 543, 323, 125.4354782104
330, 69377, 549, 323, 127.4481735229
331, 69581, 542, 317, 130.9555816650
331, 70375, 549, 0, inf
332, 70577, 549, 323, 127.4481735229
333, 70781, 548, 317, 132.9756622314
334, 70985, 543, 323, 125.4354782104
335, 71187, 549, 323, 127.4481735229
336, 71391, 543, 323, 125.4354782104
337, 71594, 549, 323, 127.4481735229
338, 71798, 543, 317, 131.2953643798
339, 72000, 542, 323, 125.0956954956
340, 72204, 548, 317, 132.9756622314
341, 72408, 542, 323, 125.0956954956
342, 72611, 549, 323, 127.4481735229
343, 72814, 543, 323, 125.4354782104
344, 73017, 549, 323, 127.4481735229
345, 73221, 546, 317, 132.3072509765
346, 73425, 543, 323, 125.4354782104
347, 73628, 548, 316, 133.9739532470
348, 73831, 543, 323, 125.4354782104
349, 74034, 548, 323, 127.1157760620
350, 74238, 543, 317, 131.2953643798
351, 74441, 567, 323, 133.2306976318
352, 74644, 549, 317, 133.3080596923
353, 74848, 542, 323, 125.0956954956
354, 75051, 548, 323, 127.1157760620
355, 75255, 543, 323, 125.4354782104
356, 75457, 549, 323, 127.4481735229
357, 75661, 542, 317, 130.9555816650
358, 75865, 543, 323, 125.4354782104
359, 76068, 549, 317, 133.3080596923
360, 76272, 543, 323, 125.4354782104
361, 76474, 548, 317, 132.9756622314
362, 76678, 543, 317, 131.2953643798
363, 76881, 549, 323, 127.4481735229
364, 77085, 549, 317, 133.3080596923
365, 77288, 542, 323, 125.0956954956
366, 77491, 549, 323, 127.4481735229
367, 77695, 542, 323, 125.0956954956
368, 77898, 548, 323, 127.1157760620
369, 78101, 542, 317, 130.9555816650
369, 78896, 567, 0, inf
370, 79098, 543, 323, 125.4354782104
371, 79302, 573, 317, 140.9373626708
372, 79505, 543, 323, 125.4354782104
373, 79708, 549, 323, 127.4481735229
374, 79912, 543, 317, 131.2953643798
375, 80115, 549, 323, 127.4481735229
376, 80318, 549, 317, 133.3080596923
377, 80522, 543, 323, 125.4354782104
378, 80725, 549, 323, 127.4481735229
379, 80929, 543, 323, 125.4354782104
380, 81131, 549, 323, 127.4481735229
381, 81335, 542, 318, 129.9635620117
382, 81538, 542, 323, 125.0956954956
383, 81742, 548, 317, 132.9756622314
384, 81945, 542, 323, 125.0956954956
385, 82148, 549, 323, 127.4481735229
386, 82352, 543, 317, 131.2953643798
387, 82555, 565, 323, 132.6063842773
388, 82759, 549, 317, 133.3080596923
389, 82962, 543, 323, 125.4354782104
390, 83165, 549, 323, 127.4481735229
391, 83369, 543, 323, 125.4354782104
392, 83572, 549, 323, 127.4481735229
393, 83775, 542, 317, 130.9555816650
394, 83978, 543, 323, 125.4354782104
395, 84182, 549, 317, 133.3080596923
396, 84386, 543, 323, 125.4354782104
397, 84588, 549, 323, 127.4481735229
398, 84792, 543, 323, 125.4354782104
399, 84995, 549, 323, 127.4481735229
400, 85199, 543, 317, 131.2953643798
401, 85403, 542, 323, 125.0956954956
402, 85605, 549, 317, 133.3080596923
403, 85809, 543, 323, 125.4354782104
404, 86012, 549, 323, 127.4481735229
405, 86216, 543, 317, 131.2953643798
406, 86418, 543, 323, 125.4354782104
407, 86622, 548, 317, 132.9756622314
408, 86826, 543, 323, 125.4354782104
409, 87029, 549, 323, 127.4481735229
410, 87232, 543, 323, 125.4354782104
411, 87435, 548, 323, 127.1157760620
412, 87639, 543, 323, 125.4354782104
413, 87843, 543, 323, 125.4354782104
414, 88045, 549, 317, 133.3080596923
415, 88249, 543, 323, 125.4354782104
416, 88452, 573, 323, 135.0774688720
417, 88656, 542, 317, 130.9555816650
418, 88859, 543, 323, 125.4354782104
419, 89062, 549, 317, 133.3080596923
420, 89266, 543, 323, 125.4354782104
421, 89469, 548, 323, 127.1157760620
422, 89673, 543, 323, 125.4354782104
423, 89875, 549, 323, 127.4481735229
424, 90079, 542, 317, 130.9555816650
425, 90282, 542, 323, 125.0956954956
426, 90486, 549, 317, 133.3080596923
427, 90689, 543, 323, 125.4354782104
428, 90892, 549, 323, 127.4481735229
429, 91096, 542, 317, 130.9555816650
430, 91299, 549, 323, 127.4481735229
431, 91502, 573, 317, 140.9373626708
432, 91706, 564, 323, 132.2925720214
433, 91909, 549, 323, 127.4481735229
434, 92113, 542, 323, 125.0956954956
435, 92316, 548, 323, 127.1157760620
436, 92519, 542, 317, 130.9555816650
437, 92722, 543, 323, 125.4354782104
438, 92926, 548, 317, 132.9756622314
439, 93130, 543, 323, 125.4354782104
440, 93332, 549, 323, 127.4481735229
441, 93536, 543, 323, 125.4354782104
442, 93739, 548, 323, 127.1157760620
443, 93943, 543, 317, 131.2953643798
444, 94146, 543, 324, 124.4799346923
445, 94349, 548, 323, 127.1157760620
446, 94553, 542, 323, 125.0956954956
447, 94756, 549, 323, 127.4481735229
448, 94960, 543, 317, 131.2953643798
449, 95162, 543, 323, 125.4354782104
450, 95366, 548, 317, 132.9756622314
451, 95570, 543, 323, 125.4354782104
452, 95773, 570, 323, 134.1589355468
453, 95976, 543, 323, 125.4354782104
454, 96179, 548, 323, 127.1157760620
455, 96383, 549, 317, 133.3080596923
456, 96587, 543, 323, 125.4354782104
457, 96789, 549, 322, 128.4096527099
458, 96993, 543, 324, 124.4799346923
459, 97196, 549, 323, 127.4481735229
460, 97400, 543, 317, 131.2953643798
461, 97602, 543, 323, 125.4354782104
462, 97806, 549, 317, 133.3080596923
463, 98010, 542, 323, 125.0956954956
464, 98213, 549, 323, 127.4481735229
465, 98417, 542, 323, 125.0956954956
466, 98619, 549, 323, 127.4481735229
467, 98823, 543, 317, 131.2953643798
468, 99027, 543, 323, 125.4354782104
469, 99230, 549, 317, 133.3080596923
470, 99433, 543, 323, 125.4354782104
471, 99636, 549, 323, 127.4481735229
472, 99840, 543, 317, 131.2953643798
473, 100043, 542, 323, 125.0956954956
474, 100246, 549, 316, 134.3063507080
475, 100450, 542, 323, 125.0956954956
476, 100653, 549, 323, 127.4481735229
476, 101449, 567, 0, inf
477, 101650, 549, 317, 133.3080596923
478, 101854, 542, 323, 125.0956954956
479, 102057, 573, 323, 135.0774688720
480, 102261, 543, 317, 131.2953643798
481, 102464, 542, 323, 125.0956954956
482, 102667, 549, 323, 127.4481735229
483, 102871, 543, 323, 125.4354782104
484, 103074, 549, 323, 127.4481735229
485, 103277, 549, 317, 133.3080596923
486, 103481, 567, 323, 133.2306976318
487, 103684, 548, 323, 127.1157760620
488, 103888, 542, 317, 130.9555816650
489, 104092, 542, 323, 125.0956954956
490, 104294, 549, 323, 127.4481735229
491, 104498, 566, 317, 138.7789764404
492, 104701, 542, 323, 125.0956954956
493, 104905, 549, 317, 133.3080596923
494, 105108, 542, 323, 125.0956954956
495, 105311, 548, 323, 127.1157760620
496, 105515, 547, 317, 132.6420593261
497, 105719, 542, 323, 125.0956954956
498, 105921, 549, 322, 128.4096527099
499, 106125, 542, 317, 130.9555816650
500, 106328, 543, 323, 125.4354782104
501, 106532, 548, 317, 132.9756622314
502, 106736, 543, 323, 125.4354782104
503, 106938, 549, 323, 127.4481735229
504, 107142, 549, 317, 133.3080596923
505, 107346, 543, 323, 125.4354782104
506, 107549, 549, 323, 127.4481735229
507, 107752, 543, 317, 131.2953643798
508, 107956, 543, 323, 125.4354782104
509, 108159, 549, 323, 127.4481735229
510, 108363, 543, 317, 131.2953643798
511, 108565, 543, 324, 124.4799346923
512, 108769, 548, 317, 132.9756622314
513, 108973, 543, 323, 125.4354782104
514, 109176, 548, 323, 127.1157760620
515, 109379, 549, 317, 133.3080596923
516, 109583, 542, 323, 125.0956954956
517, 109786, 548, 323, 127.1157760620
518, 109990, 542, 317, 130.9555816650
519, 110193, 543, 323, 125.4354782104
520, 110396, 549, 323, 127.4481735229
521, 110600, 543, 323, 125.4354782104
522, 110803, 548, 323, 127.1157760620
523, 111007, 549, 317, 133.3080596923
524, 111210, 542, 323, 125.0956954956
525, 111413, 549, 323, 127.4481735229
526, 111617, 543, 317, 131.2953643798
527, 111821, 543, 323, 125.4354782104
528, 112023, 549, 323, 127.4481735229
529, 112227, 542, 317, 130.9555816650
530, 112430, 543, 323, 125.4354782104
531, 112634, 549, 317, 133.3080596923
532, 112838, 543, 329, 119.7893066406
533, 113040, 549, 323, 127.4481735229
534, 113244, 549, 317, 133.3080596923
535, 113448, 543, 323, 125.4354782104
536, 113651, 549, 323, 127.4481735229
537, 113854, 542, 317, 130.9555816650
538, 114058, 543, 323, 125.4354782104
539, 114261, 573, 323, 135.0774688720
540, 114465, 543, 323, 125.4354782104
541, 114667, 549, 323, 127.4481735229
542, 114871, 549, 317, 133.3080596923
543, 115075, 543, 323, 125.4354782104
544, 115278, 549, 329, 121.8020019531
545, 115481, 543, 317, 131.2953643798
546, 115685, 543, 323, 125.4354782104
547, 115888, 548, 323, 127.1157760620
548, 116092, 542, 317, 130.9555816650
549, 116295, 543, 323, 125.4354782104
550, 116498, 549, 317, 133.3080596923
551, 116702, 543, 323, 125.4354782104
552, 116905, 549, 323, 127.4481735229
553, 117109, 548, 317, 132.9756622314
554, 117312, 543, 323, 125.4354782104
555, 117515, 549, 323, 127.4481735229
556, 117719, 543, 323, 125.4354782104
557, 117923, 543, 323, 125.4354782104
558, 118125, 570, 323, 134.1589355468
559, 118329, 543, 323, 125.4354782104
560, 118532, 542, 323, 125.0956954956
561, 118736, 549, 317, 133.3080596923
562, 118940, 542, 323, 125.0956954956
563, 119142, 549, 323, 127.4481735229
564, 119346, 546, 317, 132.3072509765
565, 119550, 542, 323, 125.0956954956
566, 119753, 549, 323, 127.4481735229
567, 119956, 543, 317, 131.2953643798
568, 120159, 542, 323, 125.0956954956
569, 120363, 548, 322, 128.0772552490
570, 120567, 543, 322, 126.3969497680
571, 120769, 549, 323, 127.4481735229
572, 120973, 549, 317, 133.3080596923
573, 121177, 543, 323, 125.4354782104
574, 121380, 549, 323, 127.4481735229
575, 121584, 542, 317, 130.9555816650
576, 121787, 543, 323, 125.4354782104
577, 121990, 549, 323, 127.4481735229
578, 122194, 542, 317, 130.9555816650
579, 122397, 542, 323, 125.0956954956
580, 122600, 548, 317, 132.9756622314
581, 122804, 542, 323, 125.0956954956
582, 123007, 548, 322, 128.0772552490
583, 123211, 549, 317, 133.3080596923
584, 123414, 542, 322, 126.0571670532
585, 123617, 549, 323, 127.4481735229
586, 123821, 543, 317, 131.2953643798
587, 124024, 543, 323, 125.4354782104
588, 124227, 548, 323, 127.1157760620
589, 124431, 542, 344, 106.1958389282
590, 124634, 543, 323, 125.4354782104
591, 124838, 549, 317, 133.3080596923
592, 125042, 542, 323, 125.0956954956
593, 125244, 549, 323, 127.4481735229
594, 125448, 548, 317, 132.9756622314
595, 125652, 542, 323, 125.0956954956
596, 125855, 549, 323, 127.4481735229
597, 126058, 543, 317, 131.2953643798
598, 126262, 543, 323, 125.4354782104
599, 126465, 548, 323, 127.1157760620
600, 126669, 542, 323, 125.0956954956
601, 126871, 548, 323, 127.1157760620
602, 127075, 548, 317, 132.9756622314
603, 127279, 543, 323, 125.4354782104
604, 127482, 549, 323, 127.4481735229
605, 127686, 543, 323, 125.4354782104
606, 127889, 543, 323, 125.4354782104
607, 128092, 549, 323, 127.4481735229
608, 128296, 543, 317, 131.2953643798
609, 128499, 543, 323, 125.4354782104
610, 128702, 549, 317, 133.3080596923
611, 128906, 542, 323, 125.0956954956
612, 129109, 549, 323, 127.4481735229
613, 129313, 573, 317, 140.9373626708
614, 129516, 543, 323, 125.4354782104
615, 129719, 548, 323, 127.1157760620
616, 129923, 567, 317, 139.0905761718
617, 130127, 542, 323, 125.0956954956
618, 130329, 549, 323, 127.4481735229
619, 130533, 543, 323, 125.4354782104
620, 130736, 567, 324, 132.2751464843
621, 130940, 549, 317, 133.3080596923
622, 131144, 564, 323, 132.2925720214
623, 131346, 549, 323, 127.4481735229
624, 131550, 549, 317, 133.3080596923
625, 131754, 542, 323, 125.0956954956
626, 131957, 549, 322, 128.4096527099
627, 132160, 543, 317, 131.2953643798
628, 132363, 567, 322, 134.1921691894
629, 132567, 549, 317, 133.3080596923
630, 132771, 543, 323, 125.4354782104
631, 132973, 549, 323, 127.4481735229
632, 133177, 548, 316, 133.9739532470
633, 133381, 543, 323, 125.4354782104
634, 133584, 548, 323, 127.1157760620
635, 133788, 542, 317, 130.9555816650
636, 133991, 543, 323, 125.4354782104
637, 134194, 548, 323, 127.1157760620
638, 134398, 543, 323, 125.4354782104
639, 134601, 549, 323, 127.4481735229
640, 134804, 549, 317, 133.3080596923
641, 135008, 542, 323, 125.0956954956
642, 135211, 549, 323, 127.4481735229
643, 135415, 543, 317, 131.2953643798
644, 135618, 543, 317, 131.2953643798
645, 135821, 548, 323, 127.1157760620
646, 136025, 543, 317, 131.2953643798
647, 136228, 542, 323, 125.0956954956
648, 136432, 549, 317, 133.3080596923
649, 136635, 543, 323, 125.4354782104
650, 136838, 549, 323, 127.4481735229
651, 137042, 549, 317, 133.3080596923
652, 137246, 542, 323, 125.0956954956
653, 137448, 549, 324, 126.4926300048
654, 137652, 543, 317, 131.2953643798
655, 137855, 543, 323, 125.4354782104
656, 138059, 549, 323, 127.4481735229
657, 138262, 543, 323, 125.4354782104
658, 138465, 548, 323, 127.1157760620
659, 138669, 549, 317, 133.3080596923
660, 138873, 542, 323, 125.0956954956
661, 139075, 548, 323, 127.1157760620
662, 139279, 543, 317, 131.2953643798
663, 139483, 543, 323, 125.4354782104
664, 139686, 548, 323, 127.1157760620
665, 139890, 542, 317, 130.9555816650
666, 140092, 542, 323, 125.0956954956
667, 140296, 549, 317, 133.3080596923
668, 140500, 542, 323, 125.0956954956
669, 140703, 549, 323, 127.4481735229
670, 140906, 549, 317, 133.3080596923
671, 141110, 543, 323, 125.4354782104
672, 141313, 549, 323, 127.4481735229
673, 141517, 542, 317, 130.9555816650
674, 141719, 542, 323, 125.0956954956
675, 141923, 549, 320, 130.3506317138
676, 142127, 564, 323, 132.2925720214
677, 142330, 549, 323, 127.4481735229
678, 142534, 549, 317, 133.3080596923
679, 142737, 543, 323, 125.4354782104
680, 142940, 548, 246, 224.0222930908
681, 143144, 567, 225, 268.0776062011
682, 143347, 548, 365, 91.4908218383
683, 143550, 543, 266, 191.7778167724
684, 143753, 549, 286, 167.5010070800
685, 143957, 543, 272, 183.4849853515
686, 144161, 543, 350, 101.5522460937
687, 144363, 549, 294, 157.9866943359
688, 144567, 542, 272, 183.1452026367
689, 144770, 549, 275, 181.4870147705
690, 144974, 567, 249, 225.2395782470
691, 145176, 573, 215, 290.5962524414
692, 145379, 567, 215, 288.7494812011
693, 145583, 549, 191, 341.4108581542
694, 145786, 542, 195, 328.3186645507
695, 145990, 567, 197, 331.2473754882
696, 146192, 549, 188, 349.7655334472
697, 146395, 542, 182, 364.9486999511
698, 146599, 573, 206, 310.9168395996
699, 146802, 543, 203, 308.4487915039
700, 147005, 542, 204, 305.6942443847
701, 147208, 549, 195, 330.6711425781
702, 147411, 540, 204, 305.0108947753
703, 147615, 546, 278, 176.5620574951
704, 147817, 590, 200, 330.5084838867
705, 148021, 573, 233, 254.6645050048
706, 148224, 566, 209, 301.7904663085
707, 148428, 542, 287, 163.9302215576
708, 148630, 549, 234, 245.2010803222
709, 148834, 543, 258, 203.4348602294
710, 149037, 573, 289, 171.5007171630
711, 149241, 567, 374, 91.0128402709
712, 149443, 543, 299, 150.2860870361
713, 149647, 549, 323, 127.4481735229
714, 149851, 543, 323, 125.4354782104
715, 150054, 549, 323, 127.4481735229
716, 150258, 549, 317, 133.3080596923
717, 150461, 543, 323, 125.4354782104
717, 151256, 573, 0, inf
718, 151458, 549, 323, 127.4481735229
719, 151661, 548, 317, 132.9756622314
720, 151865, 543, 323, 125.4354782104
721, 152068, 548, 323, 127.1157760620
722, 152272, 543, 317, 131.2953643798
723, 152476, 543, 323, 125.4354782104
724, 152678, 548, 323, 127.1157760620
725, 152882, 543, 321, 127.3644332885
726, 153085, 542, 329, 119.4495239257
727, 153289, 549, 316, 134.3063507080
728, 153492, 543, 322, 126.3969497680
729, 153695, 548, 323, 127.1157760620
730, 153899, 543, 317, 131.2953643798
731, 154103, 542, 323, 125.0956954956
732, 154305, 548, 323, 127.1157760620
733, 154509, 542, 317, 130.9555816650
734, 154712, 543, 323, 125.4354782104
735, 154916, 549, 317, 133.3080596923
736, 155120, 542, 323, 125.0956954956
737, 155322, 548, 323, 127.1157760620
738, 155526, 549, 317, 133.3080596923
739, 155730, 542, 323, 125.0956954956
740, 155933, 549, 323, 127.4481735229
741, 156136, 543, 317, 131.2953643798
742, 156340, 542, 323, 125.0956954956
743, 156543, 549, 323, 127.4481735229
744, 156747, 543, 322, 126.3969497680
745, 156949, 567, 323, 133.2306976318
746, 157153, 548, 317, 132.9756622314
747, 157357, 543, 323, 125.4354782104
748, 157560, 548, 323, 127.1157760620
749, 157763, 549, 317, 133.3080596923
750, 157967, 542, 323, 125.0956954956
751, 158170, 549, 323, 127.4481735229
752, 158374, 542, 317, 130.9555816650
753, 158577, 543, 323, 125.4354782104
754, 158780, 549, 323, 127.4481735229
755, 158984, 543, 323, 125.4354782104
756, 159187, 549, 323, 127.4481735229
757, 159391, 548, 317, 132.9756622314
758, 159594, 542, 322, 126.0571670532
759, 159797, 548, 323, 127.1157760620
760, 160001, 542, 317, 130.9555816650
761, 160205, 542, 323, 125.0956954956
762, 160407, 549, 322, 128.4096527099
763, 160611, 542, 317, 130.9555816650
764, 160814, 542, 323, 125.0956954956
765, 161018, 549, 317, 133.3080596923
766, 161222, 542, 323, 125.0956954956
767, 161424, 570, 323, 134.1589355468
768, 161628, 572, 317, 140.6322479248
769, 161832, 543, 323, 125.4354782104
770, 162035, 548, 323, 127.1157760620
771, 162238, 543, 317, 131.2953643798
772, 162441, 542, 323, 125.0956954956
773, 162645, 573, 322, 136.0389404296
774, 162849, 542, 323, 125.0956954956
775, 163051, 549, 323, 127.4481735229
776, 163255, 549, 317, 133.3080596923
777, 163459, 543, 323, 125.4354782104
778, 163662, 549, 323, 127.4481735229
779, 163865, 542, 317, 130.9555816650
780, 164069, 567, 322, 134.1921691894
781, 164272, 549, 323, 127.4481735229
782, 164476, 564, 317, 138.1524505615
783, 164679, 543, 323, 125.4354782104
784, 164882, 549, 317, 133.3080596923
785, 165086, 543, 323, 125.4354782104
786, 165289, 549, 324, 126.4926300048
787, 165493, 549, 317, 133.3080596923
788, 165696, 543, 323, 125.4354782104
789, 165899, 549, 317, 133.3080596923
790, 166103, 542, 316, 131.9538726806
791, 166306, 542, 323, 125.0956954956
792, 166509, 548, 317, 132.9756622314
793, 166713, 542, 323, 125.0956954956
794, 166916, 549, 323, 127.4481735229
795, 167120, 548, 317, 132.9756622314
796, 167324, 543, 323, 125.4354782104
797, 167526, 548, 329, 121.4696044921
798, 167730, 543, 317, 131.2953643798
799, 167934, 543, 323, 125.4354782104
800, 168137, 549, 323, 127.4481735229
801, 168340, 543, 318, 130.3033447265
802, 168543, 564, 323, 132.2925720214
803, 168747, 548, 317, 132.9756622314
804, 168951, 543, 323, 125.4354782104
805, 169153, 549, 323, 127.4481735229
806, 169357, 549, 317, 133.3080596923
807, 169561, 542, 323, 125.0956954956
808, 169764, 548, 322, 128.0772552490
809, 169968, 543, 323, 125.4354782104
810, 170170, 542, 322, 126.0571670532
811, 170374, 549, 316, 134.3063507080
812, 170578, 543, 323, 125.4354782104
813, 170781, 548, 323, 127.1157760620
814, 170984, 548, 317, 132.9756622314
815, 171188, 567, 323, 133.2306976318
816, 171391, 548, 323, 127.1157760620
817, 171595, 543, 317, 131.2953643798
818, 171797, 542, 323, 125.0956954956
819, 172001, 548, 323, 127.1157760620
820, 172205, 543, 323, 125.4354782104
821, 172408, 548, 322, 128.0772552490
822, 172611, 548, 316, 133.9739532470
823, 172815, 543, 322, 126.3969497680
824, 173018, 548, 317, 132.9756622314
825, 173222, 542, 317, 130.9555816650
826, 173426, 543, 322, 126.3969497680
827, 173628, 548, 323, 127.1157760620
828, 173832, 543, 323, 125.4354782104
829, 174035, 549, 323, 127.4481735229
830, 174239, 549, 317, 133.3080596923
831, 174442, 543, 323, 125.4354782104
832, 174645, 549, 323, 127.4481735229
833, 174849, 548, 316, 133.9739532470
834, 175053, 543, 324, 124.4799346923
835, 175255, 549, 323, 127.4481735229
836, 175459, 543, 311, 137.3813476562
837, 175662, 543, 323, 125.4354782104
838, 175866, 549, 318, 132.3160400390
839, 176070, 542, 323, 125.0956954956
840, 176272, 548, 323, 127.1157760620
841, 176476, 548, 317, 132.9756622314
842, 176680, 543, 323, 125.4354782104
843, 176883, 549, 323, 127.4481735229
844, 177086, 542, 317, 130.9555816650
845, 177290, 543, 323, 125.4354782104
846, 177493, 549, 323, 127.4481735229
847, 177697, 543, 323, 125.4354782104
848, 177899, 542, 318, 129.9635620117
849, 178103, 549, 317, 133.3080596923
850, 178307, 542, 323, 125.0956954956
851, 178510, 549, 323, 127.4481735229
852, 178713, 549, 317, 133.3080596923
853, 178917, 543, 323, 125.4354782104
854, 179120, 549, 323, 127.4481735229
855, 179324, 543, 317, 131.2953643798
856, 179527, 542, 322, 126.0571670532
857, 179730, 548, 320, 130.0182342529
858, 179934, 543, 323, 125.4354782104
859, 180137, 549, 323, 127.4481735229
860, 180341, 549, 317, 133.3080596923
861, 180544, 542, 323, 125.0956954956
862, 180747, 549, 323, 127.4481735229
863, 180951, 542, 317, 130.9555816650
864, 181155, 542, 323, 125.0956954956
865, 181357, 549, 323, 127.4481735229
866, 181561, 543, 317, 131.2953643798
867, 181764, 543, 323, 125.4354782104
868, 181968, 549, 317, 133.3080596923
869, 182172, 542, 323, 125.0956954956
870, 182374, 549, 324, 126.4926300048
871, 182578, 549, 317, 133.3080596923
872, 182782, 543, 323, 125.4354782104
873, 182985, 549, 323, 127.4481735229
874, 183188, 543, 317, 131.2953643798
875, 183392, 542, 323, 125.0956954956
876, 183595, 549, 323, 127.4481735229
877, 183799, 543, 323, 125.4354782104
878, 184001, 567, 323, 133.2306976318
879, 184205, 549, 317, 133.3080596923
880, 184409, 543, 323, 125.4354782104
881, 184612, 548, 323, 127.1157760620
882, 184816, 543, 317, 131.2953643798
883, 185019, 543, 322, 126.3969497680
884, 185222, 549, 316, 134.3063507080
885, 185426, 543, 317, 131.2953643798
886, 185629, 543, 323, 125.4354782104
887, 185832, 549, 317, 133.3080596923
888, 186036, 543, 323, 125.4354782104
889, 186239, 549, 323, 127.4481735229
890, 186443, 549, 317, 133.3080596923
891, 186646, 542, 323, 125.0956954956
892, 186849, 549, 327, 123.6610336303
893, 187053, 543, 317, 131.2953643798
894, 187256, 543, 322, 126.3969497680
895, 187459, 549, 322, 128.4096527099
896, 187663, 543, 323, 125.4354782104
897, 187866, 549, 322, 128.4096527099
898, 188070, 548, 317, 132.9756622314
899, 188274, 543, 323, 125.4354782104
900, 188476, 549, 323, 127.4481735229
901, 188680, 542, 317, 130.9555816650
902, 188884, 543, 323, 125.4354782104
903, 189087, 549, 323, 127.4481735229
904, 189290, 542, 323, 125.0956954956
905, 189493, 543, 323, 125.4354782104
906, 189697, 548, 317, 132.9756622314
907, 189901, 542, 323, 125.0956954956
908, 190103, 549, 323, 127.4481735229
909, 190307, 549, 317, 133.3080596923
910, 190511, 542, 322, 126.0571670532
911, 190714, 549, 323, 127.4481735229
912, 190918, 543, 317, 131.2953643798
913, 191121, 543, 322, 126.3969497680
914, 191324, 573, 323, 135.0774688720
915, 191528, 543, 323, 125.4354782104
916, 191731, 549, 323, 127.4481735229
917, 191934, 548, 317, 132.9756622314
918, 192138, 542, 323, 125.0956954956
919, 192341, 548, 323, 127.1157760620
920, 192545, 542, 317, 130.9555816650
921, 192748, 542, 322, 126.0571670532
922, 192951, 549, 323, 127.4481735229
923, 193155, 543, 317, 131.2953643798
924, 193358, 543, 323, 125.4354782104
925, 193561, 548, 317, 132.9756622314
926, 193765, 543, 323, 125.4354782104
927, 193968, 548, 323, 127.1157760620
928, 194172, 548, 317, 132.9756622314
929, 194376, 543, 323, 125.4354782104
930, 194578, 549, 322, 128.4096527099
931, 194782, 543, 317, 131.2953643798
932, 194986, 543, 323, 125.4354782104
933, 195189, 549, 323, 127.4481735229
934, 195392, 543, 323, 125.4354782104
935, 195595, 543, 322, 126.3969497680
936, 195799, 549, 317, 133.3080596923
937, 196003, 543, 323, 125.4354782104
938, 196205, 549, 323, 127.4481735229
939, 196409, 542, 317, 130.9555816650
940, 196613, 542, 323, 125.0956954956
941, 196816, 549, 323, 127.4481735229
942, 197020, 543, 316, 132.2936553955
943, 197222, 542, 324, 124.1401519775
944, 197426, 549, 317, 133.3080596923
945, 197630, 542, 323, 125.0956954956
945, 198424, 548, 0, inf
946, 198626, 549, 323, 127.4481735229
947, 198830, 549, 316, 134.3063507080
948, 199034, 543, 322, 126.3969497680
949, 199236, 548, 323, 127.1157760620
950, 199440, 542, 317, 130.9555816650
951, 199644, 542, 323, 125.0956954956
952, 199847, 549, 323, 127.4481735229
953, 200051, 542, 317, 130.9555816650
954, 200253, 542, 323, 125.0956954956
955, 200457, 548, 316, 133.9739532470
956, 200661, 542, 323, 125.0956954956
957, 200864, 549, 323, 127.4481735229
958, 201067, 544, 317, 131.6338958740
959, 201271, 542, 322, 126.0571670532
960, 201474, 549, 322, 128.4096527099
961, 201678, 542, 317, 130.9555816650
962, 201880, 542, 322, 126.0571670532
963, 202084, 549, 317, 133.3080596923
964, 202288, 543, 323, 125.4354782104
965, 202491, 549, 322, 128.4096527099
966, 202695, 549, 316, 134.3063507080
967, 202898, 543, 323, 125.4354782104
968, 203101, 549, 323, 127.4481735229
969, 203305, 543, 316, 132.2936553955
970, 203508, 543, 323, 125.4354782104
971, 203711, 549, 323, 127.4481735229
972, 203915, 542, 322, 126.0571670532
973, 204118, 549, 323, 127.4481735229
974, 204322, 549, 317, 133.3080596923
975, 204525, 543, 323, 125.4354782104
976, 204728, 549, 323, 127.4481735229
977, 204932, 543, 317, 131.2953643798
978, 205136, 543, 323, 125.4354782104
979, 205339, 549, 324, 126.4926300048
980, 205542, 543, 317, 131.2953643798
981, 205745, 543, 323, 125.4354782104
982, 205949, 549, 317, 133.3080596923
983, 206153, 542, 322, 126.0571670532
984, 206355, 549, 322, 128.4096527099
985, 206559, 545, 316, 132.9694824218
986, 206763, 542, 323, 125.0956954956
987, 206966, 549, 322, 128.4096527099
988, 207169, 542, 323, 125.0956954956
989, 207372, 543, 323, 125.4354782104
990, 207576, 549, 316, 134.3063507080
991, 207780, 542, 323, 125.0956954956
992, 207982, 548, 323, 127.1157760620
993, 208186, 549, 317, 133.3080596923
994, 208390, 567, 323, 133.2306976318
995, 208593, 549, 322, 128.4096527099
996, 208797, 543, 317, 131.2953643798
997, 208999, 543, 322, 126.3969497680
998, 209203, 548, 317, 132.9756622314
999, 209407, 542, 323, 125.0956954956
1000, 209610, 549, 323, 127.4481735229
1001, 209813, 549, 316, 134.3063507080
1002, 210017, 542, 324, 124.1401519775
1003, 210220, 549, 322, 128.4096527099
1004, 210424, 549, 316, 134.3063507080
1005, 210627, 542, 323, 125.0956954956
1006, 210830, 549, 323, 127.4481735229
1007, 211034, 549, 316, 134.3063507080
1008, 211238, 543, 323, 125.4354782104
1009, 211441, 549, 322, 128.4096527099
1010, 211644, 549, 317, 133.3080596923
1011, 211848, 542, 323, 125.0956954956
1012, 212051, 549, 323, 127.4481735229
1013, 212255, 549, 317, 133.3080596923
1014, 212458, 542, 323, 125.0956954956
1015, 212661, 543, 322, 126.3969497680
1016, 212865, 549, 317, 133.3080596923
1017, 213069, 542, 323, 125.0956954956
1018, 213271, 543, 323, 125.4354782104
1019, 213475, 549, 317, 133.3080596923
1020, 213679, 543, 323, 125.4354782104
1021, 213883, 542, 328, 120.3762130737
1022, 214086, 549, 322, 128.4096527099
1023, 214289, 543, 319, 129.3175506591
1024, 214493, 543, 323, 125.4354782104
1025, 214696, 549, 323, 127.4481735229
1026, 214900, 542, 317, 130.9555816650
1027, 215103, 543, 322, 126.3969497680
1028, 215306, 548, 322, 128.0772552490
1029, 215510, 543, 317, 131.2953643798
1030, 215714, 542, 322, 126.0571670532
1031, 215916, 549, 323, 127.4481735229
1032, 216120, 543, 317, 131.2953643798
1033, 216324, 543, 323, 125.4354782104
1034, 216527, 549, 322, 128.4096527099
1035, 216731, 543, 317, 131.2953643798
1036, 216934, 543, 323, 125.4354782104
1037, 217137, 549, 322, 128.4096527099
1038, 217341, 543, 317, 131.2953643798
1039, 217545, 542, 322, 126.0571670532
1040, 217747, 549, 323, 127.4481735229
1041, 217951, 543, 316, 132.2936553955
1042, 218155, 542, 323, 125.0956954956
1043, 218358, 549, 323, 127.4481735229
1044, 218561, 549, 317, 133.3080596923
1045, 218765, 543, 323, 125.4354782104
1046, 218968, 549, 323, 127.4481735229
1047, 219172, 549, 317, 133.3080596923
1048, 219376, 543, 322, 126.3969497680
1049, 219578, 549, 323, 127.4481735229
1050, 219782, 548, 317, 132.9756622314
1051, 219986, 543, 322, 126.3969497680
1052, 220189, 548, 323, 127.1157760620
1053, 220392, 549, 310, 140.4312744140
1054, 220596, 542, 323, 125.0956954956
1055, 220799, 549, 323, 127.4481735229
1056, 221003, 549, 317, 133.3080596923
1057, 221206, 543, 323, 125.4354782104
1058, 221409, 549, 323, 127.4481735229
1059, 221613, 549, 317, 133.3080596923
1060, 221817, 543, 323, 125.4354782104
1061, 222019, 566, 323, 132.9190979003
1062, 222223, 549, 316, 134.3063507080
1063, 222427, 543, 323, 125.4354782104
1064, 222630, 543, 323, 125.4354782104
1065, 222834, 548, 316, 133.9739532470
1066, 223037, 543, 323, 125.4354782104
1067, 223241, 542, 323, 125.0956954956
1068, 223444, 548, 323, 127.1157760620
1069, 223648, 543, 317, 131.2953643798
1070, 223851, 543, 323, 125.4354782104
1071, 224054, 548, 323, 127.1157760620
1072, 224258, 543, 317, 131.2953643798
1073, 224462, 542, 323, 125.0956954956
1074, 224664, 549, 322, 128.4096527099
1075, 224868, 543, 317, 131.2953643798
1076, 225072, 543, 323, 125.4354782104
1077, 225275, 549, 316, 134.3063507080
1078, 225479, 542, 317, 130.9555816650
1079, 225682, 543, 323, 125.4354782104
1080, 225885, 548, 323, 127.1157760620
1081, 226089, 543, 317, 131.2953643798
1082, 226293, 567, 323, 133.2306976318
1083, 226495, 548, 323, 127.1157760620
1084, 226699, 542, 317, 130.9555816650
1085, 226903, 543, 323, 125.4354782104
1086, 227106, 549, 323, 127.4481735229
1087, 227309, 543, 317, 131.2953643798
1088, 227513, 543, 323, 125.4354782104
1089, 227716, 549, 323, 127.4481735229
1090, 227920, 549, 317, 133.3080596923
1091, 228124, 543, 322, 126.3969497680
1092, 228326, 548, 323, 127.1157760620
1093, 228530, 549, 317, 133.3080596923
1094, 228734, 542, 323, 125.0956954956
1095, 228937, 549, 324, 126.4926300048
1096, 229140, 549, 316, 134.3063507080
1097, 229344, 543, 323, 125.4354782104
1098, 229547, 549, 323, 127.4481735229
1099, 229751, 549, 317, 133.3080596923
1100, 229954, 542, 317, 130.9555816650
1101, 230157, 548, 323, 127.1157760620
1102, 230361, 548, 316, 133.9739532470
1103, 230565, 543, 322, 126.3969497680
1104, 230768, 549, 322, 128.4096527099
1104, 231563, 549, 0, inf
1105, 231765, 549, 323, 127.4481735229
1106, 231969, 542, 318, 129.9635620117
1107, 232172, 542, 323, 125.0956954956
1108, 232375, 549, 323, 127.4481735229
1109, 232579, 543, 317, 131.2953643798
1110, 232783, 543, 323, 125.4354782104
1111, 232985, 549, 323, 127.4481735229
1112, 233189, 542, 316, 131.9538726806
1113, 233393, 543, 323, 125.4354782104
1114, 233596, 548, 323, 127.1157760620
1115, 233800, 543, 316, 132.2936553955
1116, 234003, 543, 323, 125.4354782104
1117, 234206, 549, 322, 128.4096527099
1118, 234410, 542, 317, 130.9555816650
1119, 234614, 543, 322, 126.3969497680
1120, 234816, 548, 323, 127.1157760620
1121, 235020, 542, 316, 131.9538726806
1122, 235224, 542, 322, 126.0571670532
1123, 235427, 549, 323, 127.4481735229
1124, 235630, 549, 317, 133.3080596923
1125, 235834, 543, 323, 125.4354782104
1126, 236037, 549, 323, 127.4481735229
1127, 236241, 549, 316, 134.3063507080
1128, 236445, 542, 323, 125.0956954956
1129, 236647, 548, 317, 132.9756622314
1130, 236851, 548, 316, 133.9739532470
1131, 237055, 542, 323, 125.0956954956
1132, 237258, 548, 323, 127.1157760620
1133, 237461, 549, 317, 133.3080596923
1133, 238256, 543, 0, inf
1134, 238459, 542, 322, 126.0571670532
1135, 238662, 542, 323, 125.0956954956
1136, 238865, 549, 317, 133.3080596923
1137, 239069, 543, 323, 125.4354782104
1138, 239273, 543, 323, 125.4354782104
1139, 239476, 572, 323, 134.7723541259
1140, 239679, 542, 317, 130.9555816650
1141, 239883, 543, 323, 125.4354782104
1142, 240086, 549, 322, 128.4096527099
1143, 240290, 543, 316, 132.2936553955
1144, 240493, 543, 322, 126.3969497680
1145, 240696, 549, 323, 127.4481735229
1146, 240900, 543, 317, 131.2953643798
1147, 241104, 543, 322, 126.3969497680
1148, 241307, 548, 323, 127.1157760620
1149, 241510, 543, 317, 131.2953643798
1150, 241714, 543, 323, 125.4354782104
1151, 241917, 549, 323, 127.4481735229
1152, 242121, 542, 317, 130.9555816650
1153, 242324, 543, 323, 125.4354782104
1154, 242527, 549, 323, 127.4481735229
1155, 242731, 549, 317, 133.3080596923
1156, 242935, 542, 323, 125.0956954956
1157, 243137, 548, 323, 127.1157760620
1158, 243341, 548, 311, 139.0616455078
1159, 243545, 542, 323, 125.0956954956
1160, 243748, 549, 322, 128.4096527099
1161, 243952, 548, 317, 132.9756622314
1162, 244155, 542, 322, 126.0571670532
1163, 244358, 549, 323, 127.4481735229
1164, 244562, 549, 316, 134.3063507080
1165, 244766, 543, 323, 125.4354782104
1166, 244968, 549, 322, 128.4096527099
1167, 245172, 548, 317, 132.9756622314
1168, 245376, 543, 323, 125.4354782104
1169, 245579, 549, 323, 127.4481735229
1170, 245782, 548, 316, 133.9739532470
1171, 245986, 542, 322, 126.0571670532
1172, 246189, 549, 323, 127.4481735229
1173, 246393, 549, 317, 133.3080596923
1174, 246596, 542, 322, 126.0571670532
1175, 246799, 542, 323, 125.0956954956
1176, 247003, 549, 317, 133.3080596923
1177, 247207, 542, 322, 126.0571670532
1178, 247410, 543, 323, 125.4354782104
1179, 247613, 548, 317, 132.9756622314
1180, 247817, 543, 323, 125.4354782104
1181, 248021, 543, 323, 125.4354782104
1182, 248224, 549, 317, 133.3080596923
1183, 248427, 542, 317, 130.9555816650
1184, 248631, 542, 323, 125.0956954956
1185, 248834, 549, 322, 128.4096527099
1186, 249038, 542, 317, 130.9555816650
1187, 249241, 567, 323, 133.2306976318
1188, 249444, 548, 323, 127.1157760620
1189, 249648, 567, 316, 140.0888671875
1190, 249852, 542, 323, 125.0956954956
1191, 250055, 548, 323, 127.1157760620
1192, 250258, 543, 316, 132.2936553955
1193, 250462, 542, 322, 126.0571670532
1194, 250665, 549, 323, 127.4481735229
1195, 250869, 543, 317, 131.2953643798
1196, 251072, 542, 322, 126.0571670532
1197, 251275, 549, 323, 127.4481735229
1198, 251479, 543, 319, 129.3175506591
1199, 251683, 542, 323, 125.0956954956
1200, 251885, 549, 322, 128.4096527099
1201, 252089, 542, 316, 131.9538726806
1202, 252293, 542, 322, 126.0571670532
1203, 252496, 548, 322, 128.0772552490
1204, 252700, 542, 317, 130.9555816650
1205, 252903, 542, 323, 125.0956954956
1206, 253106, 549, 323, 127.4481735229
1207, 253310, 543, 316, 132.2936553955
1208, 253514, 542, 323, 125.0956954956
1209, 253716, 549, 323, 127.4481735229
1210, 253920, 549, 317, 133.3080596923
1211, 254124, 543, 323, 125.4354782104
1212, 254327, 549, 323, 127.4481735229
1213, 254530, 549, 317, 133.3080596923
1214, 254734, 542, 323, 125.0956954956
1215, 254937, 548, 323, 127.1157760620
1216, 255141, 549, 317, 133.3080596923
1217, 255345, 543, 323, 125.4354782104
1218, 255547, 548, 323, 127.1157760620
1219, 255751, 549, 316, 134.3063507080
1220, 255955, 542, 323, 125.0956954956
1221, 256158, 548, 328, 122.3962936401
1222, 256361, 549, 316, 134.3063507080
1223, 256565, 543, 322, 126.3969497680
1224, 256768, 549, 322, 128.4096527099
1225, 256972, 548, 317, 132.9756622314
1226, 257175, 542, 322, 126.0571670532
1227, 257378, 548, 323, 127.1157760620
1228, 257582, 549, 317, 133.3080596923
1229, 257786, 542, 323, 125.0956954956
1230, 257988, 549, 322, 128.4096527099
1231, 258192, 548, 316, 133.9739532470
1232, 258396, 543, 323, 125.4354782104
1233, 258599, 542, 323, 125.0956954956
1234, 258803, 549, 323, 127.4481735229
1235, 259006, 543, 318, 130.3033447265
1236, 259210, 543, 322, 126.3969497680
1237, 259413, 548, 323, 127.1157760620
1238, 259617, 543, 317, 131.2953643798
1239, 259820, 542, 323, 125.0956954956
1240, 260023, 549, 322, 128.4096527099
1241, 260227, 542, 317, 130.9555816650
1242, 260431, 542, 323, 125.0956954956
1243, 260633, 548, 323, 127.1157760620
1244, 260837, 542, 316, 131.9538726806
1245, 261041, 543, 322, 126.3969497680
1246, 261244, 549, 323, 127.4481735229
1247, 261448, 542, 317, 130.9555816650
1248, 261651, 542, 322, 126.0571670532
1249, 261854, 549, 323, 127.4481735229
1250, 262058, 542, 316, 131.9538726806
1251, 262262, 543, 323, 125.4354782104
1252, 262464, 549, 323, 127.4481735229
1253, 262668, 542, 316, 131.9538726806
1254, 262872, 543, 322, 126.3969497680
1255, 263075, 549, 323, 127.4481735229
1256, 263278, 542, 317, 130.9555816650
1257, 263482, 567, 323, 133.2306976318
1258, 263685, 548, 323, 127.1157760620
1259, 263889, 548, 316, 133.9739532470
1260, 264093, 543, 322, 126.3969497680
1261, 264295, 549, 323, 127.4481735229
1262, 264499, 549, 317, 133.3080596923
1263, 264703, 542, 322, 126.0571670532
1264, 264906, 548, 323, 127.1157760620
1265, 265109, 549, 317, 133.3080596923
1266, 265313, 542, 322, 126.0571670532
1267, 265516, 548, 323, 127.1157760620
1268, 265720, 549, 344, 108.5483169555
1269, 265923, 543, 349, 102.3708724975
1270, 266127, 542, 323, 125.0956954956
1271, 266330, 549, 322, 128.4096527099
1272, 266534, 542, 320, 127.9981613159
1273, 266738, 543, 323, 125.4354782104
1274, 266940, 549, 323, 127.4481735229
1275, 267144, 542, 344, 106.1958389282
1276, 267348, 542, 323, 125.0956954956
1277, 267551, 548, 323, 127.1157760620
1278, 267754, 542, 317, 130.9555816650
1279, 267958, 542, 323, 125.0956954956
1280, 268161, 548, 323, 127.1157760620
1281, 268365, 543, 317, 131.2953643798
1282, 268568, 542, 323, 125.0956954956
1283, 268771, 548, 323, 127.1157760620
1284, 268975, 549, 317, 133.3080596923
1285, 269179, 543, 323, 125.4354782104
1286, 269382, 548, 323, 127.1157760620
1287, 269585, 548, 317, 132.9756622314
1288, 269789, 542, 323, 125.0956954956
1289, 269992, 549, 323, 127.4481735229
1290, 270196, 548, 317, 132.9756622314
1291, 270399, 542, 323, 125.0956954956
1292, 270602, 549, 322, 128.4096527099
1293, 270806, 549, 317, 133.3080596923
1294, 271010, 543, 323, 125.4354782104
1295, 271212, 549, 323, 127.4481735229
1296, 271416, 549, 317, 133.3080596923
1297, 271620, 543, 323, 125.4354782104
1298, 271823, 549, 323, 127.4481735229
1299, 272027, 549, 316, 134.3063507080
1300, 272230, 542, 323, 125.0956954956
1301, 272433, 548, 322, 128.0772552490
1302, 272637, 548, 317, 132.9756622314
1303, 272841, 542, 323, 125.0956954956
1304, 273043, 543, 322, 126.3969497680
1305, 273247, 548, 316, 133.9739532470
1306, 273451, 543, 323, 125.4354782104
1307, 273654, 542, 323, 125.0956954956
1308, 273857, 549, 323, 127.4481735229
1309, 274061, 543, 322, 126.3969497680
1310, 274265, 542, 323, 125.0956954956
1311, 274468, 549, 323, 127.4481735229
1312, 274672, 543, 317, 131.2953643798
1313, 274875, 543, 323, 125.4354782104
1314, 275078, 549, 322, 128.4096527099
1315, 275282, 543, 316, 132.2936553955
1316, 275486, 543, 323, 125.4354782104
1317, 275688, 549, 323, 127.4481735229
1318, 275892, 543, 344, 106.5356216430
1319, 276096, 542, 323, 125.0956954956
1320, 276299, 548, 323, 127.1157760620
1321, 276502, 549, 316, 134.3063507080
1322, 276706, 543, 323, 125.4354782104
1323, 276909, 549, 323, 127.4481735229
1324, 277113, 548, 317, 132.9756622314
1325, 277316, 543, 322, 126.3969497680
1326, 277519, 548, 323, 127.1157760620
1327, 277723, 549, 317, 133.3080596923
1328, 277927, 543, 323, 125.4354782104
1329, 278130, 548, 323, 127.1157760620
1330, 278333, 549, 317, 133.3080596923
1331, 278537, 543, 323, 125.4354782104
1332, 278740, 548, 323, 127.1157760620
1333, 278944, 548, 317, 132.9756622314
1334, 279147, 542, 323, 125.0956954956
1335, 279350, 548, 322, 128.0772552490
1336, 279554, 548, 316, 133.9739532470
1337, 279758, 543, 323, 125.4354782104
1338, 279960, 549, 323, 127.4481735229
1339, 280164, 549, 317, 133.3080596923
1340, 280368, 543, 323, 125.4354782104
1341, 280571, 542, 323, 125.0956954956
1342, 280775, 549, 316, 134.3063507080
1343, 280978, 542, 323, 125.0956954956
1344, 281181, 542, 322, 126.0571670532
1345, 281385, 548, 323, 127.1157760620
1346, 281589, 542, 317, 130.9555816650
1347, 281792, 542, 322, 126.0571670532
1348, 281995, 549, 323, 127.4481735229
1349, 282199, 543, 316, 132.2936553955
1350, 282403, 542, 322, 126.0571670532
1351, 282605, 549, 322, 128.4096527099
1352, 282809, 542, 316, 131.9538726806
1353, 283013, 542, 322, 126.0571670532
1354, 283216, 549, 323, 127.4481735229
1355, 283420, 543, 316, 132.2936553955
1356, 283623, 543, 323, 125.4354782104
1357, 283826, 549, 323, 127.4481735229
1358, 284030, 543, 317, 131.2953643798
1359, 284234, 543, 323, 125.4354782104
1360, 284436, 549, 323, 127.4481735229
1361, 284640, 542, 317, 130.9555816650
1362, 284844, 543, 322, 126.3969497680
1363, 285047, 548, 323, 127.1157760620
1364, 285250, 549, 316, 134.3063507080
1365, 285454, 542, 323, 125.0956954956
1366, 285657, 549, 323, 127.4481735229
1367, 285861, 549, 316, 134.3063507080
1368, 286065, 542, 323, 125.0956954956
1369, 286267, 548, 328, 122.3962936401
1370, 286471, 548, 316, 133.9739532470
1371, 286675, 542, 322, 126.0571670532
1372, 286878, 549, 322, 128.4096527099
1373, 287081, 549, 316, 134.3063507080
1374, 287285, 543, 322, 126.3969497680
1375, 287488, 548, 323, 127.1157760620
1376, 287692, 548, 310, 140.0988769531
1377, 287895, 543, 323, 125.4354782104
1378, 288098, 549, 322, 128.4096527099
1379, 288302, 549, 317, 133.3080596923
1380, 288506, 543, 323, 125.4354782104
1381, 288708, 548, 323, 127.1157760620
1382, 288912, 548, 317, 132.9756622314
1383, 289116, 542, 323, 125.0956954956
1384, 289319, 548, 322, 128.0772552490
1385, 289523, 548, 316, 133.9739532470
1386, 289726, 543, 322, 126.3969497680
1387, 289929, 549, 323, 127.4481735229
1388, 290133, 548, 316, 133.9739532470
1389, 290337, 542, 323, 125.0956954956
1390, 290539, 549, 323, 127.4481735229
1391, 290743, 549, 317, 133.3080596923
1392, 290947, 542, 328, 120.3762130737
1393, 291150, 542, 322, 126.0571670532
1394, 291353, 549, 323, 127.4481735229
1395, 291557, 543, 322, 126.3969497680
1396, 291761, 543, 322, 126.3969497680
1397, 291964, 549, 323, 127.4481735229
1398, 292168, 542, 317, 130.9555816650
1399, 292371, 543, 323, 125.4354782104
1400, 292574, 549, 319, 131.3302459716
1401, 292778, 543, 317, 131.2953643798
1402, 292982, 543, 323, 125.4354782104
1403, 293184, 549, 323, 127.4481735229
1404, 293388, 542, 317, 130.9555816650
1405, 293592, 542, 323, 125.0956954956
1406, 293795, 549, 323, 127.4481735229
1407, 293998, 542, 316, 131.9538726806
1408, 294202, 543, 322, 126.3969497680
1409, 294405, 548, 323, 127.1157760620
1410, 294609, 543, 317, 131.2953643798
1411, 294813, 543, 323, 125.4354782104
1412, 295015, 548, 323, 127.1157760620
1413, 295219, 542, 317, 130.9555816650
1414, 295423, 542, 323, 125.0956954956
1415, 295626, 549, 323, 127.4481735229
1416, 295829, 549, 317, 133.3080596923
1417, 296033, 543, 323, 125.4354782104
1418, 296236, 549, 323, 127.4481735229
1419, 296440, 549, 317, 133.3080596923
1420, 296643, 543, 323, 125.4354782104
1421, 296846, 549, 323, 127.4481735229
1422, 297050, 549, 316, 134.3063507080
1423, 297254, 543, 323, 125.4354782104
1424, 297457, 548, 317, 132.9756622314
1425, 297660, 548, 317, 132.9756622314
1426, 297864, 543, 322, 126.3969497680
1427, 298067, 549, 323, 127.4481735229
1428, 298271, 549, 317, 133.3080596923
1429, 298474, 542, 322, 126.0571670532
1430, 298677, 548, 322, 128.0772552490
1431, 298881, 549, 317, 133.3080596923
1432, 299085, 543, 323, 125.4354782104
1433, 299287, 549, 323, 127.4481735229
1434, 299491, 549, 317, 133.3080596923
1435, 299695, 542, 323, 125.0956954956
1436, 299898, 542, 322, 126.0571670532
1437, 300102, 549, 323, 127.4481735229
1438, 300305, 542, 323, 125.0956954956
1439, 300509, 542, 323, 125.0956954956
1440, 300712, 549, 322, 128.4096527099
1441, 300916, 543, 317, 131.2953643798
1442, 301119, 542, 322, 126.0571670532
1443, 301322, 549, 322, 128.4096527099
1444, 301526, 542, 316, 131.9538726806
1445, 301730, 543, 323, 125.4354782104
1446, 301932, 549, 323, 127.4481735229
1447, 302136, 543, 317, 131.2953643798
1448, 302340, 543, 323, 125.4354782104
1449, 302543, 548, 323, 127.1157760620
1450, 302747, 542, 317, 130.9555816650
1451, 302950, 543, 323, 125.4354782104
1452, 303153, 548, 323, 127.1157760620
1453, 303357, 543, 316, 132.2936553955
1454, 303561, 567, 323, 133.2306976318
1455, 303763, 549, 323, 127.4481735229
1456, 303967, 548, 317, 132.9756622314
1457, 304171, 542, 323, 125.0956954956
1458, 304374, 549, 323, 127.4481735229
1459, 304577, 549, 317, 133.3080596923
1460, 304781, 542, 323, 125.0956954956
1461, 304984, 549, 323, 127.4481735229
1462, 305188, 549, 316, 134.3063507080
1463, 305392, 543, 323, 125.4354782104
1464, 305594, 549, 322, 128.4096527099
1465, 305798, 549, 323, 127.4481735229
1466, 306002, 543, 323, 125.4354782104
1467, 306205, 549, 322, 128.4096527099
1468, 306408, 549, 317, 133.3080596923
1469, 306612, 543, 322, 126.3969497680
1470, 306815, 549, 322, 128.4096527099
1471, 307019, 549, 316, 134.3063507080
1472, 307222, 542, 316, 131.9538726806
1473, 307425, 549, 323, 127.4481735229
1474, 307629, 549, 317, 133.3080596923
1475, 307833, 543, 323, 125.4354782104
1476, 308035, 566, 323, 132.9190979003
1477, 308239, 549, 317, 133.3080596923
1478, 308443, 543, 323, 125.4354782104
1479, 308646, 567, 323, 133.2306976318
1480, 308850, 549, 317, 133.3080596923
1481, 309053, 542, 323, 125.0956954956
1482, 309256, 564, 323, 132.2925720214
1483, 309460, 549, 317, 133.3080596923
1484, 309664, 542, 323, 125.0956954956
1485, 309866, 542, 323, 125.0956954956
1486, 310070, 549, 323, 127.4481735229
1487, 310274, 543, 317, 131.2953643798
1488, 310478, 542, 322, 126.0571670532
1489, 310680, 549, 322, 128.4096527099
1490, 310884, 543, 316, 132.2936553955
1491, 311088, 543, 323, 125.4354782104
1492, 311291, 549, 322, 128.4096527099
1493, 311495, 542, 317, 130.9555816650
1494, 311698, 542, 322, 126.0571670532
1495, 311901, 549, 323, 127.4481735229
1496, 312105, 543, 317, 131.2953643798
1497, 312309, 543, 323, 125.4354782104
1498, 312511, 549, 323, 127.4481735229
1499, 312715, 543, 316, 132.2936553955
1500, 312919, 543, 322, 126.3969497680
1501, 313122, 549, 322, 128.4096527099
1502, 313325, 543, 316, 132.2936553955
1503, 313529, 542, 323, 125.0956954956
1504, 313732, 549, 322, 128.4096527099
1505, 313936, 542, 317, 130.9555816650
1506, 314140, 543, 323, 125.4354782104
1507, 314342, 548, 323, 127.1157760620
1508, 314546, 549, 317, 133.3080596923
1509, 314750, 543, 323, 125.4354782104
1510, 314953, 549, 323, 127.4481735229
1511, 315156, 549, 317, 133.3080596923
1512, 315360, 543, 328, 120.7159957885
1513, 315563, 549, 323, 127.4481735229
1514, 315767, 549, 317, 133.3080596923
1515, 315970, 542, 322, 126.0571670532
1516, 316173, 549, 322, 128.4096527099
1517, 316377, 548, 316, 133.9739532470
1518, 316581, 543, 322, 126.3969497680
1519, 316784, 549, 323, 127.4481735229
1520, 316987, 573, 313, 144.9687500000
1521, 317191, 543, 322, 126.3969497680
1522, 317394, 549, 323, 127.4481735229
1523, 317598, 549, 316, 134.3063507080
1524, 317801, 543, 323, 125.4354782104
1525, 318004, 548, 323, 127.1157760620
1526, 318208, 549, 317, 133.3080596923
1527, 318412, 543, 322, 126.3969497680
1528, 318614, 549, 322, 128.4096527099
1529, 318818, 549, 317, 133.3080596923
1530, 319022, 542, 323, 125.0956954956
1531, 319225, 548, 323, 127.1157760620
1532, 319428, 549, 317, 133.3080596923
1533, 319632, 543, 323, 125.4354782104
1534, 319835, 542, 323, 125.0956954956
1535, 320039, 548, 317, 132.9756622314
1536, 320243, 543, 323, 125.4354782104
1537, 320445, 543, 322, 126.3969497680
1538, 320649, 549, 323, 127.4481735229
1539, 320853, 543, 318, 130.3033447265
1540, 321057, 543, 323, 125.4354782104
1541, 321259, 549, 322, 128.4096527099
1542, 321463, 543, 311, 137.3813476562
1543, 321667, 543, 323, 125.4354782104
1544, 321870, 549, 323, 127.4481735229
1545, 322073, 543, 317, 131.2953643798
1546, 322277, 543, 323, 125.4354782104
1547, 322480, 548, 323, 127.1157760620
1548, 322684, 543, 317, 131.2953643798
1549, 322888, 543, 323, 125.4354782104
1550, 323090, 549, 323, 127.4481735229
1551, 323294, 543, 317, 131.2953643798
1552, 323498, 542, 322, 126.0571670532
1553, 323701, 549, 323, 127.4481735229
1554, 323904, 542, 316, 131.9538726806
1555, 324108, 543, 323, 125.4354782104
1556, 324311, 548, 322, 128.0772552490
1557, 324515, 548, 316, 133.9739532470
1558, 324718, 543, 322, 126.3969497680
1559, 324921, 549, 323, 127.4481735229
1560, 325125, 573, 320, 137.9799346923
1561, 325329, 543, 323, 125.4354782104
1562, 325532, 549, 323, 127.4481735229
1563, 325735, 549, 317, 133.3080596923
1564, 325939, 542, 323, 125.0956954956
1565, 326142, 548, 323, 127.1157760620
1566, 326346, 549, 317, 133.3080596923
1567, 326549, 542, 323, 125.0956954956
1568, 326752, 549, 323, 127.4481735229
1569, 326956, 549, 316, 134.3063507080
1570, 327160, 542, 323, 125.0956954956
1571, 327362, 549, 322, 128.4096527099
1572, 327566, 548, 317, 132.9756622314
1573, 327770, 543, 323, 125.4354782104
1574, 327973, 567, 323, 133.2306976318
1575, 328177, 549, 316, 134.3063507080
1576, 328380, 543, 322, 126.3969497680
1577, 328583, 543, 323, 125.4354782104
1578, 328787, 548, 322, 128.0772552490
1579, 328991, 543, 323, 125.4354782104
1580, 329194, 543, 323, 125.4354782104
1581, 329397, 549, 323, 127.4481735229
1582, 329601, 542, 317, 130.9555816650
1583, 329805, 543, 323, 125.4354782104
1584, 330007, 549, 329, 121.8020019531
1585, 330211, 543, 316, 132.2936553955
1586, 330415, 542, 323, 125.0956954956
1587, 330618, 549, 324, 126.4926300048
1588, 330822, 543, 316, 132.2936553955
1589, 331025, 542, 323, 125.0956954956
1590, 331228, 549, 322, 128.4096527099
1591, 331432, 543, 311, 137.3813476562
1592, 331636, 542, 322, 126.0571670532
1593, 331838, 548, 322, 128.0772552490
1594, 332042, 543, 317, 131.2953643798
1595, 332246, 543, 323, 125.4354782104
1596, 332449, 549, 323, 127.4481735229
1597, 332652, 543, 317, 131.2953643798
1598, 332856, 542, 323, 125.0956954956
1599, 333059, 549, 322, 128.4096527099
1600, 333263, 543, 317, 131.2953643798
1601, 333467, 542, 322, 126.0571670532
1602, 333669, 548, 322, 128.0772552490
1603, 333873, 549, 317, 133.3080596923
1604, 334077, 543, 322, 126.3969497680
1605, 334280, 548, 323, 127.1157760620
1606, 334483, 548, 316, 133.9739532470
1607, 334687, 543, 323, 125.4354782104
1608, 334890, 549, 323, 127.4481735229
1609, 335094, 549, 317, 133.3080596923
1610, 335297, 542, 322, 126.0571670532
1611, 335500, 549, 323, 127.4481735229
1612, 335704, 549, 317, 133.3080596923
1613, 335908, 542, 323, 125.0956954956
1614, 336110, 549, 323, 127.4481735229
1615, 336314, 548, 317, 132.9756622314
1616, 336518, 543, 323, 125.4354782104
1617, 336721, 548, 323, 127.1157760620
1618, 336925, 549, 317, 133.3080596923
1619, 337128, 542, 323, 125.0956954956
1620, 337331, 549, 323, 127.4481735229
1621, 337535, 549, 317, 133.3080596923
1622, 337739, 542, 349, 102.0310897827
1623, 337942, 542, 322, 126.0571670532
1624, 338145, 549, 323, 127.4481735229
1625, 338349, 543, 317, 131.2953643798
1626, 338553, 543, 322, 126.3969497680
1627, 338755, 549, 323, 127.4481735229
1628, 338959, 543, 316, 132.2936553955
1629, 339163, 542, 323, 125.0956954956
1630, 339366, 549, 323, 127.4481735229
1631, 339570, 542, 317, 130.9555816650
1632, 339773, 543, 329, 119.7893066406
1633, 339976, 549, 323, 127.4481735229
1634, 340180, 543, 317, 131.2953643798
1635, 340384, 542, 323, 125.0956954956
1636, 340586, 549, 323, 127.4481735229
1637, 340790, 542, 316, 131.9538726806
1638, 340994, 543, 323, 125.4354782104
1639, 341197, 549, 323, 127.4481735229
1640, 341400, 549, 311, 139.3940429687
1641, 341604, 543, 322, 126.3969497680
1642, 341807, 549, 323, 127.4481735229
1643, 342011, 549, 316, 134.3063507080
1644, 342215, 542, 323, 125.0956954956
1645, 342417, 573, 323, 135.0774688720
1646, 342621, 548, 317, 132.9756622314
1647, 342825, 543, 322, 126.3969497680
1648, 343028, 549, 323, 127.4481735229
1649, 343231, 549, 316, 134.3063507080
1650, 343435, 543, 323, 125.4354782104
1651, 343638, 549, 323, 127.4481735229
1652, 343842, 548, 317, 132.9756622314
1653, 344045, 542, 323, 125.0956954956
1654, 344248, 548, 323, 127.1157760620
1655, 344452, 549, 317, 133.3080596923
1656, 344656, 543, 329, 119.7893066406
1657, 344859, 548, 323, 127.1157760620
1658, 345062, 549, 317, 133.3080596923
1659, 345266, 543, 322, 126.3969497680
1660, 345469, 549, 323, 127.4481735229
1661, 345673, 548, 317, 132.9756622314
1662, 345876, 542, 323, 125.0956954956
1663, 346079, 542, 323, 125.0956954956
1664, 346283, 549, 323, 127.4481735229
1665, 346487, 542, 317, 130.9555816650
1666, 346690, 543, 323, 125.4354782104
1667, 346893, 548, 323, 127.1157760620
1668, 347097, 542, 317, 130.9555816650
1669, 347301, 542, 322, 126.0571670532
1670, 347504, 548, 322, 128.0772552490
1671, 347707, 542, 317, 130.9555816650
1672, 347911, 542, 322, 126.0571670532
1673, 348114, 549, 323, 127.4481735229
1674, 348318, 542, 317, 130.9555816650
1675, 348521, 542, 322, 126.0571670532
1676, 348724, 549, 323, 127.4481735229
1677, 348928, 543, 316, 132.2936553955
1678, 349132, 542, 322, 126.0571670532
1679, 349334, 549, 323, 127.4481735229
1680, 349538, 542, 316, 131.9538726806
1681, 349742, 542, 323, 125.0956954956
1682, 349945, 548, 323, 127.1157760620
1683, 350148, 543, 317, 131.2953643798
1684, 350352, 543, 323, 125.4354782104
1685, 350555, 548, 322, 128.0772552490
1686, 350759, 548, 317, 132.9756622314
1687, 350963, 543, 323, 125.4354782104
1688, 351165, 549, 323, 127.4481735229
1689, 351369, 549, 316, 134.3063507080
1690, 351573, 543, 323, 125.4354782104
1691, 351776, 548, 323, 127.1157760620
1692, 351979, 549, 317, 133.3080596923
1692, 352774, 543, 0, inf
1693, 352977, 543, 322, 126.3969497680
1694, 353180, 542, 323, 125.0956954956
1695, 353383, 549, 317, 133.3080596923
1696, 353587, 542, 323, 125.0956954956
1697, 353790, 542, 323, 125.0956954956
1698, 353994, 572, 323, 134.7723541259
1699, 354197, 542, 316, 131.9538726806
1700, 354401, 543, 323, 125.4354782104
1701, 354604, 548, 323, 127.1157760620
1702, 354808, 543, 317, 131.2953643798
1703, 355011, 543, 323, 125.4354782104
1704, 355214, 549, 323, 127.4481735229
1705, 355418, 543, 316, 132.2936553955
1706, 355622, 543, 323, 125.4354782104
1707, 355825, 549, 323, 127.4481735229
1708, 356028, 543, 317, 131.2953643798
1709, 356232, 542, 322, 126.0571670532
1710, 356435, 548, 323, 127.1157760620
1711, 356639, 543, 317, 131.2953643798
1712, 356842, 542, 324, 124.1401519775
1713, 357045, 548, 323, 127.1157760620
1714, 357249, 548, 317, 132.9756622314
1715, 357453, 543, 323, 125.4354782104
1716, 357655, 549, 323, 127.4481735229
1717, 357859, 548, 317, 132.9756622314
1718, 358063, 542, 322, 126.0571670532
1719, 358266, 549, 322, 128.4096527099
1720, 358470, 549, 317, 133.3080596923
1721, 358673, 542, 323, 125.0956954956
1722, 358876, 548, 323, 127.1157760620
1723, 359080, 549, 317, 133.3080596923
1724, 359284, 542, 323, 125.0956954956
1725, 359486, 549, 322, 128.4096527099
1726, 359690, 548, 317, 132.9756622314
1727, 359894, 542, 323, 125.0956954956
1728, 360097, 549, 323, 127.4481735229
1729, 360300, 548, 317, 132.9756622314
1730, 360504, 542, 322, 126.0571670532
1731, 360707, 543, 323, 125.4354782104
1732, 360911, 548, 316, 133.9739532470
1733, 361115, 543, 323, 125.4354782104
1734, 361318, 542, 329, 119.4495239257
1735, 361521, 548, 322, 128.0772552490
1736, 361725, 542, 316, 131.9538726806
1737, 361929, 543, 324, 124.4799346923
1738, 362131, 549, 322, 128.4096527099
1739, 362335, 543, 317, 131.2953643798
1740, 362539, 542, 323, 125.0956954956
1741, 362742, 549, 322, 128.4096527099
1742, 362945, 542, 317, 130.9555816650
1743, 363149, 543, 323, 125.4354782104
1744, 363352, 549, 323, 127.4481735229
1745, 363556, 543, 317, 131.2953643798
1746, 363760, 542, 323, 125.0956954956
1746, 364554, 549, 0, inf
1747, 364756, 549, 323, 127.4481735229
1748, 364960, 548, 316, 133.9739532470
1749, 365163, 543, 323, 125.4354782104
1750, 365366, 549, 322, 128.4096527099
1751, 365570, 549, 317, 133.3080596923
1752, 365774, 542, 323, 125.0956954956
1753, 365976, 549, 323, 127.4481735229
1754, 366180, 548, 317, 132.9756622314
1755, 366384, 543, 322, 126.3969497680
1756, 366587, 549, 322, 128.4096527099
1757, 366791, 549, 316, 134.3063507080
1758, 366994, 543, 323, 125.4354782104
1759, 367197, 549, 323, 127.4481735229
1760, 367401, 548, 316, 133.9739532470
1761, 367605, 542, 323, 125.0956954956
1762, 367807, 549, 323, 127.4481735229
1763, 368011, 549, 322, 128.4096527099
1764, 368215, 542, 322, 126.0571670532
1765, 368418, 542, 322, 126.0571670532
1766, 368621, 549, 316, 134.3063507080
1767, 368825, 542, 322, 126.0571670532
1768, 369028, 542, 323, 125.0956954956
1769, 369232, 549, 316, 134.3063507080
1770, 369436, 542, 322, 126.0571670532
1771, 369638, 543, 322, 126.3969497680
1772, 369842, 548, 323, 127.1157760620
1773, 370046, 542, 323, 125.0956954956
1774, 370250, 542, 322, 126.0571670532
1775, 370452, 549, 323, 127.4481735229
1776, 370656, 542, 317, 130.9555816650
1777, 370860, 542, 323, 125.0956954956
1778, 371063, 548, 323, 127.1157760620
1779, 371266, 542, 317, 130.9555816650
1780, 371470, 543, 323, 125.4354782104
1781, 371673, 549, 323, 127.4481735229
1782, 371877, 543, 317, 131.2953643798
1783, 372081, 542, 323, 125.0956954956
1784, 372283, 548, 323, 127.1157760620
1785, 372487, 543, 316, 132.2936553955
1786, 372691, 542, 328, 120.3762130737
1787, 372894, 548, 322, 128.0772552490
1788, 373097, 542, 317, 130.9555816650
1789, 373301, 543, 323, 125.4354782104
1790, 373504, 549, 323, 127.4481735229
1791, 373708, 543, 316, 132.2936553955
1792, 373911, 542, 322, 126.0571670532
1793, 374114, 548, 322, 128.0772552490
1794, 374318, 549, 317, 133.3080596923
1795, 374522, 542, 323, 125.0956954956
1796, 374724, 549, 322, 128.4096527099
1797, 374928, 548, 317, 132.9756622314
1798, 375132, 543, 323, 125.4354782104
1799, 375335, 548, 323, 127.1157760620
1800, 375539, 548, 317, 132.9756622314
1801, 375742, 543, 323, 125.4354782104
1802, 375945, 549, 323, 127.4481735229
1803, 376149, 549, 317, 133.3080596923
1804, 376353, 543, 323, 125.4354782104
1805, 376555, 549, 350, 103.5649414062
1806, 376759, 548, 323, 127.1157760620
1807, 376963, 542, 319, 128.9777679443
1808, 377167, 543, 322, 126.3969497680
1809, 377369, 549, 323, 127.4481735229
1810, 377573, 542, 317, 130.9555816650
1811, 377777, 542, 350, 101.2124633789
1812, 377980, 549, 323, 127.4481735229
1813, 378184, 542, 317, 130.9555816650
1814, 378387, 543, 350, 101.5522460937
1815, 378590, 549, 322, 128.4096527099
1816, 378794, 548, 344, 108.2159194946
1817, 378998, 543, 323, 125.4354782104
1818, 379200, 543, 322, 126.3969497680
1819, 379404, 549, 316, 134.3063507080
1820, 379608, 542, 323, 125.0956954956
1821, 379811, 543, 323, 125.4354782104
1822, 380014, 548, 317, 132.9756622314
1823, 380218, 542, 322, 126.0571670532
1824, 380421, 543, 322, 126.3969497680
1825, 380625, 549, 323, 127.4481735229
1826, 380829, 542, 320, 127.9981613159
1827, 381032, 542, 323, 125.0956954956
1828, 381235, 548, 322, 128.0772552490
1829, 381439, 542, 316, 131.9538726806
1830, 381643, 543, 323, 125.4354782104
1831, 381845, 548, 323, 127.1157760620
1832, 382049, 543, 317, 131.2953643798
1833, 382253, 543, 323, 125.4354782104
1834, 382456, 548, 323, 127.1157760620
1835, 382659, 542, 317, 130.9555816650
1836, 382863, 543, 323, 125.4354782104
1837, 383066, 549, 323, 127.4481735229
1838, 383270, 543, 316, 132.2936553955
1839, 383474, 542, 323, 125.0956954956
1840, 383676, 549, 323, 127.4481735229
1841, 383880, 542, 323, 125.0956954956
1842, 384084, 543, 322, 126.3969497680
1843, 384287, 549, 323, 127.4481735229
1844, 384490, 548, 316, 133.9739532470
1845, 384694, 543, 323, 125.4354782104
1846, 384897, 548, 322, 128.0772552490
1847, 385101, 548, 317, 132.9756622314
1848, 385304, 543, 323, 125.4354782104
1849, 385507, 549, 316, 134.3063507080
1850, 385711, 549, 317, 133.3080596923
1851, 385915, 543, 322, 126.3969497680
1852, 386118, 548, 322, 128.0772552490
1853, 386321, 548, 317, 132.9756622314
1854, 386525, 543, 323, 125.4354782104
1855, 386728, 549, 323, 127.4481735229
1856, 386932, 549, 317, 133.3080596923
1857, 387135, 542, 323, 125.0956954956
1858, 387338, 549, 323, 127.4481735229
1859, 387542, 548, 317, 132.9756622314
1860, 387746, 542, 323, 125.0956954956
1861, 387948, 542, 323, 125.0956954956
1862, 388152, 549, 316, 134.3063507080
1863, 388356, 542, 323, 125.0956954956
1864, 388559, 542, 322, 126.0571670532
1865, 388763, 549, 319, 131.3302459716
1866, 388966, 543, 323, 125.4354782104
1867, 389170, 542, 323, 125.0956954956
1868, 389373, 549, 322, 128.4096527099
1869, 389577, 543, 316, 132.2936553955
1870, 389780, 543, 323, 125.4354782104
1871, 389983, 548, 323, 127.1157760620
1872, 390187, 542, 316, 131.9538726806
1873, 390391, 542, 322, 126.0571670532
1874, 390593, 549, 322, 128.4096527099
1875, 390797, 543, 317, 131.2953643798
1876, 391001, 542, 323, 125.0956954956
1877, 391204, 548, 322, 128.0772552490
1878, 391408, 542, 317, 130.9555816650
1879, 391611, 542, 323, 125.0956954956
1880, 391814, 549, 322, 128.4096527099
1881, 392018, 543, 316, 132.2936553955
1882, 392222, 542, 323, 125.0956954956
1883, 392424, 549, 323, 127.4481735229
1884, 392628, 542, 317, 130.9555816650
1885, 392832, 543, 322, 126.3969497680
1886, 393035, 549, 323, 127.4481735229
1887, 393238, 543, 317, 131.2953643798
1888, 393442, 542, 323, 125.0956954956
1889, 393645, 548, 323, 127.1157760620
1890, 393849, 545, 317, 131.9711914062
1891, 394052, 542, 322, 126.0571670532
1892, 394255, 548, 322, 128.0772552490
1893, 394459, 548, 316, 133.9739532470
1894, 394663, 543, 323, 125.4354782104
1895, 394866, 549, 323, 127.4481735229
1896, 395069, 548, 310, 140.0988769531
1897, 395273, 543, 323, 125.4354782104
1898, 395476, 548, 323, 127.1157760620
1899, 395680, 548, 317, 132.9756622314
1900, 395883, 542, 323, 125.0956954956
1901, 396086, 548, 323, 127.1157760620
1902, 396290, 548, 317, 132.9756622314
1903, 396494, 543, 323, 125.4354782104
1904, 396697, 564, 350, 108.4093399047
1905, 396900, 548, 323, 127.1157760620
1906, 397104, 542, 317, 130.9555816650
1907, 397308, 543, 323, 125.4354782104
1908, 397511, 549, 322, 128.4096527099
1909, 397714, 542, 316, 131.9538726806
1910, 397918, 542, 322, 126.0571670532
1911, 398121, 548, 323, 127.1157760620
1912, 398325, 542, 316, 131.9538726806
1913, 398528, 542, 322, 126.0571670532
1914, 398731, 549, 328, 122.7286911010
1915, 398935, 542, 316, 131.9538726806
1916, 399139, 542, 322, 126.0571670532
1917, 399341, 548, 322, 128.0772552490
1918, 399545, 543, 316, 132.2936553955
1919, 399749, 543, 323, 125.4354782104
1920, 399952, 548, 323, 127.1157760620
1921, 400156, 543, 317, 131.2953643798
1922, 400359, 543, 323, 125.4354782104
1923, 400562, 549, 323, 127.4481735229
1924, 400766, 543, 317, 131.2953643798
1925, 400970, 543, 323, 125.4354782104
1926, 401172, 549, 322, 128.4096527099
1927, 401376, 549, 317, 133.3080596923
1928, 401580, 542, 323, 125.0956954956
1929, 401783, 548, 323, 127.1157760620
1930, 401986, 548, 317, 132.9756622314
1931, 402190, 542, 323, 125.0956954956
1932, 402393, 548, 323, 127.1157760620
1933, 402597, 548, 316, 133.9739532470
1934, 402801, 543, 322, 126.3969497680
1935, 403003, 549, 323, 127.4481735229
1936, 403207, 548, 317, 132.9756622314
1937, 403411, 542, 323, 125.0956954956
1938, 403614, 549, 322, 128.4096527099
1939, 403817, 549, 316, 134.3063507080
1940, 404021, 542, 322, 126.0571670532
1941, 404224, 549, 323, 127.4481735229
1942, 404428, 549, 317, 133.3080596923
1943, 404631, 543, 323, 125.4354782104
1944, 404834, 542, 323, 125.0956954956
1945, 405038, 549, 316, 134.3063507080
1946, 405242, 543, 322, 126.3969497680
1947, 405444, 567, 323, 133.2306976318
1948, 405648, 549, 317, 133.3080596923
1949, 405852, 542, 322, 126.0571670532
1950, 406055, 543, 323, 125.4354782104
1951, 406259, 548, 319, 130.9978485107
1952, 406462, 542, 322, 126.0571670532
1953, 406666, 543, 322, 126.3969497680
1954, 406869, 549, 322, 128.4096527099
1955, 407073, 542, 322, 126.0571670532
1956, 407276, 542, 323, 125.0956954956
1957, 407479, 549, 323, 127.4481735229
1958, 407683, 542, 317, 130.9555816650
1959, 407887, 542, 323, 125.0956954956
1960, 408089, 548, 323, 127.1157760620
1961, 408293, 542, 317, 130.9555816650
1962, 408497, 542, 323, 125.0956954956
1963, 408700, 549, 322, 128.4096527099
1964, 408904, 542, 316, 131.9538726806
1965, 409107, 542, 323, 125.0956954956
1966, 409310, 548, 322, 128.0772552490
1967, 409514, 542, 316, 131.9538726806
1968, 409718, 542, 324, 124.1401519775
1969, 409920, 548, 323, 127.1157760620
1970, 410124, 543, 317, 131.2953643798
1971, 410328, 543, 323, 125.4354782104
1972, 410531, 549, 323, 127.4481735229
1973, 410734, 542, 317, 130.9555816650
1974, 410938, 566, 323, 132.9190979003
1975, 411141, 549, 322, 128.4096527099
1976, 411345, 542, 316, 131.9538726806
1977, 411549, 543, 323, 125.4354782104
1978, 411751, 549, 323, 127.4481735229
1979, 411955, 549, 317, 133.3080596923
1980, 412159, 542, 322, 126.0571670532
1981, 412362, 548, 322, 128.0772552490
1982, 412565, 548, 316, 133.9739532470
1983, 412769, 542, 323, 125.0956954956
1984, 412972, 548, 328, 122.3962936401
1985, 413176, 549, 317, 133.3080596923
1986, 413379, 542, 322, 126.0571670532
1987, 413582, 548, 322, 128.0772552490
1988, 413786, 549, 317, 133.3080596923
1989, 413990, 543, 322, 126.3969497680
1990, 414193, 549, 322, 128.4096527099
1991, 414396, 549, 317, 133.3080596923
1992, 414600, 542, 323, 125.0956954956
1993, 414803, 548, 322, 128.0772552490
1994, 415007, 548, 317, 132.9756622314
1995, 415210, 542, 323, 125.0956954956
1996, 415413, 549, 322, 128.4096527099
1997, 415617, 548, 316, 133.9739532470
1998, 415821, 542, 322, 126.0571670532
1999, 416023, 549, 323, 127.4481735229
2000, 416227, 549, 317, 133.3080596923
2001, 416431, 542, 323, 125.0956954956
2002, 416634, 548, 323, 127.1157760620
2003, 416838, 549, 317, 133.3080596923
2004, 417041, 543, 323, 125.4354782104
2005, 417244, 549, 323, 127.4481735229
2006, 417448, 549, 317, 133.3080596923
2007, 417652, 542, 322, 126.0571670532
2008, 417854, 567, 323, 133.2306976318
2009, 418058, 549, 316, 134.3063507080
2010, 418262, 542, 323, 125.0956954956
2011, 418465, 542, 324, 124.1401519775
2012, 418668, 548, 316, 133.9739532470
2013, 418872, 542, 323, 125.0956954956
2014, 419075, 542, 323, 125.0956954956
2015, 419279, 548, 323, 127.1157760620
2016, 419483, 543, 322, 126.3969497680
2017, 419686, 543, 323, 125.4354782104
2018, 419889, 548, 323, 127.1157760620
2019, 420093, 567, 317, 139.0905761718
2020, 420297, 543, 323, 125.4354782104
2021, 420499, 548, 322, 128.0772552490
2022, 420703, 543, 316, 132.2936553955
2023, 420907, 542, 323, 125.0956954956
2024, 421110, 548, 323, 127.1157760620
2025, 421313, 542, 316, 131.9538726806
2026, 421517, 543, 322, 126.3969497680
2027, 421720, 548, 322, 128.0772552490
2028, 421924, 542, 316, 131.9538726806
2029, 422128, 543, 328, 120.7159957885
2030, 422330, 549, 323, 127.4481735229
2031, 422534, 542, 316, 131.9538726806
2032, 422738, 543, 323, 125.4354782104
2033, 422941, 548, 322, 128.0772552490
2034, 423144, 542, 317, 130.9555816650
2035, 423348, 543, 322, 126.3969497680
2036, 423551, 549, 323, 127.4481735229
2037, 423755, 542, 317, 130.9555816650
2038, 423958, 542, 322, 126.0571670532
2039, 424161, 549, 323, 127.4481735229
2040, 424365, 542, 317, 130.9555816650
2041, 424569, 542, 322, 126.0571670532
2042, 424771, 548, 323, 127.1157760620
2043, 424975, 549, 317, 133.3080596923
2044, 425179, 542, 323, 125.0956954956
2045, 425382, 548, 322, 128.0772552490
2046, 425586, 548, 316, 133.9739532470
2047, 425789, 542, 323, 125.0956954956
2048, 425992, 548, 323, 127.1157760620
2049, 426196, 548, 317, 132.9756622314
2050, 426400, 543, 323, 125.4354782104
2051, 426602, 549, 322, 128.4096527099
2052, 426806, 549, 317, 133.3080596923
2053, 427010, 542, 322, 126.0571670532
2054, 427213, 548, 322, 128.0772552490
2055, 427416, 548, 317, 132.9756622314
2056, 427620, 542, 323, 125.0956954956
2057, 427823, 549, 323, 127.4481735229
2058, 428027, 549, 317, 133.3080596923
2059, 428231, 543, 323, 125.4354782104
2060, 428433, 549, 318, 132.3160400390
2061, 428637, 548, 316, 133.9739532470
2062, 428841, 543, 322, 126.3969497680
2063, 429044, 548, 323, 127.1157760620
2064, 429247, 549, 317, 133.3080596923
2065, 429451, 543, 323, 125.4354782104
2066, 429654, 566, 323, 132.9190979003
2067, 429858, 549, 316, 134.3063507080
2068, 430061, 542, 323, 125.0956954956
2069, 430264, 543, 322, 126.3969497680
2070, 430468, 549, 317, 133.3080596923
2071, 430672, 542, 323, 125.0956954956
2072, 430875, 542, 322, 126.0571670532
2073, 431078, 548, 316, 133.9739532470
2074, 431282, 542, 322, 126.0571670532
2075, 431486, 542, 329, 119.4495239257
2076, 431689, 548, 322, 128.0772552490
2077, 431892, 542, 317, 130.9555816650
2078, 432096, 542, 323, 125.0956954956
2079, 432299, 549, 322, 128.4096527099
2080, 432503, 542, 316, 131.9538726806
2081, 432706, 542, 322, 126.0571670532
2082, 432909, 548, 323, 127.1157760620
2083, 433113, 543, 317, 131.2953643798
2084, 433317, 542, 322, 126.0571670532
2085, 433520, 548, 323, 127.1157760620
2086, 433723, 543, 317, 131.2953643798
2087, 433927, 543, 322, 126.3969497680
2088, 434130, 548, 322, 128.0772552490
2089, 434334, 543, 317, 131.2953643798
2090, 434537, 542, 323, 125.0956954956
2091, 434740, 548, 322, 128.0772552490
2092, 434944, 564, 317, 138.1524505615
2093, 435148, 542, 322, 126.0571670532
2094, 435350, 549, 322, 128.4096527099
2095, 435554, 543, 317, 131.2953643798
2096, 435758, 542, 323, 125.0956954956
2097, 435961, 549, 323, 127.4481735229
2098, 436164, 543, 322, 126.3969497680
2099, 436368, 543, 322, 126.3969497680
2100, 436571, 549, 322, 128.4096527099
2101, 436775, 542, 317, 130.9555816650
2102, 436979, 542, 322, 126.0571670532
2103, 437181, 548, 322, 128.0772552490
2104, 437385, 543, 316, 132.2936553955
2105, 437589, 542, 318, 129.9635620117
2106, 437792, 548, 322, 128.0772552490
2107, 437995, 548, 317, 132.9756622314
2108, 438199, 543, 323, 125.4354782104
2109, 438402, 549, 322, 128.4096527099
2110, 438606, 573, 316, 141.9356536865
2111, 438809, 542, 323, 125.0956954956
2112, 439012, 548, 323, 127.1157760620
2113, 439216, 548, 316, 133.9739532470
2114, 439420, 542, 322, 126.0571670532
2115, 439623, 549, 323, 127.4481735229
2116, 439826, 548, 316, 133.9739532470
2117, 440030, 543, 323, 125.4354782104
2118, 440233, 549, 323, 127.4481735229
2119, 440437, 548, 317, 132.9756622314
2120, 440640, 543, 322, 126.3969497680
2121, 440843, 567, 322, 134.1921691894
2122, 441047, 549, 322, 128.4096527099
2123, 441251, 543, 323, 125.4354782104
2124, 441453, 542, 322, 126.0571670532
2125, 441657, 548, 323, 127.1157760620
2126, 441861, 543, 323, 125.4354782104
2127, 442064, 542, 299, 149.9463043212
2128, 442268, 548, 291, 161.1608428955
2129, 442471, 543, 298, 151.4084014892
2130, 442674, 548, 298, 153.0886993408
2131, 442878, 548, 293, 158.8151855468
2132, 443082, 543, 299, 150.2860870361
2133, 443284, 548, 298, 153.0886993408
2134, 443488, 543, 298, 151.4084014892
21