=~=~=~=~=~=~=~=~=~=~=~= PuTTY log 2024.06.05 11:18:20 =~=~=~=~=~=~=~=~=~=~=~=
0, 10
273046,
272921, 1133.00, 19.43
272947, 1129.00, 19.36
272971, 1133.00, 19.43
272996, 1133.00, 19.43
273021, 1134.00, 19.45
273046, 272921, 1133.00, 19.43
272947, 1129.00, 19.36
272971, 1133.00, 19.43
272996, 1133.00, 19.43
273021, 1134.00, 19.45
273046, 111, 1142.00, 19.59
4, 1134.00, 19.45
6, 1158.00, 19.86
9, 1158.00, 19.86
14, 1134.00, 19.45
34, 1134.00, 19.45
56, 1128.00, 19.35
76, 1134.00, 19.45
97, 1134.00, 19.45
118, 1127.00, 19.33
140, 1133.00, 19.43
161, 1136.00, 19.48
184, 1132.00, 19.41
205, 1133.00, 19.43
227, 1134.00, 19.45
248, 1134.00, 19.45
271, 1134.00, 19.45
292, 1133.00, 19.43
314, 1136.00, 19.48
336, 1133.00, 19.43
358, 1133.00, 19.43
379, 1134.00, 19.45
402, 1133.00, 19.43
423, 1133.00, 19.43
445, 1134.00, 19.45
467, 1133.00, 19.43
489, 1134.00, 19.45
510, 1133.00, 19.43
533, 1134.00, 19.45
555, 1133.00, 19.43
576, 1133.00, 19.43
599, 1133.00, 19.43
620, 1136.00, 19.48
642, 1136.00, 19.48
664, 1134.00, 19.45
686, 1136.00, 19.48
707, 1134.00, 19.45
730, 1134.00, 19.45
751, 1133.00, 19.43
773, 1134.00, 19.45
795, 1134.00, 19.45
817, 1134.00, 19.45
838, 1136.00, 19.48
861, 1134.00, 19.45
882, 1134.00, 19.45
904, 1136.00, 19.48
926, 1134.00, 19.45
948, 1133.00, 19.43
969, 1133.00, 19.43
992, 1134.00, 19.45
1013, 1136.00, 19.48
1036, 1133.00, 19.43
1059, 1133.00, 19.43
1082, 1136.00, 19.48
1104, 1133.00, 19.43
1128, 1134.00, 19.45
1150, 1134.00, 19.45
1173, 1134.00, 19.45
1197, 1134.00, 19.45
1219, 1133.00, 19.43
1242, 1134.00, 19.45
1265, 1133.00, 19.43
1288, 1133.00, 19.43
1310, 1134.00, 19.45
1334, 1134.00, 19.45
1356, 1134.00, 19.45
1379, 1134.00, 19.45
1402, 1134.00, 19.45
1425, 1134.00, 19.45
1448, 1129.00, 19.36
1471, 1134.00, 19.45
1494, 1134.00, 19.45
1517, 1130.00, 19.38
1540, 1136.00, 19.48
1562, 1134.00, 19.45
1586, 1128.00, 19.35
1608, 1133.00, 19.43
1631, 1133.00, 19.43
1654, 1127.00, 19.33
1677, 1133.00, 19.43
1699, 1133.00, 19.43
1723, 1133.00, 19.43
1745, 1134.00, 19.45
1768, 1134.00, 19.45
1792, 1134.00, 19.45
1814, 1134.00, 19.45
1837, 1133.00, 19.43
1860, 1134.00, 19.45
1883, 1134.00, 19.45
1905, 1133.00, 19.43
1929, 1134.00, 19.45
1951, 1134.00, 19.45
1974, 1134.00, 19.45
1997, 1134.00, 19.45
2020, 1134.00, 19.45
2042, 1133.00, 19.43
2066, 1134.00, 19.45
2088, 1134.00, 19.45
2111, 1134.00, 19.45
2135, 1133.00, 19.43
2157, 1134.00, 19.45
2181, 1131.00, 19.40
2203, 1134.00, 19.45
2226, 1134.00, 19.45
2249, 1128.00, 19.35
2272, 1134.00, 19.45
2294, 1134.00, 19.45
2318, 1128.00, 19.35
2340, 1134.00, 19.45
2363, 1133.00, 19.43
2386, 1128.00, 19.35
2409, 1134.00, 19.45
2432, 1133.00, 19.43
2455, 1134.00, 19.45
2478, 1136.00, 19.48
2500, 1134.00, 19.45
2524, 1134.00, 19.45
2546, 1134.00, 19.45
2569, 1134.00, 19.45
2592, 1134.00, 19.45
2615, 1133.00, 19.43
2637, 1133.00, 19.43
2661, 1134.00, 19.45
2683, 1133.00, 19.43
2706, 1134.00, 19.45
2729, 1134.00, 19.45
2752, 1136.00, 19.48
2775, 1134.00, 19.45
2798, 1136.00, 19.48
2821, 1134.00, 19.45
2843, 1134.00, 19.45
2867, 1133.00, 19.43
2889, 1134.00, 19.45
2913, 1132.00, 19.41
2935, 1134.00, 19.45
2958, 1133.00, 19.43
2981, 1128.00, 19.35
3004, 1134.00, 19.45
3026, 1134.00, 19.45
3050, 1130.00, 19.38
3073, 1134.00, 19.45
3095, 1134.00, 19.45
3119, 1128.00, 19.35
3141, 1133.00, 19.43
3164, 1133.00, 19.43
3187, 1134.00, 19.45
3210, 1134.00, 19.45
3232, 1133.00, 19.43
3256, 1134.00, 19.45
3278, 1134.00, 19.45
3301, 1133.00, 19.43
3324, 1134.00, 19.45
3347, 1134.00, 19.45
3369, 1134.00, 19.45
3393, 1134.00, 19.45
3416, 1133.00, 19.43
3438, 1136.00, 19.48
3462, 1136.00, 19.48
3484, 1136.00, 19.48
3507, 1133.00, 19.43
3530, 1136.00, 19.48
3553, 1133.00, 19.43
3575, 1133.00, 19.43
3599, 1133.00, 19.43
3621, 1134.00, 19.45
3645, 1130.00, 19.38
3667, 1133.00, 19.43
3690, 1134.00, 19.45
3714, 1130.00, 19.38
3736, 1134.00, 19.45
3759, 1134.00, 19.45
3782, 1128.00, 19.35
3805, 1134.00, 19.45
3827, 1135.00, 19.47
3851, 1127.00, 19.33
3873, 1134.00, 19.45
3896, 1133.00, 19.43
3919, 1136.00, 19.48
3942, 1134.00, 19.45
3964, 1134.00, 19.45
3988, 1133.00, 19.43
4011, 1135.00, 19.47
4033, 1134.00, 19.45
4057, 1133.00, 19.43
4079, 1133.00, 19.43
4102, 1134.00, 19.45
4125, 1133.00, 19.43
4148, 1133.00, 19.43
4170, 1134.00, 19.45
4194, 1134.00, 19.45
4216, 1136.00, 19.48
4239, 1133.00, 19.43
4262, 1134.00, 19.45
4285, 1134.00, 19.45
4307, 1134.00, 19.45
4331, 1133.00, 19.43
4354, 1134.00, 19.45
4377, 1131.00, 19.40
4400, 1136.00, 19.48
4422, 1134.00, 19.45
4446, 1128.00, 19.35
4468, 1136.00, 19.48
4491, 1134.00, 19.45
4514, 1127.00, 19.33
4537, 1133.00, 19.43
4559, 1134.00, 19.45
4583, 1128.00, 19.35
4605, 1136.00, 19.48
4628, 1133.00, 19.43
4652, 1133.00, 19.43
4674, 1134.00, 19.45
4697, 1133.00, 19.43
4720, 1133.00, 19.43
4743, 1134.00, 19.45
4765, 1134.00, 19.45
4789, 1134.00, 19.45
4811, 1134.00, 19.45
4834, 1134.00, 19.45
4857, 1134.00, 19.45
4880, 1133.00, 19.43
4902, 1134.00, 19.45
4926, 1136.00, 19.48
4948, 1134.00, 19.45
4971, 1134.00, 19.45
4995, 1134.00, 19.45
5017, 1134.00, 19.45
5040, 1134.00, 19.45
5063, 1133.00, 19.43
5086, 1134.00, 19.45
5109, 1130.00, 19.38
5132, 1134.00, 19.45
5154, 1134.00, 19.45
5178, 1128.00, 19.35
5200, 1133.00, 19.43
5223, 1134.00, 19.45
5246, 1127.00, 19.33
5269, 1136.00, 19.48
5292, 1133.00, 19.43
5315, 1127.00, 19.33
5338, 1136.00, 19.48
5360, 1133.00, 19.43
5384, 1136.00, 19.48
5406, 1134.00, 19.45
5429, 1136.00, 19.48
5452, 1133.00, 19.43
5475, 1134.00, 19.45
5497, 1134.00, 19.45
5521, 1136.00, 19.48
5543, 1134.00, 19.45
5566, 1134.00, 19.45
5590, 1133.00, 19.43
5612, 1133.00, 19.43
5635, 1134.00, 19.45
5658, 1136.00, 19.48
5681, 1133.00, 19.43
5703, 1136.00, 19.48
5727, 1136.00, 19.48
5749, 1134.00, 19.45
5772, 1133.00, 19.43
5795, 1136.00, 19.48
5818, 1136.00, 19.48
5841, 1130.00, 19.38
5864, 1133.00, 19.43
5886, 1135.00, 19.47
5910, 1130.00, 19.38
5933, 1137.00, 19.50
5955, 1136.00, 19.48
5979, 1130.00, 19.38
6001, 1136.00, 19.48
6024, 1134.00, 19.45
6047, 1128.00, 19.35
6070, 1134.00, 19.45
6092, 1133.00, 19.43
6116, 1134.00, 19.45
6138, 1134.00, 19.45
6161, 1136.00, 19.48
6184, 1134.00, 19.45
6207, 1134.00, 19.45
6230, 1134.00, 19.45
6253, 1134.00, 19.45
6276, 1134.00, 19.45
6298, 1136.00, 19.48
6322, 1134.00, 19.45
6344, 1134.00, 19.45
6367, 1136.00, 19.48
6390, 1133.00, 19.43
6413, 1136.00, 19.48
6435, 1136.00, 19.48
6459, 1136.00, 19.48
6481, 1136.00, 19.48
6504, 1136.00, 19.48
6528, 1135.00, 19.47
6550, 1134.00, 19.45
6574, 1130.00, 19.38
6596, 1136.00, 19.48
6619, 1136.00, 19.48
6642, 1127.00, 19.33
6665, 1136.00, 19.48
6687, 1136.00, 19.48
6711, 1127.00, 19.33
6733, 1136.00, 19.48
6756, 1133.00, 19.43
6779, 1128.00, 19.35
6802, 1136.00, 19.48
6824, 1134.00, 19.45
6848, 1134.00, 19.45
6871, 1133.00, 19.43
6893, 1134.00, 19.45
6917, 1134.00, 19.45
6939, 1136.00, 19.48
6962, 1133.00, 19.43
6985, 1136.00, 19.48
7008, 1136.00, 19.48
7030, 1134.00, 19.45
7054, 1134.00, 19.45
7076, 1134.00, 19.45
7099, 1133.00, 19.43
7122, 1134.00, 19.45
7145, 1137.00, 19.50
7168, 1136.00, 19.48
7191, 1136.00, 19.48
7214, 1136.00, 19.48
7236, 1133.00, 19.43
7260, 1137.00, 19.50
7282, 1134.00, 19.45
7306, 1132.00, 19.41
7328, 1133.00, 19.43
7351, 1136.00, 19.48
7374, 1127.00, 19.33
7397, 1133.00, 19.43
7419, 1136.00, 19.48
7443, 1127.00, 19.33
7465, 1136.00, 19.48
7488, 1136.00, 19.48
7512, 1130.00, 19.38
7534, 1133.00, 19.43
7557, 1134.00, 19.45
7580, 1134.00, 19.45
7603, 1133.00, 19.43
7625, 1136.00, 19.48
7649, 1134.00, 19.45
7671, 1136.00, 19.48
7694, 1136.00, 19.48
7717, 1136.00, 19.48
7740, 1134.00, 19.45
7762, 1134.00, 19.45
7786, 1133.00, 19.43
7809, 1136.00, 19.48
7831, 1136.00, 19.48
7855, 1134.00, 19.45
7877, 1134.00, 19.45
7900, 1134.00, 19.45
7923, 1134.00, 19.45
7946, 1134.00, 19.45
7968, 1136.00, 19.48
7992, 1133.00, 19.43
8014, 1134.00, 19.45
8038, 1133.00, 19.43
8060, 1136.00, 19.48
8083, 1136.00, 19.48
8107, 1130.00, 19.38
8129, 1136.00, 19.48
8152, 1137.00, 19.50
8175, 1128.00, 19.35
8198, 1136.00, 19.48
8220, 1134.00, 19.45
8244, 1128.00, 19.35
8266, 1134.00, 19.45
8289, 1136.00, 19.48
8312, 1136.00, 19.48
8335, 1134.00, 19.45
8357, 1136.00, 19.48
8381, 1137.00, 19.50
8403, 1134.00, 19.45
8426, 1134.00, 19.45
8450, 1136.00, 19.48
8472, 1136.00, 19.48
8495, 1136.00, 19.48
8518, 1134.00, 19.45
8541, 1136.00, 19.48
8563, 1134.00, 19.45
8587, 1134.00, 19.45
8609, 1136.00, 19.48
8632, 1133.00, 19.43
8655, 1134.00, 19.45
8678, 1136.00, 19.48
8700, 1134.00, 19.45
8724, 1134.00, 19.45
8747, 1133.00, 19.43
8770, 1132.00, 19.41
8793, 1136.00, 19.48
8815, 1136.00, 19.48
8839, 1128.00, 19.35
8861, 1136.00, 19.48
8884, 1134.00, 19.45
8907, 1130.00, 19.38
8930, 1134.00, 19.45
8952, 1133.00, 19.43
8976, 1128.00, 19.35
8998, 1134.00, 19.45
9021, 1134.00, 19.45
9044, 1134.00, 19.45
9067, 1134.00, 19.45
9090, 1133.00, 19.43
9113, 1134.00, 19.45
9136, 1133.00, 19.43
9158, 1136.00, 19.48
9182, 1134.00, 19.45
9204, 1137.00, 19.50
9227, 1136.00, 19.48
9250, 1134.00, 19.45
9273, 1134.00, 19.45
9295, 1136.00, 19.48
9319, 1134.00, 19.45
9341, 1134.00, 19.45
9364, 1136.00, 19.48
9388, 1136.00, 19.48
9410, 1137.00, 19.50
9433, 1133.00, 19.43
9456, 1134.00, 19.45
9479, 1136.00, 19.48
9502, 1131.00, 19.40
9525, 1134.00, 19.45
9547, 1137.00, 19.50
9571, 1130.00, 19.38
9593, 1137.00, 19.50
9616, 1137.00, 19.50
9639, 1130.00, 19.38
9662, 1134.00, 19.45
9684, 1136.00, 19.48
9708, 1129.00, 19.36
9731, 1137.00, 19.50
9753, 1136.00, 19.48
9777, 1136.00, 19.48
9799, 1136.00, 19.48
9822, 1136.00, 19.48
9845, 1136.00, 19.48
9868, 1137.00, 19.50
9890, 1136.00, 19.48
9914, 1136.00, 19.48
9936, 1136.00, 19.48
9959, 1136.00, 19.48
9982, 1136.00, 19.48
10005, 1136.00, 19.48
10029, 1136.00, 19.48
10053, 1136.00, 19.48
10077, 1136.00, 19.48
10101, 1133.00, 19.43
10125, 1136.00, 19.48
10148, 1136.00, 19.48
10173, 1130.00, 19.38
10196, 1134.00, 19.45
10220, 1136.00, 19.48
10245, 1136.00, 19.48
10268, 1134.00, 19.45
10292, 1137.00, 19.50
10316, 1134.00, 19.45
10340, 1134.00, 19.45
10363, 1136.00, 19.48
10388, 1136.00, 19.48
10412, 1137.00, 19.50
10436, 1130.00, 19.38
10460, 1136.00, 19.48
10483, 1136.00, 19.48
10508, 1130.00, 19.38
10531, 1135.00, 19.47
10555, 1136.00, 19.48
10579, 1136.00, 19.48
10603, 1136.00, 19.48
10627, 1136.00, 19.48
10651, 1136.00, 19.48
10675, 1137.00, 19.50
10698, 1136.00, 19.48
10723, 1136.00, 19.48
10746, 1136.00, 19.48
10771, 1130.00, 19.38
10795, 1136.00, 19.48
10818, 1136.00, 19.48
10843, 1136.00, 19.48
10866, 1134.00, 19.45
10890, 1136.00, 19.48
10914, 1136.00, 19.48
10938, 1136.00, 19.48
10961, 1136.00, 19.48
10986, 1136.00, 19.48
11010, 1136.00, 19.48
11034, 1130.00, 19.38
11058, 1136.00, 19.48
11081, 1136.00, 19.48
11106, 1130.00, 19.38
11129, 1137.00, 19.50
11153, 1136.00, 19.48
11177, 1134.00, 19.45
11201, 1137.00, 19.50
11225, 1136.00, 19.48
11249, 1137.00, 19.50
11273, 1137.00, 19.50
11296, 1134.00, 19.45
11321, 1137.00, 19.50
11344, 1134.00, 19.45
11369, 1131.00, 19.40
11393, 1134.00, 19.45
11416, 1137.00, 19.50
11441, 1136.00, 19.48
11464, 1133.00, 19.43
11488, 1136.00, 19.48
11512, 1134.00, 19.45
11536, 1136.00, 19.48
11559, 1134.00, 19.45
11584, 1136.00, 19.48
11608, 1134.00, 19.45
11632, 1130.00, 19.38
11656, 1134.00, 19.45
11679, 1134.00, 19.45
11704, 1131.00, 19.40
11727, 1134.00, 19.45
11751, 1137.00, 19.50
11776, 1134.00, 19.45
11799, 1136.00, 19.48
11823, 1137.00, 19.50
11847, 1134.00, 19.45
11871, 1136.00, 19.48
11894, 1136.00, 19.48
11919, 1134.00, 19.45
11942, 1135.00, 19.47
11967, 1131.00, 19.40
11991, 1137.00, 19.50
12014, 1137.00, 19.50
12039, 1130.00, 19.38
12062, 1137.00, 19.50
12086, 1137.00, 19.50
12110, 1137.00, 19.50
12134, 1134.00, 19.45
12157, 1136.00, 19.48
12182, 1136.00, 19.48
12206, 1136.00, 19.48
12229, 1134.00, 19.45
12254, 1133.00, 19.43
12277, 1137.00, 19.50
12302, 1130.00, 19.38
12325, 1136.00, 19.48
12349, 1136.00, 19.48
12374, 1133.00, 19.43
12397, 1136.00, 19.48
12421, 1136.00, 19.48
12445, 1136.00, 19.48
12469, 1136.00, 19.48
12492, 1136.00, 19.48
12517, 1136.00, 19.48
12540, 1136.00, 19.48
12565, 1131.00, 19.40
12589, 1134.00, 19.45
12612, 1134.00, 19.45
12637, 1130.00, 19.38
12660, 1136.00, 19.48
12684, 1136.00, 19.48
12708, 1136.00, 19.48
12732, 1136.00, 19.48
12755, 1137.00, 19.50
12780, 1137.00, 19.50
12804, 1133.00, 19.43
12827, 1134.00, 19.45
12852, 1136.00, 19.48
12875, 1136.00, 19.48
12900, 1128.00, 19.35
12923, 1134.00, 19.45
12947, 1136.00, 19.48
12972, 1136.00, 19.48
12995, 1134.00, 19.45
13019, 1134.00, 19.45
13043, 1136.00, 19.48
13067, 1134.00, 19.45
13090, 1134.00, 19.45
13115, 1133.00, 19.43
13138, 1136.00, 19.48
13163, 1131.00, 19.40
13187, 1137.00, 19.50
13210, 1137.00, 19.50
13235, 1128.00, 19.35
13258, 1137.00, 19.50
13282, 1134.00, 19.45
13306, 1134.00, 19.45
13330, 1136.00, 19.48
13353, 1134.00, 19.45
13378, 1136.00, 19.48
13402, 1134.00, 19.45
13425, 1134.00, 19.45
13450, 1136.00, 19.48
13473, 1134.00, 19.45
13498, 1128.00, 19.35
13521, 1136.00, 19.48
13545, 1134.00, 19.45
13570, 1128.00, 19.35
13593, 1136.00, 19.48
13617, 1134.00, 19.45
13641, 1136.00, 19.48
13665, 1134.00, 19.45
13688, 1136.00, 19.48
13713, 1136.00, 19.48
13736, 1136.00, 19.48
13760, 1134.00, 19.45
13785, 1136.00, 19.48
13808, 1137.00, 19.50
13833, 1130.00, 19.38
13856, 1137.00, 19.50
13880, 1136.00, 19.48
13904, 1136.00, 19.48
13928, 1136.00, 19.48
13952, 1133.00, 19.43
13976, 1137.00, 19.50
14000, 1137.00, 19.50
14023, 1137.00, 19.50
14048, 1136.00, 19.48
14071, 1134.00, 19.45
14096, 1131.00, 19.40
14119, 1136.00, 19.48
14143, 1136.00, 19.48
14168, 1128.00, 19.35
14191, 1136.00, 19.48
14215, 1136.00, 19.48
14239, 1134.00, 19.45
14263, 1136.00, 19.48
14286, 1134.00, 19.45
14311, 1134.00, 19.45
14334, 1137.00, 19.50
14358, 1134.00, 19.45
14383, 1137.00, 19.50
14406, 1136.00, 19.48
14431, 1130.00, 19.38
14454, 1134.00, 19.45
14478, 1136.00, 19.48
14502, 1134.00, 19.45
14526, 1134.00, 19.45
14550, 1133.00, 19.43
14574, 1134.00, 19.45
14598, 1136.00, 19.48
14621, 1137.00, 19.50
14646, 1134.00, 19.45
14669, 1137.00, 19.50
14694, 1129.00, 19.36
14717, 1134.00, 19.45
14741, 1136.00, 19.48
14766, 1128.00, 19.35
14789, 1136.00, 19.48
14813, 1134.00, 19.45
14837, 1134.00, 19.45
14861, 1136.00, 19.48
14884, 1134.00, 19.45
14909, 1133.00, 19.43
14932, 1137.00, 19.50
14956, 1134.00, 19.45
14981, 1136.00, 19.48
15004, 1134.00, 19.45
15029, 1128.00, 19.35
15052, 1134.00, 19.45
15076, 1137.00, 19.50
15100, 1128.00, 19.35
15124, 1134.00, 19.45
15148, 1133.00, 19.43
15172, 1136.00, 19.48
15196, 1134.00, 19.45
15219, 1136.00, 19.48
15244, 1136.00, 19.48
15267, 1136.00, 19.48
15291, 1133.00, 19.43
15315, 1133.00, 19.43
15339, 1134.00, 19.45
15364, 1130.00, 19.38
15387, 1134.00, 19.45
15411, 1136.00, 19.48
15435, 1134.00, 19.45
15459, 1136.00, 19.48
15482, 1134.00, 19.45
15507, 1133.00, 19.43
15531, 1136.00, 19.48
15554, 1133.00, 19.43
15579, 1136.00, 19.48
15602, 1134.00, 19.45
15627, 1130.00, 19.38
15650, 1136.00, 19.48
15674, 1136.00, 19.48
15698, 1130.00, 19.38
15722, 1134.00, 19.45
15746, 1136.00, 19.48
15770, 1134.00, 19.45
15794, 1136.00, 19.48
15817, 1134.00, 19.45
15842, 1133.00, 19.43
15865, 1133.00, 19.43
15889, 1134.00, 19.45
15913, 1136.00, 19.48
15937, 1133.00, 19.43
15962, 1128.00, 19.35
15985, 1134.00, 19.45
16009, 1136.00, 19.48
16033, 1136.00, 19.48
16057, 1136.00, 19.48
16080, 1133.00, 19.43
16105, 1133.00, 19.43
16129, 1135.00, 19.47
16152, 1136.00, 19.48
16177, 1136.00, 19.48
16200, 1136.00, 19.48
16225, 1131.00, 19.40
16248, 1133.00, 19.43
16272, 1136.00, 19.48
16296, 1130.00, 19.38
16320, 1136.00, 19.48
16344, 1136.00, 19.48
16368, 1134.00, 19.45
16392, 1133.00, 19.43
16415, 1136.00, 19.48
16440, 1135.00, 19.47
16463, 1136.00, 19.48
16487, 1137.00, 19.50
16512, 1133.00, 19.43
16535, 1133.00, 19.43
16560, 1128.00, 19.35
16583, 1133.00, 19.43
16607, 1136.00, 19.48
16631, 1127.00, 19.33
16655, 1136.00, 19.48
16678, 1136.00, 19.48
16703, 1135.00, 19.47
16727, 1134.00, 19.45
16750, 1136.00, 19.48
16775, 1136.00, 19.48
16798, 1136.00, 19.48
16822, 1136.00, 19.48
16846, 1134.00, 19.45
16870, 1134.00, 19.45
16894, 1129.00, 19.36
16918, 1134.00, 19.45
16942, 1136.00, 19.48
16966, 1136.00, 19.48
16990, 1134.00, 19.45
17013, 1136.00, 19.48
17038, 1133.00, 19.43
17061, 1136.00, 19.48
17085, 1134.00, 19.45
17110, 1133.00, 19.43
17133, 1134.00, 19.45
17158, 1130.00, 19.38
17181, 1134.00, 19.45
17205, 1136.00, 19.48
17229, 1128.00, 19.35
17253, 1134.00, 19.45
17276, 1136.00, 19.48
17301, 1136.00, 19.48
17325, 1136.00, 19.48
17348, 1136.00, 19.48
17373, 1134.00, 19.45
17396, 1134.00, 19.45
17420, 1133.00, 19.43
17444, 1136.00, 19.48
17468, 1133.00, 19.43
17492, 1130.00, 19.38
17516, 1134.00, 19.45
17540, 1136.00, 19.48
17564, 1134.00, 19.45
17588, 1133.00, 19.43
17611, 1134.00, 19.45
17636, 1134.00, 19.45
17659, 1134.00, 19.45
17683, 1136.00, 19.48
17708, 1136.00, 19.48
17731, 1134.00, 19.45
17756, 1130.00, 19.38
17779, 1136.00, 19.48
17803, 1133.00, 19.43
17827, 1128.00, 19.35
17851, 1136.00, 19.48
17874, 1136.00, 19.48
17899, 1136.00, 19.48
17923, 1136.00, 19.48
17946, 1136.00, 19.48
17971, 1136.00, 19.48
17994, 1136.00, 19.48
18018, 1136.00, 19.48
18042, 1134.00, 19.45
18066, 1136.00, 19.48
18091, 1127.00, 19.33
18114, 1136.00, 19.48
18138, 1135.00, 19.47
18162, 1127.00, 19.33
18186, 1134.00, 19.45
18209, 1133.00, 19.43
18234, 1136.00, 19.48
18257, 1136.00, 19.48
18281, 1136.00, 19.48
18306, 1134.00, 19.45
18329, 1133.00, 19.43
18353, 1136.00, 19.48
18377, 1133.00, 19.43
18401, 1136.00, 19.48
18425, 1127.00, 19.33
18449, 1133.00, 19.43
18472, 1136.00, 19.48
18497, 1133.00, 19.43
18521, 1136.00, 19.48
18544, 1133.00, 19.43
18569, 1134.00, 19.45
18592, 1136.00, 19.48
18616, 1136.00, 19.48
18640, 1136.00, 19.48
18664, 1134.00, 19.45
18689, 1128.00, 19.35
18712, 1134.00, 19.45
18736, 1136.00, 19.48
18760, 1130.00, 19.38
18784, 1133.00, 19.43
18807, 1136.00, 19.48
18832, 1134.00, 19.45
18855, 1133.00, 19.43
18879, 1133.00, 19.43
18904, 1134.00, 19.45
18927, 1136.00, 19.48
18951, 1134.00, 19.45
18975, 1134.00, 19.45
18999, 1134.00, 19.45
19023, 1130.00, 19.38
19047, 1133.00, 19.43
19070, 1136.00, 19.48
19095, 1136.00, 19.48
19119, 1136.00, 19.48
19142, 1133.00, 19.43
19167, 1134.00, 19.45
19190, 1134.00, 19.45
19214, 1134.00, 19.45
19238, 1134.00, 19.45
19262, 1134.00, 19.45
19287, 1130.00, 19.38
19310, 1136.00, 19.48
19334, 1136.00, 19.48
19358, 1127.00, 19.33
19382, 1136.00, 19.48
19405, 1133.00, 19.43
19430, 1133.00, 19.43
19453, 1136.00, 19.48
19477, 1134.00, 19.45
19502, 1136.00, 19.48
19525, 1133.00, 19.43
19549, 1136.00, 19.48
19573, 1133.00, 19.43
19597, 1136.00, 19.48
19621, 1130.00, 19.38
19645, 1136.00, 19.48
19668, 1136.00, 19.48
19693, 1130.00, 19.38
19717, 1136.00, 19.48
19740, 1136.00, 19.48
19765, 1134.00, 19.45
19788, 1134.00, 19.45
19812, 1136.00, 19.48
19836, 1134.00, 19.45
19860, 1134.00, 19.45
19884, 1136.00, 19.48
19908, 1136.00, 19.48
19932, 1134.00, 19.45
19956, 1128.00, 19.35
19980, 1134.00, 19.45
20003, 1134.00, 19.45
20028, 1133.00, 19.43
20051, 1134.00, 19.45
20075, 1133.00, 19.43
20100, 1134.00, 19.45
20123, 1134.00, 19.45
20147, 1135.00, 19.47
20171, 1133.00, 19.43
20195, 1133.00, 19.43
20219, 1130.00, 19.38
20243, 1136.00, 19.48
20267, 1135.00, 19.47
20291, 1130.00, 19.38
20315, 1134.00, 19.45
20338, 1134.00, 19.45
20363, 1134.00, 19.45
20386, 1133.00, 19.43
20410, 1133.00, 19.43
20434, 1133.00, 19.43
20458, 1133.00, 19.43
20482, 1134.00, 19.45
20506, 1136.00, 19.48
20530, 1133.00, 19.43
20554, 1127.00, 19.33
20578, 1134.00, 19.45
20601, 1134.00, 19.45
20626, 1133.00, 19.43
20649, 1136.00, 19.48
20673, 1134.00, 19.45
20698, 1134.00, 19.45
20721, 1134.00, 19.45
20745, 1134.00, 19.45
20769, 1134.00, 19.45
20793, 1136.00, 19.48
20817, 1129.00, 19.36
20841, 1133.00, 19.43
20865, 1136.00, 19.48
20889, 1128.00, 19.35
20913, 1134.00, 19.45
20936, 1134.00, 19.45
20961, 1136.00, 19.48
20984, 1134.00, 19.45
21008, 1133.00, 19.43
21032, 1133.00, 19.43
21056, 1136.00, 19.48
21080, 1134.00, 19.45
21104, 1136.00, 19.48
21128, 1134.00, 19.45
21152, 1127.00, 19.33
21176, 1134.00, 19.45
21199, 1134.00, 19.45
21224, 1128.00, 19.35
21248, 1136.00, 19.48
21271, 1133.00, 19.43
21296, 1133.00, 19.43
21319, 1134.00, 19.45
21343, 1136.00, 19.48
21367, 1135.00, 19.47
21391, 1134.00, 19.45
21414, 1136.00, 19.48
21439, 1135.00, 19.47
21463, 1134.00, 19.45
21487, 1130.00, 19.38
21511, 1133.00, 19.43
21534, 1134.00, 19.45
21559, 1134.00, 19.45
21582, 1136.00, 19.48
21606, 1136.00, 19.48
21630, 1133.00, 19.43
21654, 1136.00, 19.48
21678, 1133.00, 19.43
21702, 1136.00, 19.48
21726, 1136.00, 19.48
21750, 1130.00, 19.38
21774, 1133.00, 19.43
21797, 1136.00, 19.48
21822, 1130.00, 19.38
21846, 1135.00, 19.47
21869, 1136.00, 19.48
21894, 1136.00, 19.48
21917, 1136.00, 19.48
21941, 1134.00, 19.45
21965, 1136.00, 19.48
21989, 1133.00, 19.43
22012, 1134.00, 19.45
22037, 1136.00, 19.48
22061, 1136.00, 19.48
22085, 1130.00, 19.38
22109, 1133.00, 19.43
22132, 1136.00, 19.48
22157, 1134.00, 19.45
22180, 1136.00, 19.48
22204, 1133.00, 19.43
22228, 1134.00, 19.45
22252, 1136.00, 19.48
22276, 1136.00, 19.48
22300, 1136.00, 19.48
22324, 1134.00, 19.45
22348, 1131.00, 19.40
22372, 1134.00, 19.45
22395, 1136.00, 19.48
22420, 1130.00, 19.38
22444, 1136.00, 19.48
22467, 1133.00, 19.43
22492, 1134.00, 19.45
22515, 1133.00, 19.43
22539, 1134.00, 19.45
22563, 1133.00, 19.43
22587, 1136.00, 19.48
22610, 1134.00, 19.45
22635, 1134.00, 19.45
22659, 1133.00, 19.43
22683, 1130.00, 19.38
22707, 1134.00, 19.45
22730, 1133.00, 19.43
22755, 1128.00, 19.35
22778, 1134.00, 19.45
22802, 1134.00, 19.45
22827, 1136.00, 19.48
22850, 1134.00, 19.45
22874, 1133.00, 19.43
22898, 1134.00, 19.45
22922, 1133.00, 19.43
22945, 1135.00, 19.47
22970, 1134.00, 19.45
22993, 1133.00, 19.43
23018, 1128.00, 19.35
23042, 1134.00, 19.45
23065, 1134.00, 19.45
23090, 1133.00, 19.43
23113, 1134.00, 19.45
23137, 1134.00, 19.45
23161, 1134.00, 19.45
23185, 1134.00, 19.45
23208, 1134.00, 19.45
23233, 1133.00, 19.43
23257, 1133.00, 19.43
23281, 1128.00, 19.35
23305, 1134.00, 19.45
23328, 1136.00, 19.48
23353, 1128.00, 19.35
23376, 1133.00, 19.43
23400, 1134.00, 19.45
23425, 1136.00, 19.48
23448, 1134.00, 19.45
23472, 1134.00, 19.45
23496, 1134.00, 19.45
23520, 1134.00, 19.45
23543, 1133.00, 19.43
23568, 1133.00, 19.43
23591, 1133.00, 19.43
23616, 1128.00, 19.35
23640, 1134.00, 19.45
23663, 1133.00, 19.43
23688, 1135.00, 19.47
23711, 1134.00, 19.45
23735, 1133.00, 19.43
23759, 1134.00, 19.45
23783, 1134.00, 19.45
23806, 1134.00, 19.45
23831, 1136.00, 19.48
23855, 1136.00, 19.48
23879, 1131.00, 19.40
23903, 1133.00, 19.43
23926, 1133.00, 19.43
23951, 1127.00, 19.33
23974, 1134.00, 19.45
23998, 1136.00, 19.48
24023, 1136.00, 19.48
24046, 1134.00, 19.45
24070, 1134.00, 19.45
24094, 1134.00, 19.45
24118, 1134.00, 19.45
24141, 1134.00, 19.45
24166, 1134.00, 19.45
24189, 1136.00, 19.48
24214, 1127.00, 19.33
24238, 1133.00, 19.43
24261, 1136.00, 19.48
24286, 1127.00, 19.33
24309, 1134.00, 19.45
24333, 1134.00, 19.45
24357, 1134.00, 19.45
24381, 1134.00, 19.45
24404, 1134.00, 19.45
24429, 1136.00, 19.48
24453, 1136.00, 19.48
24476, 1136.00, 19.48
24501, 1134.00, 19.45
24524, 1134.00, 19.45
24549, 1130.00, 19.38
24572, 1133.00, 19.43
24596, 1133.00, 19.43
24621, 1134.00, 19.45
24644, 1134.00, 19.45
24668, 1134.00, 19.45
24692, 1133.00, 19.43
24716, 1133.00, 19.43
24739, 1136.00, 19.48
24764, 1135.00, 19.47
24787, 1134.00, 19.45
24812, 1130.00, 19.38
24836, 1135.00, 19.47
24859, 1136.00, 19.48
24884, 1127.00, 19.33
24907, 1133.00, 19.43
24931, 1134.00, 19.45
24955, 1136.00, 19.48
24979, 1134.00, 19.45
25003, 1133.00, 19.43
25027, 1133.00, 19.43
25051, 1136.00, 19.48
25074, 1134.00, 19.45
25099, 1134.00, 19.45
25122, 1134.00, 19.45
25147, 1130.00, 19.38
25170, 1134.00, 19.45
25194, 1134.00, 19.45
25219, 1133.00, 19.43
25242, 1133.00, 19.43
25266, 1134.00, 19.45
25290, 1134.00, 19.45
25314, 1134.00, 19.45
25337, 1134.00, 19.45
25362, 1134.00, 19.45
25385, 1134.00, 19.45
25410, 1131.00, 19.40
25434, 1134.00, 19.45
25457, 1134.00, 19.45
25482, 1127.00, 19.33
25505, 1134.00, 19.45
25529, 1136.00, 19.48
25553, 1135.00, 19.47
25577, 1136.00, 19.48
25601, 1133.00, 19.43
25625, 1133.00, 19.43
25649, 1133.00, 19.43
25672, 1136.00, 19.48
25697, 1137.00, 19.50
25720, 1134.00, 19.45
25745, 1128.00, 19.35
25768, 1136.00, 19.48
25792, 1136.00, 19.48
25817, 1130.00, 19.38
25840, 1136.00, 19.48
25864, 1136.00, 19.48
25888, 1136.00, 19.48
25912, 1136.00, 19.48
25935, 1136.00, 19.48
25960, 1133.00, 19.43
25984, 1133.00, 19.43
26007, 1134.00, 19.45
26032, 1134.00, 19.45
26055, 1136.00, 19.48
26080, 1130.00, 19.38
26103, 1136.00, 19.48
26127, 1136.00, 19.48
26151, 1136.00, 19.48
26175, 1136.00, 19.48
26199, 1134.00, 19.45
26223, 1136.00, 19.48
26247, 1136.00, 19.48
26270, 1134.00, 19.45
26295, 1136.00, 19.48
26318, 1136.00, 19.48
26343, 1128.00, 19.35
26366, 1137.00, 19.50
26390, 1137.00, 19.50
26415, 1130.00, 19.38
26438, 1137.00, 19.50
26462, 1136.00, 19.48
26486, 1137.00, 19.50
26510, 1134.00, 19.45
26533, 1136.00, 19.48
26558, 1134.00, 19.45
26582, 1134.00, 19.45
26605, 1134.00, 19.45
26630, 1136.00, 19.48
26653, 1136.00, 19.48
26678, 1128.00, 19.35
26701, 1134.00, 19.45
26725, 1136.00, 19.48
26749, 1136.00, 19.48
26773, 1134.00, 19.45
26797, 1137.00, 19.50
26821, 1136.00, 19.48
26845, 1136.00, 19.48
26868, 1134.00, 19.45
26893, 1136.00, 19.48
26916, 1134.00, 19.45
26941, 1132.00, 19.41
26964, 1137.00, 19.50
26988, 1136.00, 19.48
27013, 1130.00, 19.38
27036, 1136.00, 19.48
27060, 1137.00, 19.50
27084, 1137.00, 19.50
27108, 1136.00, 19.48
27131, 1136.00, 19.48
27156, 1136.00, 19.48
27180, 1137.00, 19.50
27203, 1136.00, 19.48
27228, 1136.00, 19.48
27251, 1136.00, 19.48
27276, 1128.00, 19.35
27299, 1137.00, 19.50
27323, 1136.00, 19.48
27347, 1130.00, 19.38
27371, 1136.00, 19.48
27395, 1134.00, 19.45
27419, 1136.00, 19.48
27443, 1134.00, 19.45
27466, 1136.00, 19.48
27491, 1134.00, 19.45
27514, 1134.00, 19.45
27538, 1137.00, 19.50
27563, 1135.00, 19.47
27586, 1134.00, 19.45
27611, 1130.00, 19.38
27634, 1136.00, 19.48
27658, 1134.00, 19.45
27682, 1134.00, 19.45
27706, 1136.00, 19.48
27729, 1136.00, 19.48
27754, 1134.00, 19.45
27778, 1134.00, 19.45
27801, 1136.00, 19.48
27826, 1136.00, 19.48
27849, 1137.00, 19.50
27874, 1130.00, 19.38
27897, 1136.00, 19.48
27921, 1136.00, 19.48
27945, 1128.00, 19.35
27969, 1133.00, 19.43
27993, 1136.00, 19.48
28017, 1136.00, 19.48
28041, 1133.00, 19.43
28064, 1136.00, 19.48
28089, 1136.00, 19.48
28112, 1137.00, 19.50
28136, 1134.00, 19.45
28161, 1136.00, 19.48
28184, 1134.00, 19.45
28209, 1128.00, 19.35
28232, 1136.00, 19.48
28256, 1136.00, 19.48
28280, 1136.00, 19.48
28304, 1134.00, 19.45
28327, 1136.00, 19.48
28352, 1133.00, 19.43
28376, 1135.00, 19.47
28399, 1134.00, 19.45
28424, 1136.00, 19.48
28447, 1136.00, 19.48
28472, 1130.00, 19.38
28495, 1134.00, 19.45
28519, 1136.00, 19.48
28544, 1127.00, 19.33
28567, 1134.00, 19.45
28591, 1136.00, 19.48
28615, 1134.00, 19.45
28639, 1134.00, 19.45
28662, 1134.00, 19.45
28687, 1136.00, 19.48
28710, 1133.00, 19.43
28734, 1134.00, 19.45
28759, 1134.00, 19.45
28782, 1134.00, 19.45
28807, 1131.00, 19.40
28830, 1137.00, 19.50
28854, 1134.00, 19.45
28878, 1128.00, 19.35
28902, 1136.00, 19.48
28925, 1137.00, 19.50
28950, 1134.00, 19.45
28974, 1134.00, 19.45
28997, 1134.00, 19.45
29022, 1136.00, 19.48
29045, 1137.00, 19.50
29069, 1137.00, 19.50
29093, 1134.00, 19.45
29117, 1137.00, 19.50
29142, 1130.00, 19.38
29165, 1134.00, 19.45
29189, 1134.00, 19.45
29213, 1134.00, 19.45
29237, 1137.00, 19.50
29260, 1136.00, 19.48
29285, 1134.00, 19.45
29308, 1134.00, 19.45
29332, 1134.00, 19.45
29357, 1136.00, 19.48
29380, 1134.00, 19.45
29405, 1130.00, 19.38
29428, 1134.00, 19.45
29452, 1134.00, 19.45
29476, 1131.00, 19.40
29500, 1134.00, 19.45
29523, 1136.00, 19.48
29548, 1134.00, 19.45
29572, 1137.00, 19.50
29595, 1133.00, 19.43
29620, 1133.00, 19.43
29643, 1134.00, 19.45
29667, 1134.00, 19.45
29691, 1136.00, 19.48
29715, 1136.00, 19.48
29740, 1130.00, 19.38
29763, 1136.00, 19.48
29787, 1134.00, 19.45
29811, 1136.00, 19.48
29835, 1136.00, 19.48
29858, 1136.00, 19.48
29883, 1134.00, 19.45
29906, 1136.00, 19.48
29930, 1134.00, 19.45
29955, 1136.00, 19.48
29978, 1134.00, 19.45
30003, 1129.00, 19.36
30026, 1136.00, 19.48
30050, 1134.00, 19.45
30074, 1127.00, 19.33
30098, 1133.00, 19.43
30121, 1136.00, 19.48
30146, 1136.00, 19.48
30170, 1136.00, 19.48
30193, 1136.00, 19.48
30218, 1136.00, 19.48
30241, 1133.00, 19.43
30265, 1134.00, 19.45
30289, 1134.00, 19.45
30313, 1136.00, 19.48
30338, 1127.00, 19.33
30361, 1136.00, 19.48
30385, 1134.00, 19.45
30409, 1127.00, 19.33
30433, 1134.00, 19.45
30456, 1136.00, 19.48
30481, 1134.00, 19.45
30504, 1134.00, 19.45
30528, 1136.00, 19.48
30553, 1136.00, 19.48
30576, 1134.00, 19.45
30600, 1134.00, 19.45
30624, 1136.00, 19.48
30648, 1137.00, 19.50
30672, 1128.00, 19.35
30696, 1136.00, 19.48
30720, 1134.00, 19.45
30744, 1134.00, 19.45
30768, 1134.00, 19.45
30791, 1136.00, 19.48
30816, 1133.00, 19.43
30839, 1136.00, 19.48
30863, 1134.00, 19.45
30887, 1134.00, 19.45
30911, 1136.00, 19.48
30936, 1130.00, 19.38
30959, 1134.00, 19.45
30983, 1134.00, 19.45
31007, 1127.00, 19.33
31031, 1134.00, 19.45
31054, 1133.00, 19.43
31079, 1136.00, 19.48
31102, 1136.00, 19.48
31126, 1133.00, 19.43
31151, 1136.00, 19.48
31174, 1134.00, 19.45
31198, 1136.00, 19.48
31222, 1134.00, 19.45
31246, 1133.00, 19.43
31270, 1127.00, 19.33
31294, 1136.00, 19.48
31318, 1133.00, 19.43
31342, 1133.00, 19.43
31366, 1133.00, 19.43
31389, 1134.00, 19.45
31414, 1133.00, 19.43
31437, 1133.00, 19.43
31461, 1137.00, 19.50
31485, 1134.00, 19.45
31509, 1134.00, 19.45
31534, 1130.00, 19.38
31557, 1135.00, 19.47
31581, 1136.00, 19.48
31605, 1130.00, 19.38
31629, 1134.00, 19.45
31652, 1134.00, 19.45
31677, 1133.00, 19.43
31700, 1133.00, 19.43
31724, 1134.00, 19.45
31749, 1134.00, 19.45
31772, 1134.00, 19.45
31796, 1134.00, 19.45
31820, 1133.00, 19.43
31844, 1136.00, 19.48
31868, 1128.00, 19.35
31892, 1134.00, 19.45
31916, 1133.00, 19.43
31940, 1128.00, 19.35
31964, 1133.00, 19.43
31987, 1134.00, 19.45
32012, 1133.00, 19.43
32035, 1134.00, 19.45
32059, 1134.00, 19.45
32083, 1134.00, 19.45
32107, 1133.00, 19.43
32131, 1133.00, 19.43
32155, 1134.00, 19.45
32179, 1134.00, 19.45
32203, 1128.00, 19.35
32227, 1134.00, 19.45
32250, 1134.00, 19.45
32275, 1136.00, 19.48
32299, 1136.00, 19.48
32322, 1136.00, 19.48
32347, 1133.00, 19.43
32370, 1133.00, 19.43
32394, 1136.00, 19.48
32418, 1136.00, 19.48
32442, 1134.00, 19.45
32466, 1127.00, 19.33
32490, 1136.00, 19.48
32514, 1134.00, 19.45
32538, 1128.00, 19.35
32562, 1133.00, 19.43
32585, 1134.00, 19.45
32610, 1134.00, 19.45
32633, 1134.00, 19.45
32657, 1133.00, 19.43
32681, 1135.00, 19.47
32705, 1133.00, 19.43
32729, 1133.00, 19.43
32753, 1136.00, 19.48
32777, 1134.00, 19.45
32801, 1128.00, 19.35
32825, 1133.00, 19.43
32848, 1133.00, 19.43
32873, 1134.00, 19.45
32897, 1136.00, 19.48
32920, 1134.00, 19.45
32945, 1134.00, 19.45
32968, 1134.00, 19.45
32992, 1133.00, 19.43
33016, 1134.00, 19.45
33040, 1133.00, 19.43
33064, 1130.00, 19.38
33088, 1134.00, 19.45
33112, 1134.00, 19.45
33136, 1128.00, 19.35
33160, 1134.00, 19.45
33183, 1134.00, 19.45
33208, 1134.00, 19.45
33231, 1133.00, 19.43
33255, 1133.00, 19.43
33280, 1133.00, 19.43
33303, 1134.00, 19.45
33327, 1158.00, 19.86
33351, 1134.00, 19.45
33375, 1133.00, 19.43
33399, 1129.00, 19.36
33423, 1133.00, 19.43
33446, 1134.00, 19.45
33471, 1128.00, 19.35
33495, 1134.00, 19.45
33518, 1134.00, 19.45
33543, 1134.00, 19.45
33566, 1134.00, 19.45
33590, 1134.00, 19.45
33614, 1134.00, 19.45
33638, 1134.00, 19.45
33661, 1136.00, 19.48
33686, 1133.00, 19.43
33710, 1133.00, 19.43
33734, 1128.00, 19.35
33758, 1134.00, 19.45
33781, 1133.00, 19.43
33806, 1134.00, 19.45
33829, 1133.00, 19.43
33853, 1136.00, 19.48
33878, 1136.00, 19.48
33901, 1134.00, 19.45
33925, 1133.00, 19.43
33949, 1134.00, 19.45
33973, 1137.00, 19.50
33997, 1128.00, 19.35
34021, 1133.00, 19.43
34044, 1136.00, 19.48
34069, 1128.00, 19.35
34093, 1134.00, 19.45
34116, 1133.00, 19.43
34141, 1157.00, 19.84
34164, 1134.00, 19.45
34188, 1133.00, 19.43
34212, 1133.00, 19.43
34236, 1134.00, 19.45
34259, 1135.00, 19.47
34284, 1133.00, 19.43
34308, 1133.00, 19.43
34332, 1127.00, 19.33
34356, 1134.00, 19.45
34379, 1134.00, 19.45
34404, 1133.00, 19.43
34427, 1136.00, 19.48
34451, 1133.00, 19.43
34476, 1133.00, 19.43
34499, 1134.00, 19.45
34523, 1133.00, 19.43
34547, 1133.00, 19.43
34571, 1133.00, 19.43
34595, 1131.00, 19.40
34619, 1134.00, 19.45
34642, 1134.00, 19.45
34667, 1127.00, 19.33
34691, 1134.00, 19.45
34714, 1134.00, 19.45
34739, 1157.00, 19.84
34762, 1134.00, 19.45
34786, 1134.00, 19.45
34810, 1133.00, 19.43
34834, 1136.00, 19.48
34857, 1133.00, 19.43
34882, 1136.00, 19.48
34906, 1134.00, 19.45
34930, 1128.00, 19.35
34954, 1133.00, 19.43
34977, 1134.00, 19.45
35002, 1128.00, 19.35
35025, 1157.00, 19.84
35049, 1133.00, 19.43
35074, 1136.00, 19.48
35097, 1134.00, 19.45
35121, 1134.00, 19.45
35145, 1134.00, 19.45
35169, 1133.00, 19.43
35192, 1136.00, 19.48
35217, 1136.00, 19.48
35240, 1133.00, 19.43
35265, 1128.00, 19.35
35289, 1134.00, 19.45
35312, 1136.00, 19.48
35337, 1133.00, 19.43
35360, 1135.00, 19.47
35384, 1134.00, 19.45
35408, 1133.00, 19.43
35432, 1133.00, 19.43
35456, 1136.00, 19.48
35480, 1133.00, 19.43
35504, 1136.00, 19.48
35528, 1127.00, 19.33
35552, 1134.00, 19.45
35575, 1133.00, 19.43
35600, 1127.00, 19.33
35623, 1134.00, 19.45
35647, 1136.00, 19.48
35672, 1133.00, 19.43
35695, 1134.00, 19.45
35719, 1133.00, 19.43
35743, 1134.00, 19.45
35767, 1133.00, 19.43
35790, 1134.00, 19.45
35815, 1135.00, 19.47
35838, 1134.00, 19.45
35863, 1127.00, 19.33
35887, 1136.00, 19.48
35910, 1136.00, 19.48
35935, 1134.00, 19.45
35958, 1133.00, 19.43
35982, 1136.00, 19.48
36006, 1134.00, 19.45
36030, 1134.00, 19.45
36054, 1133.00, 19.43
36078, 1136.00, 19.48
36102, 1133.00, 19.43
36126, 1129.00, 19.36
36150, 1134.00, 19.45
36173, 1133.00, 19.43
36198, 1130.00, 19.38
36221, 1133.00, 19.43
36245, 1136.00, 19.48
36270, 1133.00, 19.43
36293, 1134.00, 19.45
36317, 1134.00, 19.45
36341, 1133.00, 19.43
36365, 1136.00, 19.48
36388, 1133.00, 19.43
36413, 1134.00, 19.45
36436, 1134.00, 19.45
36461, 1127.00, 19.33
36485, 1133.00, 19.43
36508, 1136.00, 19.48
36533, 1130.00, 19.38
36556, 1134.00, 19.45
36580, 1136.00, 19.48
36604, 1136.00, 19.48
36628, 1133.00, 19.43
36652, 1134.00, 19.45
36676, 1134.00, 19.45
36700, 1134.00, 19.45
36723, 1133.00, 19.43
36748, 1133.00, 19.43
36771, 1134.00, 19.45
36796, 1128.00, 19.35
36819, 1133.00, 19.43
36843, 1134.00, 19.45
36868, 1133.00, 19.43
36891, 1136.00, 19.48
36915, 1136.00, 19.48
36939, 1134.00, 19.45
36963, 1134.00, 19.45
36986, 1134.00, 19.45
37011, 1136.00, 19.48
37035, 1133.00, 19.43
37059, 1128.00, 19.35
37083, 1136.00, 19.48
37106, 1134.00, 19.45
37131, 1127.00, 19.33
37154, 1134.00, 19.45
37178, 1133.00, 19.43
37202, 1136.00, 19.48
37226, 1133.00, 19.43
37250, 1136.00, 19.48
37274, 1133.00, 19.43
37298, 1134.00, 19.45
37321, 1134.00, 19.45
37346, 1134.00, 19.45
37369, 1133.00, 19.43
37394, 1128.00, 19.35
37417, 1133.00, 19.43
37441, 1134.00, 19.45
37466, 1133.00, 19.43
37489, 1134.00, 19.45
37513, 1133.00, 19.43
37537, 1136.00, 19.48
37561, 1136.00, 19.48
37584, 1133.00, 19.43
37609, 1134.00, 19.45
37633, 1134.00, 19.45
37657, 1131.00, 19.40
37681, 1134.00, 19.45
37704, 1137.00, 19.50
37729, 1127.00, 19.33
37752, 1136.00, 19.48
37776, 1134.00, 19.45
37800, 1134.00, 19.45
37824, 1133.00, 19.43
37848, 1133.00, 19.43
37872, 1136.00, 19.48
37896, 1134.00, 19.45
37919, 1133.00, 19.43
37944, 1134.00, 19.45
37967, 1134.00, 19.45
37992, 1128.00, 19.35
38016, 1134.00, 19.45
38039, 1133.00, 19.43
38064, 1128.00, 19.35
38087, 1133.00, 19.43
38111, 1136.00, 19.48
38135, 1134.00, 19.45
38159, 1133.00, 19.43
38182, 1134.00, 19.45
38207, 1134.00, 19.45
38231, 1136.00, 19.48
38254, 1133.00, 19.43
38279, 1133.00, 19.43
38302, 1134.00, 19.45
38327, 1130.00, 19.38
38350, 1133.00, 19.43
38374, 1134.00, 19.45
38398, 1133.00, 19.43
38422, 1133.00, 19.43
38446, 1133.00, 19.43
38470, 1134.00, 19.45
38494, 1134.00, 19.45
38517, 1134.00, 19.45
38542, 1134.00, 19.45
38565, 1134.00, 19.45
38590, 1127.00, 19.33
38614, 1134.00, 19.45
38637, 1133.00, 19.43
38662, 1130.00, 19.38
38685, 1134.00, 19.45
38709, 1136.00, 19.48
38733, 1133.00, 19.43
38757, 1133.00, 19.43
38780, 1136.00, 19.48
38805, 1133.00, 19.43
38829, 1134.00, 19.45
38852, 1134.00, 19.45
38877, 1134.00, 19.45
38900, 1134.00, 19.45
38925, 1128.00, 19.35
38948, 1133.00, 19.43
38972, 1134.00, 19.45
38996, 1134.00, 19.45
39020, 1134.00, 19.45
39044, 1133.00, 19.43
39068, 1134.00, 19.45
39092, 1134.00, 19.45
39115, 1133.00, 19.43
39140, 1133.00, 19.43
39163, 1134.00, 19.45
39188, 1131.00, 19.40
39212, 1133.00, 19.43
39235, 1134.00, 19.45
39260, 1128.00, 19.35
39283, 1134.00, 19.45
39307, 1134.00, 19.45
39331, 1134.00, 19.45
39355, 1134.00, 19.45
39378, 1134.00, 19.45
39403, 1134.00, 19.45
39427, 1134.00, 19.45
39450, 1134.00, 19.45
39475, 1134.00, 19.45
39498, 1134.00, 19.45
39523, 1128.00, 19.35
39546, 1134.00, 19.45
39570, 1134.00, 19.45
39595, 1127.00, 19.33
39618, 1133.00, 19.43
39642, 1133.00, 19.43
39666, 1134.00, 19.45
39690, 1134.00, 19.45
39713, 1134.00, 19.45
39738, 1134.00, 19.45
39761, 1134.00, 19.45
39785, 1134.00, 19.45
39810, 1133.00, 19.43
39833, 1134.00, 19.45
39858, 1128.00, 19.35
39881, 1133.00, 19.43
39905, 1134.00, 19.45
39929, 1134.00, 19.45
39953, 1133.00, 19.43
39976, 1134.00, 19.45
40001, 1134.00, 19.45
40025, 1133.00, 19.43
40048, 1134.00, 19.45
40073, 1135.00, 19.47
40096, 1134.00, 19.45
40121, 1128.00, 19.35
40144, 1133.00, 19.43
40168, 1136.00, 19.48
40193, 1127.00, 19.33
40216, 1133.00, 19.43
40240, 1136.00, 19.48
40264, 1134.00, 19.45
40288, 1134.00, 19.45
40311, 1133.00, 19.43
40336, 1134.00, 19.45
40359, 1136.00, 19.48
40383, 1134.00, 19.45
40408, 1133.00, 19.43
40431, 1134.00, 19.45
40456, 1128.00, 19.35
40479, 1134.00, 19.45
40503, 1134.00, 19.45
40527, 1133.00, 19.43
40551, 1134.00, 19.45
40574, 1134.00, 19.45
40599, 1135.00, 19.47
40623, 1134.00, 19.45
40646, 1134.00, 19.45
40671, 1134.00, 19.45
40694, 1134.00, 19.45
40719, 1132.00, 19.41
40742, 1134.00, 19.45
40766, 1134.00, 19.45
40791, 1128.00, 19.35
40814, 1134.00, 19.45
40838, 1133.00, 19.43
40862, 1134.00, 19.45
40886, 1134.00, 19.45
40909, 1134.00, 19.45
40934, 1134.00, 19.45
40957, 1133.00, 19.43
40981, 1134.00, 19.45
41006, 1136.00, 19.48
41029, 1134.00, 19.45
41054, 1128.00, 19.35
41077, 1134.00, 19.45
41101, 1133.00, 19.43
41125, 1128.00, 19.35
41149, 1133.00, 19.43
41172, 1134.00, 19.45
41197, 1134.00, 19.45
41221, 1133.00, 19.43
41244, 1133.00, 19.43
41269, 1134.00, 19.45
41292, 1133.00, 19.43
41316, 1133.00, 19.43
41340, 1134.00, 19.45
41364, 1134.00, 19.45
41389, 1127.00, 19.33
41412, 1134.00, 19.45
41436, 1135.00, 19.47
41460, 1133.00, 19.43
41484, 1133.00, 19.43
41507, 1134.00, 19.45
41532, 1133.00, 19.43
41555, 1134.00, 19.45
41579, 1134.00, 19.45
41604, 1133.00, 19.43
41627, 1134.00, 19.45
41652, 1128.00, 19.35
41675, 1133.00, 19.43
41699, 1133.00, 19.43
41723, 1130.00, 19.38
41747, 1134.00, 19.45
41771, 1134.00, 19.45
41795, 1133.00, 19.43
41819, 1134.00, 19.45
41842, 1135.00, 19.47
41867, 1134.00, 19.45
41890, 1134.00, 19.45
41914, 1134.00, 19.45
41938, 1134.00, 19.45
41962, 1133.00, 19.43
41987, 1128.00, 19.35
42010, 1134.00, 19.45
42034, 1134.00, 19.45
42058, 1133.00, 19.43
42082, 1133.00, 19.43
42105, 1133.00, 19.43
42130, 1136.00, 19.48
42153, 1134.00, 19.45
42177, 1136.00, 19.48
42202, 1133.00, 19.43
42225, 1136.00, 19.48
42250, 1130.00, 19.38
42273, 1134.00, 19.45
42297, 1134.00, 19.45
42321, 1128.00, 19.35
42345, 1136.00, 19.48
42369, 1133.00, 19.43
42393, 1133.00, 19.43
42417, 1134.00, 19.45
42440, 1134.00, 19.45
42465, 1134.00, 19.45
42488, 1134.00, 19.45
42512, 1134.00, 19.45
42536, 1134.00, 19.45
42560, 1134.00, 19.45
42585, 1127.00, 19.33
42608, 1136.00, 19.48
42632, 1136.00, 19.48
42656, 1127.00, 19.33
42680, 1136.00, 19.48
42703, 1133.00, 19.43
42728, 1133.00, 19.43
42752, 1133.00, 19.43
42775, 1133.00, 19.43
42800, 1136.00, 19.48
42823, 1134.00, 19.45
42847, 1136.00, 19.48
42871, 1136.00, 19.48
42895, 1134.00, 19.45
42919, 1128.00, 19.35
42943, 1136.00, 19.48
42967, 1134.00, 19.45
42991, 1134.00, 19.45
43015, 1133.00, 19.43
43038, 1133.00, 19.43
43063, 1136.00, 19.48
43086, 1134.00, 19.45
43110, 1133.00, 19.43
43134, 1134.00, 19.45
43158, 1133.00, 19.43
43183, 1127.00, 19.33
43206, 1134.00, 19.45
43230, 1133.00, 19.43
43254, 1127.00, 19.33
43278, 1133.00, 19.43
43301, 1134.00, 19.45
43326, 1134.00, 19.45
43350, 1134.00, 19.45
43373, 1133.00, 19.43
43398, 1134.00, 19.45
43421, 1136.00, 19.48
43445, 1134.00, 19.45
43469, 1133.00, 19.43
43493, 1134.00, 19.45
43517, 1127.00, 19.33
43541, 1134.00, 19.45
43565, 1134.00, 19.45
43589, 1136.00, 19.48
43613, 1136.00, 19.48
43636, 1134.00, 19.45
43661, 1136.00, 19.48
43684, 1134.00, 19.45
43708, 1134.00, 19.45
43732, 1133.00, 19.43
43756, 1134.00, 19.45
43781, 1132.00, 19.41
43804, 1136.00, 19.48
43828, 1134.00, 19.45
43852, 1127.00, 19.33
43876, 1133.00, 19.43
43899, 1134.00, 19.45
43924, 1134.00, 19.45
43948, 1133.00, 19.43
43971, 1136.00, 19.48
43996, 1134.00, 19.45
44019, 1134.00, 19.45
44043, 1133.00, 19.43
44067, 1136.00, 19.48
44091, 1134.00, 19.45
44115, 1130.00, 19.38
44139, 1133.00, 19.43
44163, 1134.00, 19.45
44187, 1128.00, 19.35
44211, 1134.00, 19.45
44234, 1134.00, 19.45
44259, 1134.00, 19.45
44282, 1134.00, 19.45
44306, 1134.00, 19.45
44331, 1134.00, 19.45
44354, 1133.00, 19.43
44378, 1134.00, 19.45
44402, 1134.00, 19.45
44426, 1136.00, 19.48
44450, 1128.00, 19.35
44474, 1134.00, 19.45
44497, 1136.00, 19.48
44522, 1134.00, 19.45
44546, 1134.00, 19.45
44569, 1134.00, 19.45
44594, 1134.00, 19.45
44617, 1133.00, 19.43
44641, 1134.00, 19.45
44665, 1134.00, 19.45
44689, 1133.00, 19.43
44713, 1130.00, 19.38
44737, 1136.00, 19.48
44761, 1133.00, 19.43
44785, 1130.00, 19.38
44809, 1133.00, 19.43
44832, 1134.00, 19.45
44857, 1134.00, 19.45
44880, 1133.00, 19.43
44904, 1133.00, 19.43
44929, 1133.00, 19.43
44952, 1134.00, 19.45
44976, 1133.00, 19.43
45000, 1133.00, 19.43
45024, 1134.00, 19.45
45048, 1128.00, 19.35
45072, 1134.00, 19.45
45095, 1133.00, 19.43
45120, 1136.00, 19.48
45144, 1133.00, 19.43
45167, 1134.00, 19.45
45192, 1133.00, 19.43
45215, 1133.00, 19.43
45239, 1134.00, 19.45
45263, 1136.00, 19.48
45287, 1136.00, 19.48
45312, 1132.00, 19.41
45335, 1136.00, 19.48
45359, 1136.00, 19.48
45383, 1127.00, 19.33
45407, 1133.00, 19.43
45430, 1133.00, 19.43
45455, 1136.00, 19.48
45478, 1134.00, 19.45
45502, 1134.00, 19.45
45527, 1136.00, 19.48
45550, 1134.00, 19.45
45574, 1134.00, 19.45
45598, 1136.00, 19.48
45622, 1133.00, 19.43
45646, 1130.00, 19.38
45670, 1133.00, 19.43
45693, 1134.00, 19.45
45718, 1130.00, 19.38
45742, 1133.00, 19.43
45765, 1136.00, 19.48
45790, 1133.00, 19.43
45813, 1133.00, 19.43
45837, 1137.00, 19.50
45861, 1136.00, 19.48
45885, 1137.00, 19.50
45908, 1134.00, 19.45
45933, 1134.00, 19.45
45957, 1134.00, 19.45
45981, 1130.00, 19.38
46005, 1133.00, 19.43
46028, 1133.00, 19.43
46053, 1136.00, 19.48
46076, 1136.00, 19.48
46100, 1134.00, 19.45
46125, 1134.00, 19.45
46148, 1133.00, 19.43
46172, 1136.00, 19.48
46196, 1134.00, 19.45
46220, 1134.00, 19.45
46244, 1130.00, 19.38
46268, 1134.00, 19.45
46291, 1133.00, 19.43
46316, 1130.00, 19.38
46340, 1136.00, 19.48
46363, 1135.00, 19.47
46388, 1134.00, 19.45
46411, 1136.00, 19.48
46435, 1134.00, 19.45
46459, 1137.00, 19.50
46483, 1133.00, 19.43
46507, 1136.00, 19.48
46531, 1136.00, 19.48
46555, 1136.00, 19.48
46579, 1127.00, 19.33
46603, 1135.00, 19.47
46626, 1134.00, 19.45
46651, 1133.00, 19.43
46674, 1134.00, 19.45
46698, 1134.00, 19.45
46723, 1133.00, 19.43
46746, 1134.00, 19.45
46770, 1134.00, 19.45
46794, 1133.00, 19.43
46818, 1134.00, 19.45
46842, 1131.00, 19.40
46866, 1134.00, 19.45
46889, 1134.00, 19.45
46914, 1130.00, 19.38
46938, 1136.00, 19.48
46961, 1134.00, 19.45
46986, 1134.00, 19.45
47009, 1134.00, 19.45
47033, 1133.00, 19.43
47057, 1136.00, 19.48
47081, 1136.00, 19.48
47105, 1133.00, 19.43
47129, 1136.00, 19.48
47153, 1133.00, 19.43
47177, 1130.00, 19.38
47201, 1134.00, 19.45
47224, 1134.00, 19.45
47249, 1128.00, 19.35
47272, 1134.00, 19.45
47296, 1134.00, 19.45
47321, 1137.00, 19.50
47344, 1136.00, 19.48
47368, 1136.00, 19.48
47392, 1136.00, 19.48
47416, 1136.00, 19.48
47439, 1134.00, 19.45
47464, 1136.00, 19.48
47488, 1133.00, 19.43
47512, 1128.00, 19.35
47536, 1133.00, 19.43
47559, 1134.00, 19.45
47584, 1134.00, 19.45
47607, 1134.00, 19.45
47631, 1134.00, 19.45
47655, 1136.00, 19.48
47679, 1134.00, 19.45
47703, 1134.00, 19.45
47727, 1134.00, 19.45
47751, 1136.00, 19.48
47775, 1130.00, 19.38
47799, 1136.00, 19.48
47822, 1136.00, 19.48
47847, 1128.00, 19.35
47870, 1134.00, 19.45
47894, 1134.00, 19.45
47919, 1134.00, 19.45
47942, 1133.00, 19.43
47966, 1133.00, 19.43
47990, 1136.00, 19.48
48014, 1136.00, 19.48
48037, 1136.00, 19.48
48062, 1134.00, 19.45
48086, 1134.00, 19.45
48110, 1130.00, 19.38
48134, 1134.00, 19.45
48157, 1134.00, 19.45
48182, 1133.00, 19.43
48205, 1134.00, 19.45
48229, 1134.00, 19.45
48253, 1134.00, 19.45
48277, 1134.00, 19.45
48301, 1134.00, 19.45
48325, 1136.00, 19.48
48349, 1136.00, 19.48
48373, 1131.00, 19.40
48397, 1136.00, 19.48
48420, 1136.00, 19.48
48445, 1127.00, 19.33
48468, 1136.00, 19.48
48492, 1134.00, 19.45
48517, 1136.00, 19.48
48540, 1134.00, 19.45
48564, 1134.00, 19.45
48588, 1134.00, 19.45
48612, 1136.00, 19.48
48635, 1135.00, 19.47
48660, 1134.00, 19.45
48684, 1134.00, 19.45
48708, 1127.00, 19.33
48732, 1133.00, 19.43
48755, 1134.00, 19.45
48780, 1130.00, 19.38
48803, 1134.00, 19.45
48827, 1133.00, 19.43
48851, 1136.00, 19.48
48875, 1133.00, 19.43
48899, 1134.00, 19.45
48923, 1133.00, 19.43
48947, 1136.00, 19.48
48970, 1134.00, 19.45
48995, 1134.00, 19.45
49018, 1136.00, 19.48
49043, 1130.00, 19.38
49067, 1134.00, 19.45
49090, 1133.00, 19.43
49115, 1134.00, 19.45
49138, 1134.00, 19.45
49162, 1133.00, 19.43
49186, 1136.00, 19.48
49210, 1136.00, 19.48
49233, 1136.00, 19.48
49258, 1133.00, 19.43
49282, 1134.00, 19.45
49306, 1127.00, 19.33
49330, 1133.00, 19.43
49353, 1136.00, 19.48
49378, 1127.00, 19.33
49401, 1136.00, 19.48
49425, 1134.00, 19.45
49449, 1134.00, 19.45
49473, 1133.00, 19.43
49497, 1136.00, 19.48
49521, 1134.00, 19.45
49545, 1136.00, 19.48
49568, 1134.00, 19.45
49593, 1136.00, 19.48
49616, 1136.00, 19.48
49641, 1130.00, 19.38
49665, 1134.00, 19.45
49688, 1133.00, 19.43
49713, 1136.00, 19.48
49736, 1136.00, 19.48
49760, 1133.00, 19.43
49784, 1136.00, 19.48
49808, 1136.00, 19.48
49831, 1134.00, 19.45
49856, 1137.00, 19.50
49880, 1134.00, 19.45
49904, 1131.00, 19.40
49928, 1136.00, 19.48
49951, 1134.00, 19.45
49976, 1130.00, 19.38
49999, 1136.00, 19.48
50023, 1136.00, 19.48
50048, 1135.00, 19.47
50071, 1134.00, 19.45
50095, 1136.00, 19.48
50119, 1134.00, 19.45
50143, 1134.00, 19.45
50166, 1134.00, 19.45
50191, 1134.00, 19.45
50214, 1136.00, 19.48
50239, 1130.00, 19.38
50263, 1134.00, 19.45
50286, 1134.00, 19.45
50311, 1127.00, 19.33
50334, 1134.00, 19.45
50358, 1136.00, 19.48
50382, 1133.00, 19.43
50406, 1133.00, 19.43
50429, 1133.00, 19.43
50454, 1134.00, 19.45
50478, 1136.00, 19.48
50501, 1133.00, 19.43
50526, 1134.00, 19.45
50549, 1134.00, 19.45
50574, 1128.00, 19.35
50597, 1133.00, 19.43
50621, 1133.00, 19.43
50646, 1133.00, 19.43
50669, 1133.00, 19.43
50693, 1134.00, 19.45
50717, 1133.00, 19.43
50741, 1133.00, 19.43
50764, 1134.00, 19.45
50789, 1134.00, 19.45
50812, 1133.00, 19.43
50837, 1128.00, 19.35
50861, 1134.00, 19.45
50884, 1133.00, 19.43
50909, 1128.00, 19.35
50932, 1134.00, 19.45
50956, 1134.00, 19.45
50980, 1134.00, 19.45
51004, 1134.00, 19.45
51027, 1134.00, 19.45
51052, 1133.00, 19.43
51076, 1136.00, 19.48
51099, 1136.00, 19.48
51124, 1134.00, 19.45
51147, 1133.00, 19.43
51172, 1128.00, 19.35
51195, 1136.00, 19.48
51219, 1134.00, 19.45
51244, 1133.00, 19.43
51267, 1136.00, 19.48
51291, 1134.00, 19.45
51315, 1133.00, 19.43
51339, 1134.00, 19.45
51362, 1134.00, 19.45
51387, 1134.00, 19.45
51410, 1134.00, 19.45
51435, 1129.00, 19.36
51459, 1133.00, 19.43
51482, 1133.00, 19.43
51507, 1128.00, 19.35
51530, 1134.00, 19.45
51554, 1133.00, 19.43
51578, 1134.00, 19.45
51602, 1134.00, 19.45
51625, 1136.00, 19.48
51650, 1134.00, 19.45
51674, 1134.00, 19.45
51697, 1133.00, 19.43
51722, 1134.00, 19.45
51745, 1134.00, 19.45
51770, 1128.00, 19.35
51793, 1133.00, 19.43
51817, 1136.00, 19.48
51842, 1128.00, 19.35
51865, 1133.00, 19.43
51889, 1133.00, 19.43
51913, 1134.00, 19.45
51937, 1136.00, 19.48
51960, 1133.00, 19.43
51985, 1136.00, 19.48
52008, 1133.00, 19.43
52032, 1136.00, 19.48
52057, 1134.00, 19.45
52080, 1133.00, 19.43
52105, 1130.00, 19.38
52128, 1136.00, 19.48
52152, 1133.00, 19.43
52176, 1134.00, 19.45
52200, 1135.00, 19.47
52224, 1133.00, 19.43
52248, 1134.00, 19.45
52272, 1134.00, 19.45
52295, 1136.00, 19.48
52320, 1136.00, 19.48
52343, 1136.00, 19.48
52368, 1130.00, 19.38
52391, 1133.00, 19.43
52415, 1134.00, 19.45
52440, 1127.00, 19.33
52463, 1133.00, 19.43
52487, 1136.00, 19.48
52511, 1136.00, 19.48
52535, 1134.00, 19.45
52558, 1133.00, 19.43
52583, 1135.00, 19.47
52606, 1134.00, 19.45
52630, 1134.00, 19.45
52655, 1134.00, 19.45
52678, 1134.00, 19.45
52703, 1127.00, 19.33
52726, 1136.00, 19.48
52750, 1134.00, 19.45
52774, 1134.00, 19.45
52798, 1134.00, 19.45
52822, 1133.00, 19.43
52846, 1133.00, 19.43
52870, 1136.00, 19.48
52893, 1136.00, 19.48
52918, 1133.00, 19.43
52941, 1133.00, 19.43
52966, 1130.00, 19.38
52989, 1136.00, 19.48
53013, 1136.00, 19.48
53038, 1127.00, 19.33
53061, 1136.00, 19.48
53085, 1135.00, 19.47
53109, 1134.00, 19.45
53133, 1134.00, 19.45
53156, 1135.00, 19.47
53181, 1135.00, 19.47
53204, 1134.00, 19.45
53228, 1134.00, 19.45
53253, 1134.00, 19.45
53276, 1134.00, 19.45
53301, 1128.00, 19.35
53324, 1134.00, 19.45
53348, 1134.00, 19.45
53372, 1128.00, 19.35
53396, 1134.00, 19.45
53420, 1136.00, 19.48
53444, 1133.00, 19.43
53468, 1133.00, 19.43
53491, 1136.00, 19.48
53516, 1133.00, 19.43
53539, 1134.00, 19.45
53563, 1136.00, 19.48
53587, 1136.00, 19.48
53611, 1136.00, 19.48
53636, 1127.00, 19.33
53659, 1134.00, 19.45
53683, 1136.00, 19.48
53707, 1133.00, 19.43
53731, 1136.00, 19.48
53754, 1134.00, 19.45
53779, 1133.00, 19.43
53803, 1134.00, 19.45
53826, 1134.00, 19.45
53851, 1133.00, 19.43
53874, 1136.00, 19.48
53899, 1127.00, 19.33
53922, 1133.00, 19.43
53946, 1134.00, 19.45
53970, 1127.00, 19.33
53994, 1134.00, 19.45
54018, 1134.00, 19.45
54042, 1133.00, 19.43
54066, 1134.00, 19.45
54089, 1133.00, 19.43
54114, 1133.00, 19.43
54137, 1135.00, 19.47
54161, 1133.00, 19.43
54185, 1134.00, 19.45
54209, 1134.00, 19.45
54234, 1128.00, 19.35
54257, 1133.00, 19.43
54281, 1136.00, 19.48
54305, 1134.00, 19.45
54329, 1134.00, 19.45
54352, 1133.00, 19.43
54377, 1134.00, 19.45
54401, 1133.00, 19.43
54424, 1134.00, 19.45
54449, 1134.00, 19.45
54472, 1136.00, 19.48
54497, 1130.00, 19.38
54520, 1136.00, 19.48
54544, 1134.00, 19.45
54568, 1127.00, 19.33
54592, 1133.00, 19.43
54616, 1134.00, 19.45
54640, 1133.00, 19.43
54664, 1133.00, 19.43
54687, 1136.00, 19.48
54712, 1134.00, 19.45
54735, 1134.00, 19.45
54759, 1135.00, 19.47
54784, 1136.00, 19.48
54807, 1134.00, 19.45
54832, 1128.00, 19.35
54855, 1133.00, 19.43
54879, 1136.00, 19.48
54903, 1128.00, 19.35
54927, 1133.00, 19.43
54950, 1136.00, 19.48
54975, 1133.00, 19.43
54999, 1134.00, 19.45
55022, 1133.00, 19.43
55047, 1134.00, 19.45
55070, 1133.00, 19.43
55094, 1134.00, 19.45
55118, 1136.00, 19.48
55142, 1136.00, 19.48
55166, 1127.00, 19.33
55190, 1134.00, 19.45
55214, 1136.00, 19.48
55238, 1133.00, 19.43
55262, 1134.00, 19.45
55285, 1133.00, 19.43
55310, 1134.00, 19.45
55333, 1134.00, 19.45
55357, 1134.00, 19.45
55382, 1133.00, 19.43
55405, 1133.00, 19.43
55430, 1128.00, 19.35
55453, 1133.00, 19.43
55477, 1133.00, 19.43
55501, 1127.00, 19.33
55525, 1134.00, 19.45
55548, 1134.00, 19.45
55573, 1134.00, 19.45
55597, 1133.00, 19.43
55620, 1134.00, 19.45
55645, 1136.00, 19.48
55668, 1136.00, 19.48
55692, 1136.00, 19.48
55716, 1133.00, 19.43
55740, 1133.00, 19.43
55764, 1127.00, 19.33
55788, 1136.00, 19.48
55812, 1135.00, 19.47
55836, 1136.00, 19.48
55860, 1136.00, 19.48
55883, 1134.00, 19.45
55908, 1133.00, 19.43
55931, 1133.00, 19.43
55955, 1133.00, 19.43
55980, 1134.00, 19.45
56003, 1136.00, 19.48
56028, 1132.00, 19.41
56051, 1133.00, 19.43
56075, 1134.00, 19.45
56099, 1128.00, 19.35
56123, 1136.00, 19.48
56146, 1134.00, 19.45
56171, 1134.00, 19.45
56195, 1136.00, 19.48
56218, 1134.00, 19.45
56243, 1133.00, 19.43
56266, 1134.00, 19.45
56290, 1133.00, 19.43
56314, 1134.00, 19.45
56338, 1133.00, 19.43
56363, 1127.00, 19.33
56386, 1137.00, 19.50
56410, 1136.00, 19.48
56434, 1128.00, 19.35
56458, 1136.00, 19.48
56481, 1136.00, 19.48
56506, 1134.00, 19.45
56529, 1134.00, 19.45
56553, 1133.00, 19.43
56578, 1137.00, 19.50
56601, 1133.00, 19.43
56625, 1133.00, 19.43
56649, 1133.00, 19.43
56673, 1133.00, 19.43
56697, 1127.00, 19.33
56721, 1134.00, 19.45
56744, 1134.00, 19.45
56769, 1133.00, 19.43
56793, 1136.00, 19.48
56816, 1134.00, 19.45
56841, 1134.00, 19.45
56864, 1134.00, 19.45
56888, 1136.00, 19.48
56912, 1136.00, 19.48
56936, 1136.00, 19.48
56961, 1154.00, 19.79
56984, 1134.00, 19.45
57008, 1160.00, 19.89
57032, 1130.00, 19.38
57056, 1109.00, 19.02
57079, 1135.00, 19.47
57104, 1109.00, 19.02
57127, 1109.00, 19.02
57151, 1134.00, 19.45
57176, 1157.00, 19.84
57199, 1133.00, 19.43
57223, 1109.00, 19.02
57247, 1109.00, 19.02
57271, 1109.00, 19.02
57295, 1104.00, 18.93
57319, 1112.00, 19.07
57342, 1109.00, 19.02
57367, 1109.00, 19.02
57391, 1157.00, 19.84
57414, 1037.00, 17.78
57439, 1082.00, 18.56
57462, 1109.00, 19.02
57486, 589.00, 10.10
57508, 646.00, 11.08
57532, 736.00, 12.62
57554, 709.00, 12.16
57578, 1133.00, 19.43
57602, 1106.00, 18.97
57625, 850.00, 14.58
57649, 775.00, 13.29
57671, 700.00, 12.01
57694, 754.00, 12.93
57717, 1109.00, 19.02
57741, 1157.00, 19.84
57765, 1151.00, 19.74
57789, 757.00, 12.98
57811, 1085.00, 18.61
57836, 1110.00, 19.04
57860, 1110.00, 19.04
57883, 1110.00, 19.04
57907, 862.00, 14.78
57930, 781.00, 13.39
57953, 1134.00, 19.45
57977, 1136.00, 19.48
58001, 571.00, 9.79
58022, 528.00, 9.06
58044, 534.00, 9.16
58066, 528.00, 9.06
58088, 547.00, 9.38
58109, 580.00, 9.95
58132, 550.00, 9.43
58153, 601.00, 10.31
58176, 583.00, 10.00
58200, 604.00, 10.36
58222, 555.00, 9.52
58244, 616.00, 10.56
58267, 585.00, 10.03
58290, 561.00, 9.62
58311, 567.00, 9.72
58334, 561.00, 9.62
58355, 585.00, 10.03
58378, 616.00, 10.56
58401, 609.00, 10.44
58424, 610.00, 10.46
58446, 589.00, 10.10
58470, 582.00, 9.98
58491, 634.00, 10.87
58514, 664.00, 11.39
58537, 607.00, 10.41
58560, 606.00, 10.39
58583, 612.00, 10.50
58606, 606.00, 10.39
58629, 606.00, 10.39
58651, 613.00, 10.51
58675, 631.00, 10.82
58697, 636.00, 10.91
58721, 657.00, 11.27
58743, 754.00, 12.93
58767, 1133.00, 19.43
58790, 1134.00, 19.45
58814, 1134.00, 19.45
58839, 1112.00, 19.07
58862, 546.00, 9.36
58884, 550.00, 9.43
58905, 559.00, 9.59
58928, 558.00, 9.57
58949, 535.00, 9.18
58971, 527.00, 9.04
58993, 1112.00, 19.07
59017, 597.00, 10.24
59040, 1133.00, 19.43
59064, 1160.00, 19.89
59088, 1151.00, 19.74
59112, 1133.00, 19.43
59136, 1157.00, 19.84
59160, 1079.00, 18.50
59184, 1135.00, 19.47
59207, 1161.00, 19.91
59232, 1136.00, 19.48
59255, 1136.00, 19.48
59279, 1109.00, 19.02
59303, 1137.00, 19.50
59327, 1110.00, 19.04
59351, 1134.00, 19.45
59375, 1135.00, 19.47
59399, 1133.00, 19.43
59423, 1128.00, 19.35
59447, 1136.00, 19.48
59470, 1134.00, 19.45
59495, 1130.00, 19.38
59518, 1133.00, 19.43
59542, 1134.00, 19.45
59567, 1134.00, 19.45
59590, 1134.00, 19.45
59614, 1136.00, 19.48
59638, 1136.00, 19.48
59662, 1134.00, 19.45
59685, 1136.00, 19.48
59710, 1137.00, 19.50
59734, 1136.00, 19.48
59758, 1130.00, 19.38
59782, 1134.00, 19.45
59805, 1134.00, 19.45
59830, 1134.00, 19.45
59853, 1134.00, 19.45
59877, 1134.00, 19.45
59901, 1160.00, 19.89
59925, 1136.00, 19.48
59949, 1134.00, 19.45
59973, 1136.00, 19.48
59997, 1136.00, 19.48
60021, 1131.00, 19.40
60045, 1158.00, 19.86
60068, 1136.00, 19.48
60093, 1152.00, 19.76
60116, 1136.00, 19.48
60140, 1134.00, 19.45
60165, 1137.00, 19.50
60188, 1136.00, 19.48
60212, 1134.00, 19.45
60236, 1134.00, 19.45
60260, 1135.00, 19.47
60283, 1133.00, 19.43
60308, 1136.00, 19.48
60332, 1136.00, 19.48
60356, 1128.00, 19.35
60380, 1134.00, 19.45
60403, 1133.00, 19.43
60428, 1128.00, 19.35
60451, 1161.00, 19.91
60475, 1136.00, 19.48
60499, 1136.00, 19.48
60523, 1161.00, 19.91
60547, 1160.00, 19.89
60571, 1134.00, 19.45
60595, 1134.00, 19.45
60618, 1134.00, 19.45
60643, 1158.00, 19.86
60666, 1134.00, 19.45
60691, 1154.00, 19.79
60715, 1134.00, 19.45
60738, 1134.00, 19.45
60763, 1133.00, 19.43
60786, 1136.00, 19.48
60810, 1136.00, 19.48
60834, 1160.00, 19.89
60858, 1133.00, 19.43
60881, 1133.00, 19.43
60906, 1134.00, 19.45
60930, 1134.00, 19.45
60954, 1152.00, 19.76
60978, 1136.00, 19.48
61001, 1134.00, 19.45
61026, 1127.00, 19.33
61049, 1134.00, 19.45
61073, 1134.00, 19.45
61097, 1134.00, 19.45
61121, 1134.00, 19.45
61145, 1136.00, 19.48
61169, 1136.00, 19.48
61193, 1136.00, 19.48
61216, 1134.00, 19.45
61241, 1133.00, 19.43
61264, 1136.00, 19.48
61289, 1128.00, 19.35
61313, 1133.00, 19.43
61336, 1134.00, 19.45
61361, 1134.00, 19.45
61384, 1136.00, 19.48
61408, 1136.00, 19.48
61432, 1136.00, 19.48
61456, 1134.00, 19.45
61479, 1136.00, 19.48
61504, 1136.00, 19.48
61528, 1134.00, 19.45
61552, 1131.00, 19.40
61576, 1133.00, 19.43
61599, 1136.00, 19.48
61624, 1130.00, 19.38
61647, 1133.00, 19.43
61671, 1134.00, 19.45
61696, 1134.00, 19.45
61719, 1136.00, 19.48
61743, 1134.00, 19.45
61767, 1134.00, 19.45
61791, 1134.00, 19.45
61814, 1134.00, 19.45
61839, 1134.00, 19.45
61862, 1134.00, 19.45
61887, 1128.00, 19.35
61911, 1134.00, 19.45
61934, 1136.00, 19.48
61959, 1130.00, 19.38
61982, 1134.00, 19.45
62006, 1137.00, 19.50
62030, 1134.00, 19.45
62054, 1134.00, 19.45
62077, 1136.00, 19.48
62102, 1131.00, 19.40
62126, 1130.00, 19.38
62149, 1131.00, 19.40
62174, 1130.00, 19.38
62197, 1131.00, 19.40
62222, 1125.00, 19.29
62245, 1155.00, 19.81
62269, 1134.00, 19.45
62294, 1134.00, 19.45
62317, 1133.00, 19.43
62341, 1134.00, 19.45
62365, 1134.00, 19.45
62389, 1134.00, 19.45
62412, 1134.00, 19.45
62437, 1134.00, 19.45
62460, 1133.00, 19.43
62485, 1127.00, 19.33
62509, 1134.00, 19.45
62532, 1134.00, 19.45
62557, 1128.00, 19.35
62580, 1133.00, 19.43
62604, 1134.00, 19.45
62628, 1131.00, 19.40
62652, 1127.00, 19.33
62675, 1127.00, 19.33
62700, 1127.00, 19.33
62724, 1152.00, 19.76
62747, 1125.00, 19.29
62772, 1149.00, 19.71
62795, 1148.00, 19.69
62820, 1143.00, 19.60
62843, 1149.00, 19.71
62867, 1149.00, 19.71
62892, 1148.00, 19.69
62915, 1151.00, 19.74
62939, 1149.00, 19.71
62963, 1149.00, 19.71
62987, 1148.00, 19.69
63010, 1148.00, 19.69
63035, 1149.00, 19.71
63058, 1148.00, 19.69
63083, 1125.00, 19.29
63107, 1148.00, 19.69
63130, 1149.00, 19.71
63155, 1119.00, 19.19
63178, 1148.00, 19.69
63202, 1149.00, 19.71
63226, 1148.00, 19.69
63250, 1125.00, 19.29
63273, 1149.00, 19.71
63298, 1125.00, 19.29
63322, 1125.00, 19.29
63345, 1125.00, 19.29
63370, 1125.00, 19.29
63393, 1149.00, 19.71
63418, 1119.00, 19.19
63441, 1148.00, 19.69
63465, 1125.00, 19.29
63490, 1142.00, 19.59
63513, 1148.00, 19.69
63537, 1125.00, 19.29
63561, 1125.00, 19.29
63585, 1125.00, 19.29
63608, 1124.00, 19.28
63633, 1125.00, 19.29
63656, 1124.00, 19.28
63680, 1125.00, 19.29
63705, 1148.00, 19.69
63728, 1125.00, 19.29
63753, 1142.00, 19.59
63776, 1125.00, 19.29
63800, 1125.00, 19.29
63824, 1124.00, 19.28
63848, 1125.00, 19.29
63872, 1125.00, 19.29
63896, 1125.00, 19.29
63920, 1124.00, 19.28
63943, 1148.00, 19.69
63968, 1125.00, 19.29
63991, 1125.00, 19.29
64016, 1119.00, 19.19
64039, 1125.00, 19.29
64063, 1125.00, 19.29
64088, 1142.00, 19.59
64111, 1125.00, 19.29
64135, 1124.00, 19.28
64159, 1125.00, 19.29
64183, 1125.00, 19.29
64206, 1125.00, 19.29
64231, 1125.00, 19.29
64254, 1125.00, 19.29
64278, 1124.00, 19.28
64303, 1125.00, 19.29
64326, 1125.00, 19.29
64351, 1118.00, 19.17
64374, 1125.00, 19.29
64398, 1125.00, 19.29
64422, 1125.00, 19.29
64446, 1125.00, 19.29
64470, 1148.00, 19.69
64494, 1148.00, 19.69
64518, 1124.00, 19.28
64541, 1125.00, 19.29
64566, 1125.00, 19.29
64589, 1124.00, 19.28
64613, 1125.00, 19.29
64637, 1125.00, 19.29
64661, 1125.00, 19.29
64686, 1119.00, 19.19
64709, 1125.00, 19.29
64733, 1125.00, 19.29
64757, 1125.00, 19.29
64781, 1124.00, 19.28
64804, 1125.00, 19.29
64829, 1125.00, 19.29
64852, 1126.00, 19.31
64876, 1124.00, 19.28
64901, 1125.00, 19.29
64924, 1125.00, 19.29
64949, 1119.00, 19.19
64972, 1125.00, 19.29
64996, 1125.00, 19.29
65020, 1119.00, 19.19
65044, 1125.00, 19.29
65068, 1124.00, 19.28
65092, 1148.00, 19.69
65116, 1125.00, 19.29
65139, 1125.00, 19.29
65164, 1124.00, 19.28
65187, 1148.00, 19.69
65211, 1125.00, 19.29
65235, 1124.00, 19.28
65259, 1148.00, 19.69
65284, 1118.00, 19.17
65307, 1148.00, 19.69
65331, 1148.00, 19.69
65355, 1125.00, 19.29
65379, 1125.00, 19.29
65402, 1125.00, 19.29
65427, 1125.00, 19.29
65451, 1125.00, 19.29
65474, 1148.00, 19.69
65499, 1124.00, 19.28
65522, 1124.00, 19.28
65547, 1142.00, 19.59
65570, 1124.00, 19.28
65594, 1148.00, 19.69
65618, 1141.00, 19.57
65642, 1124.00, 19.28
65666, 1124.00, 19.28
65690, 1124.00, 19.28
65714, 1125.00, 19.29
65737, 1147.00, 19.67
65762, 1124.00, 19.28
65785, 1125.00, 19.29
65809, 1124.00, 19.28
65833, 1124.00, 19.28
65857, 1125.00, 19.29
65882, 1118.00, 19.17
65905, 1125.00, 19.29
65929, 1124.00, 19.28
65953, 1124.00, 19.28
65977, 1148.00, 19.69
66000, 1148.00, 19.69
66025, 1124.00, 19.28
66049, 1148.00, 19.69
66072, 1125.00, 19.29
66097, 1124.00, 19.28
66120, 1125.00, 19.29
66145, 1141.00, 19.57
66168, 1125.00, 19.29
66192, 1124.00, 19.28
66216, 1142.00, 19.59
66240, 1148.00, 19.69
66264, 1148.00, 19.69
66288, 1148.00, 19.69
66312, 1125.00, 19.29
66335, 1148.00, 19.69
66360, 1148.00, 19.69
66383, 1148.00, 19.69
66407, 1151.00, 19.74
66432, 1148.00, 19.69
66455, 1124.00, 19.28
66480, 1119.00, 19.19
66503, 1125.00, 19.29
66527, 1148.00, 19.69
66551, 1142.00, 19.59
66575, 1125.00, 19.29
66598, 1124.00, 19.28
66623, 1148.00, 19.69
66647, 1148.00, 19.69
66670, 1124.00, 19.28
66695, 1125.00, 19.29
66718, 1149.00, 19.71
66742, 1125.00, 19.29
66766, 1124.00, 19.28
66790, 1125.00, 19.29
66814, 1119.00, 19.19
66838, 1125.00, 19.29
66862, 1125.00, 19.29
66886, 1148.00, 19.69
66910, 1149.00, 19.71
66933, 1125.00, 19.29
66958, 1148.00, 19.69
66981, 1125.00, 19.29
67005, 1148.00, 19.69
67030, 1148.00, 19.69
67053, 1148.00, 19.69
67078, 1118.00, 19.17
67101, 1148.00, 19.69
67125, 1124.00, 19.28
67149, 1118.00, 19.17
67173, 1125.00, 19.29
67196, 1124.00, 19.28
67221, 1148.00, 19.69
67245, 1148.00, 19.69
67268, 1125.00, 19.29
67293, 1125.00, 19.29
67316, 1124.00, 19.28
67340, 1125.00, 19.29
67364, 1124.00, 19.28
67388, 1124.00, 19.28
67412, 1119.00, 19.19
67436, 1125.00, 19.29
67460, 1148.00, 19.69
67484, 1148.00, 19.69
67508, 1125.00, 19.29
67531, 1125.00, 19.29
67556, 1125.00, 19.29
67579, 1148.00, 19.69
67603, 1125.00, 19.29
67628, 1125.00, 19.29
67651, 1125.00, 19.29
67676, 1125.00, 19.29
67699, 1125.00, 19.29
67723, 1148.00, 19.69
67747, 1118.00, 19.17
67771, 1124.00, 19.28
67794, 1148.00, 19.69
67819, 1148.00, 19.69
67843, 1125.00, 19.29
67866, 1125.00, 19.29
67891, 1125.00, 19.29
67914, 1125.00, 19.29
67938, 1125.00, 19.29
67962, 1125.00, 19.29
67986, 1125.00, 19.29
68011, 1142.00, 19.59
68034, 1125.00, 19.29
68058, 1124.00, 19.28
68082, 1142.00, 19.59
68106, 1124.00, 19.28
68129, 1148.00, 19.69
68154, 1124.00, 19.28
68177, 1125.00, 19.29
68201, 1148.00, 19.69
68226, 1125.00, 19.29
68249, 1125.00, 19.29
68273, 1124.00, 19.28
68297, 1125.00, 19.29
68321, 1125.00, 19.29
68345, 1142.00, 19.59
68369, 1125.00, 19.29
68392, 1147.00, 19.67
68417, 1125.00, 19.29
68441, 1148.00, 19.69
68464, 1125.00, 19.29
68489, 1125.00, 19.29
68512, 1125.00, 19.29
68536, 1125.00, 19.29
68560, 1125.00, 19.29
68584, 1125.00, 19.29
68609, 1119.00, 19.19
68632, 1125.00, 19.29
68656, 1125.00, 19.29
68680, 1119.00, 19.19
68704, 1148.00, 19.69
68727, 1125.00, 19.29
68752, 1124.00, 19.28
68775, 1148.00, 19.69
68799, 1125.00, 19.29
68824, 1148.00, 19.69
68847, 1125.00, 19.29
68871, 1124.00, 19.28
68895, 1125.00, 19.29
68919, 1125.00, 19.29
68943, 1119.00, 19.19
68967, 1125.00, 19.29
68990, 1125.00, 19.29
69015, 1125.00, 19.29
69039, 1125.00, 19.29
69062, 1125.00, 19.29
69087, 1125.00, 19.29
69110, 1124.00, 19.28
69134, 1125.00, 19.29
69158, 1148.00, 19.69
69182, 1124.00, 19.28
69206, 1124.00, 19.28
69230, 1124.00, 19.28
69254, 1124.00, 19.28
69278, 1118.00, 19.17
69302, 1124.00, 19.28
69325, 1125.00, 19.29
69350, 1124.00, 19.28
69373, 1125.00, 19.29
69397, 1125.00, 19.29
69422, 1125.00, 19.29
69445, 1125.00, 19.29
69469, 1124.00, 19.28
69493, 1149.00, 19.71
69517, 1148.00, 19.69
69541, 1118.00, 19.17
69565, 1148.00, 19.69
69588, 1148.00, 19.69
69613, 1119.00, 19.19
69637, 1125.00, 19.29
69660, 1148.00, 19.69
69685, 1125.00, 19.29
69708, 1124.00, 19.28
69732, 1124.00, 19.28
69756, 1125.00, 19.29
69780, 1125.00, 19.29
69804, 1125.00, 19.29
69828, 1125.00, 19.29
69852, 1124.00, 19.28
69876, 1119.00, 19.19
69900, 1125.00, 19.29
69923, 1124.00, 19.28
69948, 1148.00, 19.69
69971, 1124.00, 19.28
69995, 1125.00, 19.29
70020, 1124.00, 19.28
70043, 1124.00, 19.28
70067, 1125.00, 19.29
70091, 1125.00, 19.29
70115, 1124.00, 19.28
70139, 1118.00, 19.17
70163, 1124.00, 19.28
70187, 1125.00, 19.29
70211, 1118.00, 19.17
70235, 1124.00, 19.28
70258, 1125.00, 19.29
70283, 1124.00, 19.28
70306, 1125.00, 19.29
70330, 1148.00, 19.69
70354, 1125.00, 19.29
70378, 1124.00, 19.28
70402, 1125.00, 19.29
70426, 1148.00, 19.69
70450, 1124.00, 19.28
70474, 1141.00, 19.57
70498, 1124.00, 19.28
70521, 1148.00, 19.69
70546, 1124.00, 19.28
70569, 1125.00, 19.29
70593, 1148.00, 19.69
70618, 1125.00, 19.29
70641, 1124.00, 19.28
70665, 1125.00, 19.29
70689, 1125.00, 19.29
70713, 1148.00, 19.69
70736, 1125.00, 19.29
70761, 1125.00, 19.29
70785, 1148.00, 19.69
70809, 1142.00, 19.59
70833, 1124.00, 19.28
70856, 1148.00, 19.69
70881, 1148.00, 19.69
70904, 1125.00, 19.29
70928, 1125.00, 19.29
70952, 1124.00, 19.28
70976, 1124.00, 19.28
71000, 1124.00, 19.28
71024, 1125.00, 19.29
71048, 1125.00, 19.29
71072, 1118.00, 19.17
71096, 1124.00, 19.28
71119, 1125.00, 19.29
71144, 1119.00, 19.19
71168, 1125.00, 19.29
71191, 1149.00, 19.71
71216, 1148.00, 19.69
71239, 1148.00, 19.69
71263, 1124.00, 19.28
71287, 1125.00, 19.29
71311, 1124.00, 19.28
71334, 1125.00, 19.29
71359, 1124.00, 19.28
71383, 1124.00, 19.28
71407, 1118.00, 19.17
71431, 1148.00, 19.69
71454, 1148.00, 19.69
71479, 1147.00, 19.67
71502, 1125.00, 19.29
71526, 1148.00, 19.69
71550, 1148.00, 19.69
71574, 1148.00, 19.69
71598, 1124.00, 19.28
71622, 1125.00, 19.29
71646, 1125.00, 19.29
71670, 1119.00, 19.19
71694, 1125.00, 19.29
71717, 1125.00, 19.29
71742, 1118.00, 19.17
71766, 1124.00, 19.28
71789, 1125.00, 19.29
71814, 1148.00, 19.69
71837, 1125.00, 19.29
71861, 1125.00, 19.29
71885, 1124.00, 19.28
71909, 1124.00, 19.28
71932, 1124.00, 19.28
71957, 1124.00, 19.28
71981, 1148.00, 19.69
72005, 1119.00, 19.19
72029, 1124.00, 19.28
72052, 1125.00, 19.29
72077, 1126.00, 19.31
72100, 1124.00, 19.28
72124, 1124.00, 19.28
72148, 1125.00, 19.29
72172, 1124.00, 19.28
72196, 1124.00, 19.28
72220, 1124.00, 19.28
72244, 1124.00, 19.28
72268, 1124.00, 19.28
72292, 1125.00, 19.29
72315, 1125.00, 19.29
72340, 1141.00, 19.57
72364, 1125.00, 19.29
72387, 1124.00, 19.28
72412, 1125.00, 19.29
72435, 1125.00, 19.29
72459, 1124.00, 19.28
72483, 1125.00, 19.29
72507, 1124.00, 19.28
72530, 1125.00, 19.29
72555, 1125.00, 19.29
72579, 1148.00, 19.69
72603, 1118.00, 19.17
72627, 1124.00, 19.28
72650, 1124.00, 19.28
72675, 1119.00, 19.19
72698, 1124.00, 19.28
72722, 1125.00, 19.29
72747, 1124.00, 19.28
72770, 1125.00, 19.29
72794, 1124.00, 19.28
72818, 1124.00, 19.28
72842, 1124.00, 19.28
72865, 1124.00, 19.28
72890, 1124.00, 19.28
72913, 1125.00, 19.29
72938, 1118.00, 19.17
72962, 1124.00, 19.28
72985, 1148.00, 19.69
73010, 1125.00, 19.29
73033, 1148.00, 19.69
73057, 1148.00, 19.69
73081, 1124.00, 19.28
73105, 1125.00, 19.29
73128, 1125.00, 19.29
73153, 1125.00, 19.29
73177, 1125.00, 19.29
73201, 1118.00, 19.17
73225, 1124.00, 19.28
73248, 1125.00, 19.29
73273, 1119.00, 19.19
73296, 1124.00, 19.28
73320, 1125.00, 19.29
73345, 1124.00, 19.28
73368, 1125.00, 19.29
73392, 1124.00, 19.28
73416, 1124.00, 19.28
73440, 1124.00, 19.28
73463, 1125.00, 19.29
73488, 1126.00, 19.31
73511, 1124.00, 19.28
73536, 1119.00, 19.19
73560, 1125.00, 19.29
73583, 1124.00, 19.28
73608, 1124.00, 19.28
73631, 1124.00, 19.28
73655, 1125.00, 19.29
73679, 1148.00, 19.69
73703, 1125.00, 19.29
73726, 1124.00, 19.28
73751, 1125.00, 19.29
73775, 1125.00, 19.29
73799, 1125.00, 19.29
73823, 1125.00, 19.29
73846, 1125.00, 19.29
73871, 1119.00, 19.19
73894, 1124.00, 19.28
73918, 1125.00, 19.29
73943, 1148.00, 19.69
73966, 1124.00, 19.28
73990, 1124.00, 19.28
74014, 1124.00, 19.28
74038, 1125.00, 19.29
74061, 1124.00, 19.28
74086, 1124.00, 19.28
74109, 1124.00, 19.28
74134, 1142.00, 19.59
74158, 1125.00, 19.29
74181, 1148.00, 19.69
74206, 1142.00, 19.59
74229, 1124.00, 19.28
74253, 1124.00, 19.28
74277, 1124.00, 19.28
74301, 1124.00, 19.28
74324, 1125.00, 19.29
74349, 1125.00, 19.29
74373, 1125.00, 19.29
74397, 1147.00, 19.67
74421, 1125.00, 19.29
74444, 1148.00, 19.69
74469, 1142.00, 19.59
74492, 1124.00, 19.28
74516, 1124.00, 19.28
74541, 1125.00, 19.29
74564, 1125.00, 19.29
74588, 1124.00, 19.28
74612, 1148.00, 19.69
74636, 1124.00, 19.28
74659, 1124.00, 19.28
74684, 1125.00, 19.29
74707, 1124.00, 19.28
74732, 1142.00, 19.59
74756, 1124.00, 19.28
74779, 1125.00, 19.29
74804, 1118.00, 19.17
74827, 1124.00, 19.28
74851, 1125.00, 19.29
74875, 1125.00, 19.29
74899, 1125.00, 19.29
74923, 1125.00, 19.29
74947, 1124.00, 19.28
74971, 1124.00, 19.28
74994, 1125.00, 19.29
75019, 1125.00, 19.29
75042, 1125.00, 19.29
75067, 1119.00, 19.19
75090, 1125.00, 19.29
75114, 1125.00, 19.29
75139, 1125.00, 19.29
75162, 1148.00, 19.69
75186, 1124.00, 19.28
75210, 1148.00, 19.69
75234, 1124.00, 19.28
75257, 1125.00, 19.29
75282, 1125.00, 19.29
75305, 1124.00, 19.28
75329, 1125.00, 19.29
75354, 1124.00, 19.28
75377, 1125.00, 19.29
75402, 1118.00, 19.17
75425, 1125.00, 19.29
75449, 1124.00, 19.28
75473, 1124.00, 19.28
75497, 1124.00, 19.28
75521, 1125.00, 19.29
75545, 1126.00, 19.31
75569, 1125.00, 19.29
75592, 1124.00, 19.28
75617, 1125.00, 19.29
75640, 1125.00, 19.29
75665, 1119.00, 19.19
75688, 1125.00, 19.29
75712, 1124.00, 19.28
75737, 1142.00, 19.59
75760, 1125.00, 19.29
75784, 1124.00, 19.28
75808, 1125.00, 19.29
75832, 1148.00, 19.69
75855, 1125.00, 19.29
75880, 1125.00, 19.29
75904, 1124.00, 19.28
75927, 1125.00, 19.29
75952, 1124.00, 19.28
75975, 1125.00, 19.29
76000, 1142.00, 19.59
76023, 1125.00, 19.29
76047, 1125.00, 19.29
76071, 1124.00, 19.28
76095, 1125.00, 19.29
76119, 1125.00, 19.29
76143, 1125.00, 19.29
76167, 1125.00, 19.29
76190, 1148.00, 19.69
76215, 1148.00, 19.69
76238, 1125.00, 19.29
76263, 1118.00, 19.17
76286, 1148.00, 19.69
76310, 1124.00, 19.28
76335, 1119.00, 19.19
76358, 1125.00, 19.29
76382, 1148.00, 19.69
76406, 1125.00, 19.29
76430, 1125.00, 19.29
76453, 1124.00, 19.28
76478, 1124.00, 19.28
76502, 1124.00, 19.28
76525, 1125.00, 19.29
76550, 1148.00, 19.69
76573, 1148.00, 19.69
76598, 1118.00, 19.17
76621, 1124.00, 19.28
76645, 1125.00, 19.29
76669, 1124.00, 19.28
76693, 1124.00, 19.28
76717, 1148.00, 19.69
76741, 1148.00, 19.69
76765, 1148.00, 19.69
76788, 1124.00, 19.28
76813, 1124.00, 19.28
76836, 1148.00, 19.69
76861, 1142.00, 19.59
76884, 1125.00, 19.29
76908, 1148.00, 19.69
76933, 1118.00, 19.17
76956, 1148.00, 19.69
76980, 1148.00, 19.69
77004, 1125.00, 19.29
77028, 1125.00, 19.29
77051, 1125.00, 19.29
77076, 1125.00, 19.29
77100, 1125.00, 19.29
77123, 1125.00, 19.29
77148, 1148.00, 19.69
77171, 1124.00, 19.28
77196, 1119.00, 19.19
77219, 1125.00, 19.29
77243, 1124.00, 19.28
77267, 1119.00, 19.19
77291, 1125.00, 19.29
77315, 1125.00, 19.29
77339, 1148.00, 19.69
77363, 1124.00, 19.28
77386, 1124.00, 19.28
77411, 1124.00, 19.28
77434, 1124.00, 19.28
77459, 1146.00, 19.65
77483, 1124.00, 19.28
77506, 1148.00, 19.69
77531, 1118.00, 19.17
77554, 1148.00, 19.69
77578, 1124.00, 19.28
77602, 1124.00, 19.28
77626, 1125.00, 19.29
77649, 1125.00, 19.29
77674, 1125.00, 19.29
77698, 1125.00, 19.29
77721, 1125.00, 19.29
77746, 1124.00, 19.28
77769, 1124.00, 19.28
77794, 1119.00, 19.19
77817, 1125.00, 19.29
77841, 1124.00, 19.28
77865, 1118.00, 19.17
77889, 1148.00, 19.69
77913, 1125.00, 19.29
77937, 1124.00, 19.28
77961, 1124.00, 19.28
77984, 1148.00, 19.69
78009, 1125.00, 19.29
78032, 1148.00, 19.69
78056, 1124.00, 19.28
78081, 1148.00, 19.69
78104, 1125.00, 19.29
78129, 1119.00, 19.19
78152, 1124.00, 19.28
78176, 1124.00, 19.28
78200, 1124.00, 19.28
78224, 1148.00, 19.69
78247, 1125.00, 19.29
78272, 1125.00, 19.29
78296, 1125.00, 19.29
78319, 1125.00, 19.29
78344, 1124.00, 19.28
78367, 1124.00, 19.28
78392, 1125.00, 19.29
78415, 1124.00, 19.28
78439, 1124.00, 19.28
78464, 1118.00, 19.17
78487, 1125.00, 19.29
78511, 1125.00, 19.29
78535, 1125.00, 19.29
78559, 1125.00, 19.29
78582, 1125.00, 19.29
78607, 1125.00, 19.29
78630, 1125.00, 19.29
78654, 1125.00, 19.29
78679, 1125.00, 19.29
78702, 1125.00, 19.29
78727, 1118.00, 19.17
78750, 1124.00, 19.28
78774, 1125.00, 19.29
78798, 1119.00, 19.19
78822, 1125.00, 19.29
78845, 1149.00, 19.71
78870, 1125.00, 19.29
78894, 1125.00, 19.29
78917, 1125.00, 19.29
78942, 1148.00, 19.69
78965, 1148.00, 19.69
78989, 1124.00, 19.28
79013, 1125.00, 19.29
79037, 1124.00, 19.28
79062, 1118.00, 19.17
79085, 1125.00, 19.29
79109, 1148.00, 19.69
79133, 1124.00, 19.28
79157, 1125.00, 19.29
79180, 1148.00, 19.69
79205, 1125.00, 19.29
79228, 1124.00, 19.28
79252, 1125.00, 19.29
79277, 1125.00, 19.29
79300, 1125.00, 19.29
79325, 1142.00, 19.59
79348, 1125.00, 19.29
79372, 1125.00, 19.29
79396, 1118.00, 19.17
79420, 1125.00, 19.29
79443, 1125.00, 19.29
79468, 1125.00, 19.29
79492, 1124.00, 19.28
79515, 1125.00, 19.29
79540, 1125.00, 19.29
79563, 1125.00, 19.29
79587, 1125.00, 19.29
79611, 1125.00, 19.29
79635, 1125.00, 19.29
79660, 1142.00, 19.59
79683, 1124.00, 19.28
79707, 1124.00, 19.28
79731, 1124.00, 19.28
79755, 1125.00, 19.29
79778, 1125.00, 19.29
79803, 1124.00, 19.28
79826, 1124.00, 19.28
79850, 1125.00, 19.29
79875, 1148.00, 19.69
79898, 1124.00, 19.28
79922, 1125.00, 19.29
79946, 1125.00, 19.29
79970, 1125.00, 19.29
79994, 1118.00, 19.17
80018, 1125.00, 19.29
80041, 1125.00, 19.29
80066, 1124.00, 19.28
80090, 1124.00, 19.28
80113, 1124.00, 19.28
80138, 1124.00, 19.28
80161, 1125.00, 19.29
80185, 1125.00, 19.29
80209, 1125.00, 19.29
80233, 1125.00, 19.29
80258, 1118.00, 19.17
80281, 1125.00, 19.29
80305, 1124.00, 19.28
80329, 1118.00, 19.17
80353, 1125.00, 19.29
80376, 1125.00, 19.29
80401, 1125.00, 19.29
80424, 1125.00, 19.29
80448, 1125.00, 19.29
80473, 1125.00, 19.29
80496, 1125.00, 19.29
80520, 1124.00, 19.28
80544, 1148.00, 19.69
80568, 1125.00, 19.29
80592, 1119.00, 19.19
80616, 1125.00, 19.29
80640, 1125.00, 19.29
80664, 1125.00, 19.29
80688, 1124.00, 19.28
80711, 1125.00, 19.29
80736, 1125.00, 19.29
80759, 1125.00, 19.29
80783, 1125.00, 19.29
80807, 1125.00, 19.29
80831, 1124.00, 19.28
80856, 1119.00, 19.19
80879, 1125.00, 19.29
80903, 1125.00, 19.29
80927, 1119.00, 19.19
80951, 1125.00, 19.29
80974, 1125.00, 19.29
80999, 1124.00, 19.28
81022, 1125.00, 19.29
81046, 1124.00, 19.28
81071, 1125.00, 19.29
81094, 1125.00, 19.29
81118, 1148.00, 19.69
81142, 1124.00, 19.28
81166, 1124.00, 19.28
81190, 1118.00, 19.17
81214, 1125.00, 19.29
81238, 1125.00, 19.29
81262, 1148.00, 19.69
81286, 1148.00, 19.69
81309, 1125.00, 19.29
81334, 1124.00, 19.28
81357, 1124.00, 19.28
81381, 1148.00, 19.69
81405, 1124.00, 19.28
81429, 1148.00, 19.69
81454, 1142.00, 19.59
81477, 1125.00, 19.29
81501, 1125.00, 19.29
81525, 1142.00, 19.59
81549, 1149.00, 19.71
81572, 1148.00, 19.69
81597, 1125.00, 19.29
81620, 1125.00, 19.29
81644, 1125.00, 19.29
81669, 1125.00, 19.29
81692, 1125.00, 19.29
81716, 1124.00, 19.28
81740, 1125.00, 19.29
81764, 1149.00, 19.71
81788, 1118.00, 19.17
81812, 1125.00, 19.29
81836, 1125.00, 19.29
81860, 1119.00, 19.19
81884, 1125.00, 19.29
81907, 1124.00, 19.28
81932, 1125.00, 19.29
81955, 1124.00, 19.28
81979, 1125.00, 19.29
82003, 1124.00, 19.28
82027, 1125.00, 19.29
82051, 1124.00, 19.28
82075, 1124.00, 19.28
82099, 1124.00, 19.28
82123, 1118.00, 19.17
82147, 1125.00, 19.29
82170, 1124.00, 19.28
82195, 1148.00, 19.69
82219, 1124.00, 19.28
82242, 1125.00, 19.29
82267, 1125.00, 19.29
82290, 1148.00, 19.69
82314, 1125.00, 19.29
82338, 1125.00, 19.29
82362, 1125.00, 19.29
82386, 1119.00, 19.19
82410, 1125.00, 19.29
82434, 1124.00, 19.28
82458, 1118.00, 19.17
82482, 1124.00, 19.28
82505, 1128.00, 19.35
82530, 1128.00, 19.35
82553, 1127.00, 19.33
82577, 1128.00, 19.35
82601, 1104.00, 18.93
82625, 1128.00, 19.35
82649, 1128.00, 19.35
82673, 1127.00, 19.33
82697, 1128.00, 19.35
82721, 1121.00, 19.23
82745, 1127.00, 19.33
82768, 1127.00, 19.33
82793, 1127.00, 19.33
82817, 1128.00, 19.35
82840, 1128.00, 19.35
82865, 1128.00, 19.35
82888, 1127.00, 19.33
82912, 1128.00, 19.35
82936, 1128.00, 19.35
82960, 1128.00, 19.35
82984, 1128.00, 19.35
83008, 1131.00, 19.40
83032, 1134.00, 19.45
83056, 1128.00, 19.35
83080, 1136.00, 19.48
83103, 1137.00, 19.50
83128, 1137.00, 19.50
83151, 1137.00, 19.50
83175, 1136.00, 19.48
83200, 1136.00, 19.48
83223, 1137.00, 19.50
83247, 1137.00, 19.50
83271, 1137.00, 19.50
83295, 1137.00, 19.50
83319, 1128.00, 19.35
83343, 1134.00, 19.45
83366, 1136.00, 19.48
83391, 1128.00, 19.35
83415, 1135.00, 19.47
83438, 1134.00, 19.45
83463, 1137.00, 19.50
83486, 1136.00, 19.48
83510, 1134.00, 19.45
83534, 1137.00, 19.50
83558, 1134.00, 19.45
83581, 1134.00, 19.45
83606, 1134.00, 19.45
83630, 1134.00, 19.45
83654, 1128.00, 19.35
83678, 1134.00, 19.45
83701, 1134.00, 19.45
83726, 1133.00, 19.43
83749, 1134.00, 19.45
83773, 1133.00, 19.43
83798, 1133.00, 19.43
83821, 1134.00, 19.45
83845, 1134.00, 19.45
83869, 1136.00, 19.48
83893, 1136.00, 19.48
83917, 1131.00, 19.40
83941, 1134.00, 19.45
83964, 1133.00, 19.43
83989, 1131.00, 19.40
84013, 1136.00, 19.48
84036, 1134.00, 19.45
84061, 1136.00, 19.48
84084, 1134.00, 19.45
84108, 1134.00, 19.45
84132, 1134.00, 19.45
84156, 1137.00, 19.50
84179, 1134.00, 19.45
84204, 1134.00, 19.45
84228, 1134.00, 19.45
84252, 1127.00, 19.33
84276, 1134.00, 19.45
84299, 1134.00, 19.45
84324, 1136.00, 19.48
84347, 1134.00, 19.45
84371, 1134.00, 19.45
84396, 1134.00, 19.45
84419, 1134.00, 19.45
84443, 1134.00, 19.45
84467, 1136.00, 19.48
84491, 1133.00, 19.43
84515, 1131.00, 19.40
84539, 1133.00, 19.43
84562, 1134.00, 19.45
84587, 1128.00, 19.35
84611, 1134.00, 19.45
84634, 1134.00, 19.45
84659, 1136.00, 19.48
84682, 1136.00, 19.48
84706, 1134.00, 19.45
84730, 1134.00, 19.45
84754, 1136.00, 19.48
84777, 1134.00, 19.45
84802, 1134.00, 19.45
84826, 1134.00, 19.45
84850, 1128.00, 19.35
84874, 1133.00, 19.43
84897, 1134.00, 19.45
84922, 1130.00, 19.38
84945, 1134.00, 19.45
84969, 1134.00, 19.45
84994, 1133.00, 19.43
85017, 1134.00, 19.45
85041, 1134.00, 19.45
85065, 1134.00, 19.45
85089, 1134.00, 19.45
85112, 1134.00, 19.45
85137, 1136.00, 19.48
85160, 1134.00, 19.45
85185, 1128.00, 19.35
85209, 1134.00, 19.45
85232, 1134.00, 19.45
85257, 1133.00, 19.43
85280, 1134.00, 19.45
85304, 1136.00, 19.48
85328, 1134.00, 19.45
85352, 1136.00, 19.48
85376, 1133.00, 19.43
85400, 1134.00, 19.45
85424, 1133.00, 19.43
85448, 1128.00, 19.35
85472, 1134.00, 19.45
85495, 1133.00, 19.43
85520, 1127.00, 19.33
85543, 1134.00, 19.45
85567, 1134.00, 19.45
85592, 1133.00, 19.43
85615, 1134.00, 19.45
85639, 1134.00, 19.45
85663, 1136.00, 19.48
85687, 1134.00, 19.45
85710, 1136.00, 19.48
85735, 1134.00, 19.45
85758, 1134.00, 19.45
85783, 1127.00, 19.33
85807, 1134.00, 19.45
85830, 1134.00, 19.45
85855, 1134.00, 19.45
85878, 1134.00, 19.45
85902, 1133.00, 19.43
85926, 1133.00, 19.43
85950, 1134.00, 19.45
85974, 1133.00, 19.43
85998, 1134.00, 19.45
86022, 1134.00, 19.45
86046, 1130.00, 19.38
86070, 1133.00, 19.43
86093, 1133.00, 19.43
86118, 1127.00, 19.33
86141, 1136.00, 19.48
86165, 1133.00, 19.43
86190, 1134.00, 19.45
86213, 1134.00, 19.45
86237, 1133.00,